{"C:\\Users\\houss\\OneDrive\\Bureau\\ynov\\CHY_PROJECT\\CHY_SERVER\\src\\index.js": {"path":"C:\\Users\\houss\\OneDrive\\Bureau\\ynov\\CHY_PROJECT\\CHY_SERVER\\src\\index.js","statementMap":{"0":{"start":{"line":2,"column":0},"end":{"line":2,"column":27}},"1":{"start":{"line":3,"column":16},"end":{"line":3,"column":34}},"2":{"start":{"line":4,"column":13},"end":{"line":4,"column":28}},"3":{"start":{"line":5,"column":16},"end":{"line":5,"column":42}},"4":{"start":{"line":6,"column":18},"end":{"line":6,"column":47}},"5":{"start":{"line":7,"column":15},"end":{"line":7,"column":32}},"6":{"start":{"line":8,"column":0},"end":{"line":8,"column":25}},"7":{"start":{"line":11,"column":12},"end":{"line":11,"column":21}},"8":{"start":{"line":14,"column":16},"end":{"line":17,"column":2}},"9":{"start":{"line":19,"column":0},"end":{"line":19,"column":17}},"10":{"start":{"line":21,"column":0},"end":{"line":21,"column":24}},"11":{"start":{"line":22,"column":0},"end":{"line":29,"column":2}},"12":{"start":{"line":30,"column":0},"end":{"line":36,"column":2}},"13":{"start":{"line":38,"column":0},"end":{"line":51,"column":2}},"14":{"start":{"line":55,"column":0},"end":{"line":55,"column":31}},"15":{"start":{"line":58,"column":13},"end":{"line":60,"column":2}},"16":{"start":{"line":59,"column":2},"end":{"line":59,"column":59}},"17":{"start":{"line":61,"column":0},"end":{"line":61,"column":23}}},"fnMap":{"0":{"name":"(anonymous_0)","decl":{"start":{"line":58,"column":42},"end":{"line":58,"column":43}},"loc":{"start":{"line":58,"column":48},"end":{"line":60,"column":1}},"line":58}},"branchMap":{},"s":{"0":1,"1":1,"2":1,"3":1,"4":1,"5":1,"6":1,"7":1,"8":1,"9":1,"10":1,"11":1,"12":1,"13":1,"14":1,"15":1,"16":1,"17":1},"f":{"0":1},"b":{},"_coverageSchema":"1a1c01bbd47fc00a2c39e90264f33305004495a9","hash":"69358fd002decb3288ece3ac444c171af8a1eda8"}
,"C:\\Users\\houss\\OneDrive\\Bureau\\ynov\\CHY_PROJECT\\CHY_SERVER\\src\\api\\index.js": {"path":"C:\\Users\\houss\\OneDrive\\Bureau\\ynov\\CHY_PROJECT\\CHY_SERVER\\src\\api\\index.js","statementMap":{"0":{"start":{"line":1,"column":12},"end":{"line":1,"column":32}},"1":{"start":{"line":2,"column":17},"end":{"line":2,"column":45}},"2":{"start":{"line":3,"column":19},"end":{"line":3,"column":49}},"3":{"start":{"line":4,"column":17},"end":{"line":4,"column":45}},"4":{"start":{"line":5,"column":15},"end":{"line":5,"column":41}},"5":{"start":{"line":6,"column":15},"end":{"line":6,"column":41}},"6":{"start":{"line":7,"column":21},"end":{"line":7,"column":53}},"7":{"start":{"line":8,"column":22},"end":{"line":8,"column":55}},"8":{"start":{"line":9,"column":18},"end":{"line":9,"column":47}},"9":{"start":{"line":10,"column":11},"end":{"line":10,"column":45}},"10":{"start":{"line":12,"column":0},"end":{"line":12,"column":31}},"11":{"start":{"line":13,"column":0},"end":{"line":13,"column":35}},"12":{"start":{"line":14,"column":0},"end":{"line":14,"column":31}},"13":{"start":{"line":15,"column":0},"end":{"line":15,"column":27}},"14":{"start":{"line":16,"column":0},"end":{"line":16,"column":27}},"15":{"start":{"line":17,"column":0},"end":{"line":17,"column":39}},"16":{"start":{"line":18,"column":0},"end":{"line":18,"column":40}},"17":{"start":{"line":19,"column":0},"end":{"line":19,"column":32}},"18":{"start":{"line":20,"column":0},"end":{"line":20,"column":22}},"19":{"start":{"line":22,"column":0},"end":{"line":22,"column":21}}},"fnMap":{},"branchMap":{},"s":{"0":1,"1":1,"2":1,"3":1,"4":1,"5":1,"6":1,"7":1,"8":1,"9":1,"10":1,"11":1,"12":1,"13":1,"14":1,"15":1,"16":1,"17":1,"18":1,"19":1},"f":{},"b":{},"_coverageSchema":"1a1c01bbd47fc00a2c39e90264f33305004495a9","hash":"553d91dfd4cdbad594f8c894143e475f60336b43"}
,"C:\\Users\\houss\\OneDrive\\Bureau\\ynov\\CHY_PROJECT\\CHY_SERVER\\src\\api\\accounts\\controllers\\index.js": {"path":"C:\\Users\\houss\\OneDrive\\Bureau\\ynov\\CHY_PROJECT\\CHY_SERVER\\src\\api\\accounts\\controllers\\index.js","statementMap":{"0":{"start":{"line":1,"column":59},"end":{"line":1,"column":102}},"1":{"start":{"line":2,"column":16},"end":{"line":2,"column":50}},"2":{"start":{"line":5,"column":0},"end":{"line":24,"column":2}},"3":{"start":{"line":6,"column":4},"end":{"line":23,"column":5}},"4":{"start":{"line":7,"column":25},"end":{"line":7,"column":56}},"5":{"start":{"line":8,"column":8},"end":{"line":14,"column":9}},"6":{"start":{"line":9,"column":12},"end":{"line":13,"column":15}},"7":{"start":{"line":15,"column":8},"end":{"line":15,"column":51}},"8":{"start":{"line":17,"column":8},"end":{"line":22,"column":11}},"9":{"start":{"line":27,"column":0},"end":{"line":46,"column":2}},"10":{"start":{"line":28,"column":4},"end":{"line":45,"column":5}},"11":{"start":{"line":29,"column":25},"end":{"line":29,"column":47}},"12":{"start":{"line":30,"column":8},"end":{"line":36,"column":9}},"13":{"start":{"line":31,"column":12},"end":{"line":35,"column":15}},"14":{"start":{"line":37,"column":8},"end":{"line":37,"column":51}},"15":{"start":{"line":39,"column":8},"end":{"line":44,"column":11}},"16":{"start":{"line":49,"column":0},"end":{"line":68,"column":2}},"17":{"start":{"line":50,"column":4},"end":{"line":67,"column":5}},"18":{"start":{"line":51,"column":25},"end":{"line":51,"column":74}},"19":{"start":{"line":52,"column":8},"end":{"line":58,"column":9}},"20":{"start":{"line":53,"column":12},"end":{"line":57,"column":15}},"21":{"start":{"line":59,"column":8},"end":{"line":59,"column":51}},"22":{"start":{"line":61,"column":8},"end":{"line":66,"column":11}},"23":{"start":{"line":71,"column":0},"end":{"line":90,"column":2}},"24":{"start":{"line":72,"column":4},"end":{"line":89,"column":5}},"25":{"start":{"line":73,"column":25},"end":{"line":73,"column":70}},"26":{"start":{"line":74,"column":8},"end":{"line":80,"column":9}},"27":{"start":{"line":75,"column":12},"end":{"line":79,"column":15}},"28":{"start":{"line":81,"column":8},"end":{"line":81,"column":51}},"29":{"start":{"line":83,"column":8},"end":{"line":88,"column":11}},"30":{"start":{"line":93,"column":0},"end":{"line":112,"column":2}},"31":{"start":{"line":94,"column":4},"end":{"line":111,"column":5}},"32":{"start":{"line":95,"column":25},"end":{"line":95,"column":64}},"33":{"start":{"line":96,"column":8},"end":{"line":102,"column":9}},"34":{"start":{"line":97,"column":12},"end":{"line":101,"column":15}},"35":{"start":{"line":103,"column":8},"end":{"line":103,"column":51}},"36":{"start":{"line":105,"column":8},"end":{"line":110,"column":11}}},"fnMap":{"0":{"name":"(anonymous_0)","decl":{"start":{"line":5,"column":17},"end":{"line":5,"column":18}},"loc":{"start":{"line":5,"column":37},"end":{"line":24,"column":1}},"line":5},"1":{"name":"(anonymous_1)","decl":{"start":{"line":27,"column":18},"end":{"line":27,"column":19}},"loc":{"start":{"line":27,"column":38},"end":{"line":46,"column":1}},"line":27},"2":{"name":"(anonymous_2)","decl":{"start":{"line":49,"column":20},"end":{"line":49,"column":21}},"loc":{"start":{"line":49,"column":40},"end":{"line":68,"column":1}},"line":49},"3":{"name":"(anonymous_3)","decl":{"start":{"line":71,"column":18},"end":{"line":71,"column":19}},"loc":{"start":{"line":71,"column":38},"end":{"line":90,"column":1}},"line":71},"4":{"name":"(anonymous_4)","decl":{"start":{"line":93,"column":17},"end":{"line":93,"column":18}},"loc":{"start":{"line":93,"column":37},"end":{"line":112,"column":1}},"line":93}},"branchMap":{"0":{"loc":{"start":{"line":8,"column":8},"end":{"line":14,"column":9}},"type":"if","locations":[{"start":{"line":8,"column":8},"end":{"line":14,"column":9}},{"start":{},"end":{}}],"line":8},"1":{"loc":{"start":{"line":12,"column":25},"end":{"line":12,"column":58}},"type":"binary-expr","locations":[{"start":{"line":12,"column":25},"end":{"line":12,"column":41}},{"start":{"line":12,"column":45},"end":{"line":12,"column":58}}],"line":12},"2":{"loc":{"start":{"line":21,"column":19},"end":{"line":21,"column":58}},"type":"binary-expr","locations":[{"start":{"line":21,"column":19},"end":{"line":21,"column":32}},{"start":{"line":21,"column":36},"end":{"line":21,"column":58}}],"line":21},"3":{"loc":{"start":{"line":30,"column":8},"end":{"line":36,"column":9}},"type":"if","locations":[{"start":{"line":30,"column":8},"end":{"line":36,"column":9}},{"start":{},"end":{}}],"line":30},"4":{"loc":{"start":{"line":34,"column":25},"end":{"line":34,"column":58}},"type":"binary-expr","locations":[{"start":{"line":34,"column":25},"end":{"line":34,"column":41}},{"start":{"line":34,"column":45},"end":{"line":34,"column":58}}],"line":34},"5":{"loc":{"start":{"line":43,"column":19},"end":{"line":43,"column":58}},"type":"binary-expr","locations":[{"start":{"line":43,"column":19},"end":{"line":43,"column":32}},{"start":{"line":43,"column":36},"end":{"line":43,"column":58}}],"line":43},"6":{"loc":{"start":{"line":52,"column":8},"end":{"line":58,"column":9}},"type":"if","locations":[{"start":{"line":52,"column":8},"end":{"line":58,"column":9}},{"start":{},"end":{}}],"line":52},"7":{"loc":{"start":{"line":56,"column":25},"end":{"line":56,"column":58}},"type":"binary-expr","locations":[{"start":{"line":56,"column":25},"end":{"line":56,"column":41}},{"start":{"line":56,"column":45},"end":{"line":56,"column":58}}],"line":56},"8":{"loc":{"start":{"line":65,"column":19},"end":{"line":65,"column":58}},"type":"binary-expr","locations":[{"start":{"line":65,"column":19},"end":{"line":65,"column":32}},{"start":{"line":65,"column":36},"end":{"line":65,"column":58}}],"line":65},"9":{"loc":{"start":{"line":74,"column":8},"end":{"line":80,"column":9}},"type":"if","locations":[{"start":{"line":74,"column":8},"end":{"line":80,"column":9}},{"start":{},"end":{}}],"line":74},"10":{"loc":{"start":{"line":78,"column":25},"end":{"line":78,"column":58}},"type":"binary-expr","locations":[{"start":{"line":78,"column":25},"end":{"line":78,"column":41}},{"start":{"line":78,"column":45},"end":{"line":78,"column":58}}],"line":78},"11":{"loc":{"start":{"line":87,"column":19},"end":{"line":87,"column":58}},"type":"binary-expr","locations":[{"start":{"line":87,"column":19},"end":{"line":87,"column":32}},{"start":{"line":87,"column":36},"end":{"line":87,"column":58}}],"line":87},"12":{"loc":{"start":{"line":96,"column":8},"end":{"line":102,"column":9}},"type":"if","locations":[{"start":{"line":96,"column":8},"end":{"line":102,"column":9}},{"start":{},"end":{}}],"line":96},"13":{"loc":{"start":{"line":100,"column":25},"end":{"line":100,"column":58}},"type":"binary-expr","locations":[{"start":{"line":100,"column":25},"end":{"line":100,"column":41}},{"start":{"line":100,"column":45},"end":{"line":100,"column":58}}],"line":100},"14":{"loc":{"start":{"line":109,"column":19},"end":{"line":109,"column":58}},"type":"binary-expr","locations":[{"start":{"line":109,"column":19},"end":{"line":109,"column":32}},{"start":{"line":109,"column":36},"end":{"line":109,"column":58}}],"line":109}},"s":{"0":1,"1":1,"2":1,"3":0,"4":0,"5":0,"6":0,"7":0,"8":0,"9":1,"10":0,"11":0,"12":0,"13":0,"14":0,"15":0,"16":1,"17":0,"18":0,"19":0,"20":0,"21":0,"22":0,"23":1,"24":0,"25":0,"26":0,"27":0,"28":0,"29":0,"30":1,"31":0,"32":0,"33":0,"34":0,"35":0,"36":0},"f":{"0":0,"1":0,"2":0,"3":0,"4":0},"b":{"0":[0,0],"1":[0,0],"2":[0,0],"3":[0,0],"4":[0,0],"5":[0,0],"6":[0,0],"7":[0,0],"8":[0,0],"9":[0,0],"10":[0,0],"11":[0,0],"12":[0,0],"13":[0,0],"14":[0,0]},"_coverageSchema":"1a1c01bbd47fc00a2c39e90264f33305004495a9","hash":"5dfab528a3d686d83db27365793214a84f625669"}
,"C:\\Users\\houss\\OneDrive\\Bureau\\ynov\\CHY_PROJECT\\CHY_SERVER\\src\\api\\accounts\\routes\\index.js": {"path":"C:\\Users\\houss\\OneDrive\\Bureau\\ynov\\CHY_PROJECT\\CHY_SERVER\\src\\api\\accounts\\routes\\index.js","statementMap":{"0":{"start":{"line":1,"column":15},"end":{"line":1,"column":42}},"1":{"start":{"line":2,"column":16},"end":{"line":2,"column":55}},"2":{"start":{"line":3,"column":56},"end":{"line":3,"column":81}},"3":{"start":{"line":6,"column":0},"end":{"line":6,"column":24}},"4":{"start":{"line":8,"column":0},"end":{"line":8,"column":24}},"5":{"start":{"line":10,"column":0},"end":{"line":10,"column":27}},"6":{"start":{"line":12,"column":0},"end":{"line":12,"column":29}},"7":{"start":{"line":14,"column":0},"end":{"line":14,"column":29}},"8":{"start":{"line":16,"column":0},"end":{"line":16,"column":24}}},"fnMap":{},"branchMap":{},"s":{"0":1,"1":1,"2":1,"3":1,"4":1,"5":1,"6":1,"7":1,"8":1},"f":{},"b":{},"_coverageSchema":"1a1c01bbd47fc00a2c39e90264f33305004495a9","hash":"5a6c158392439c8b751ed36dd7dacae1c3065f68"}
,"C:\\Users\\houss\\OneDrive\\Bureau\\ynov\\CHY_PROJECT\\CHY_SERVER\\src\\api\\authentication\\controllers\\index.js": {"path":"C:\\Users\\houss\\OneDrive\\Bureau\\ynov\\CHY_PROJECT\\CHY_SERVER\\src\\api\\authentication\\controllers\\index.js","statementMap":{"0":{"start":{"line":1,"column":16},"end":{"line":1,"column":34}},"1":{"start":{"line":2,"column":16},"end":{"line":2,"column":50}},"2":{"start":{"line":3,"column":15},"end":{"line":3,"column":32}},"3":{"start":{"line":4,"column":15},"end":{"line":4,"column":32}},"4":{"start":{"line":5,"column":12},"end":{"line":5,"column":35}},"5":{"start":{"line":6,"column":14},"end":{"line":6,"column":40}},"6":{"start":{"line":7,"column":39},"end":{"line":7,"column":82}},"7":{"start":{"line":8,"column":22},"end":{"line":8,"column":63}},"8":{"start":{"line":9,"column":0},"end":{"line":9,"column":27}},"9":{"start":{"line":11,"column":33},"end":{"line":14,"column":1}},"10":{"start":{"line":13,"column":2},"end":{"line":13,"column":53}},"11":{"start":{"line":16,"column":0},"end":{"line":68,"column":2}},"12":{"start":{"line":17,"column":57},"end":{"line":17,"column":65}},"13":{"start":{"line":18,"column":2},"end":{"line":67,"column":3}},"14":{"start":{"line":19,"column":4},"end":{"line":26,"column":5}},"15":{"start":{"line":20,"column":6},"end":{"line":25,"column":8}},"16":{"start":{"line":27,"column":25},"end":{"line":27,"column":58}},"17":{"start":{"line":28,"column":4},"end":{"line":52,"column":5}},"18":{"start":{"line":29,"column":6},"end":{"line":32,"column":9}},"19":{"start":{"line":34,"column":31},"end":{"line":34,"column":57}},"20":{"start":{"line":35,"column":29},"end":{"line":35,"column":60}},"21":{"start":{"line":36,"column":6},"end":{"line":41,"column":9}},"22":{"start":{"line":43,"column":29},"end":{"line":43,"column":85}},"23":{"start":{"line":44,"column":19},"end":{"line":44,"column":56}},"24":{"start":{"line":45,"column":22},"end":{"line":50,"column":13}},"25":{"start":{"line":51,"column":6},"end":{"line":51,"column":37}},"26":{"start":{"line":54,"column":4},"end":{"line":66,"column":5}},"27":{"start":{"line":56,"column":6},"end":{"line":59,"column":9}},"28":{"start":{"line":61,"column":6},"end":{"line":61,"column":25}},"29":{"start":{"line":62,"column":6},"end":{"line":65,"column":9}},"30":{"start":{"line":70,"column":0},"end":{"line":106,"column":2}},"31":{"start":{"line":71,"column":27},"end":{"line":71,"column":35}},"32":{"start":{"line":72,"column":2},"end":{"line":105,"column":3}},"33":{"start":{"line":73,"column":17},"end":{"line":73,"column":50}},"34":{"start":{"line":74,"column":4},"end":{"line":78,"column":5}},"35":{"start":{"line":75,"column":6},"end":{"line":77,"column":72}},"36":{"start":{"line":80,"column":26},"end":{"line":80,"column":76}},"37":{"start":{"line":82,"column":4},"end":{"line":86,"column":5}},"38":{"start":{"line":83,"column":6},"end":{"line":85,"column":72}},"39":{"start":{"line":88,"column":29},"end":{"line":88,"column":55}},"40":{"start":{"line":89,"column":4},"end":{"line":89,"column":105}},"41":{"start":{"line":91,"column":27},"end":{"line":91,"column":63}},"42":{"start":{"line":92,"column":17},"end":{"line":92,"column":54}},"43":{"start":{"line":93,"column":20},"end":{"line":98,"column":13}},"44":{"start":{"line":99,"column":6},"end":{"line":99,"column":37}},"45":{"start":{"line":101,"column":4},"end":{"line":101,"column":25}},"46":{"start":{"line":102,"column":4},"end":{"line":104,"column":66}},"47":{"start":{"line":108,"column":0},"end":{"line":124,"column":2}},"48":{"start":{"line":109,"column":20},"end":{"line":109,"column":28}},"49":{"start":{"line":111,"column":27},"end":{"line":111,"column":53}},"50":{"start":{"line":113,"column":2},"end":{"line":113,"column":76}},"51":{"start":{"line":115,"column":25},"end":{"line":115,"column":70}},"52":{"start":{"line":116,"column":15},"end":{"line":116,"column":55}},"53":{"start":{"line":117,"column":18},"end":{"line":122,"column":13}},"54":{"start":{"line":123,"column":6},"end":{"line":123,"column":37}},"55":{"start":{"line":125,"column":0},"end":{"line":146,"column":2}},"56":{"start":{"line":127,"column":2},"end":{"line":132,"column":3}},"57":{"start":{"line":128,"column":4},"end":{"line":131,"column":7}},"58":{"start":{"line":135,"column":2},"end":{"line":145,"column":5}},"59":{"start":{"line":136,"column":4},"end":{"line":139,"column":5}},"60":{"start":{"line":137,"column":6},"end":{"line":137,"column":25}},"61":{"start":{"line":138,"column":6},"end":{"line":138,"column":88}},"62":{"start":{"line":141,"column":4},"end":{"line":144,"column":7}}},"fnMap":{"0":{"name":"(anonymous_0)","decl":{"start":{"line":11,"column":33},"end":{"line":11,"column":34}},"loc":{"start":{"line":11,"column":39},"end":{"line":14,"column":1}},"line":11},"1":{"name":"(anonymous_1)","decl":{"start":{"line":16,"column":19},"end":{"line":16,"column":20}},"loc":{"start":{"line":16,"column":39},"end":{"line":68,"column":1}},"line":16},"2":{"name":"(anonymous_2)","decl":{"start":{"line":70,"column":16},"end":{"line":70,"column":17}},"loc":{"start":{"line":70,"column":36},"end":{"line":106,"column":1}},"line":70},"3":{"name":"(anonymous_3)","decl":{"start":{"line":108,"column":24},"end":{"line":108,"column":25}},"loc":{"start":{"line":108,"column":44},"end":{"line":124,"column":1}},"line":108},"4":{"name":"(anonymous_4)","decl":{"start":{"line":125,"column":17},"end":{"line":125,"column":18}},"loc":{"start":{"line":125,"column":31},"end":{"line":146,"column":1}},"line":125},"5":{"name":"(anonymous_5)","decl":{"start":{"line":135,"column":22},"end":{"line":135,"column":23}},"loc":{"start":{"line":135,"column":31},"end":{"line":145,"column":3}},"line":135}},"branchMap":{"0":{"loc":{"start":{"line":19,"column":4},"end":{"line":26,"column":5}},"type":"if","locations":[{"start":{"line":19,"column":4},"end":{"line":26,"column":5}},{"start":{},"end":{}}],"line":19},"1":{"loc":{"start":{"line":28,"column":4},"end":{"line":52,"column":5}},"type":"if","locations":[{"start":{"line":28,"column":4},"end":{"line":52,"column":5}},{"start":{"line":33,"column":11},"end":{"line":52,"column":5}}],"line":28},"2":{"loc":{"start":{"line":54,"column":4},"end":{"line":66,"column":5}},"type":"if","locations":[{"start":{"line":54,"column":4},"end":{"line":66,"column":5}},{"start":{"line":60,"column":11},"end":{"line":66,"column":5}}],"line":54},"3":{"loc":{"start":{"line":54,"column":8},"end":{"line":54,"column":55}},"type":"binary-expr","locations":[{"start":{"line":54,"column":8},"end":{"line":54,"column":33}},{"start":{"line":54,"column":37},"end":{"line":54,"column":55}}],"line":54},"4":{"loc":{"start":{"line":74,"column":4},"end":{"line":78,"column":5}},"type":"if","locations":[{"start":{"line":74,"column":4},"end":{"line":78,"column":5}},{"start":{},"end":{}}],"line":74},"5":{"loc":{"start":{"line":82,"column":4},"end":{"line":86,"column":5}},"type":"if","locations":[{"start":{"line":82,"column":4},"end":{"line":86,"column":5}},{"start":{},"end":{}}],"line":82},"6":{"loc":{"start":{"line":127,"column":2},"end":{"line":132,"column":3}},"type":"if","locations":[{"start":{"line":127,"column":2},"end":{"line":132,"column":3}},{"start":{},"end":{}}],"line":127},"7":{"loc":{"start":{"line":136,"column":4},"end":{"line":139,"column":5}},"type":"if","locations":[{"start":{"line":136,"column":4},"end":{"line":139,"column":5}},{"start":{},"end":{}}],"line":136}},"s":{"0":1,"1":1,"2":1,"3":1,"4":1,"5":1,"6":1,"7":1,"8":1,"9":1,"10":0,"11":1,"12":0,"13":0,"14":0,"15":0,"16":0,"17":0,"18":0,"19":0,"20":0,"21":0,"22":0,"23":0,"24":0,"25":0,"26":0,"27":0,"28":0,"29":0,"30":1,"31":0,"32":0,"33":0,"34":0,"35":0,"36":0,"37":0,"38":0,"39":0,"40":0,"41":0,"42":0,"43":0,"44":0,"45":0,"46":0,"47":1,"48":0,"49":0,"50":0,"51":0,"52":0,"53":0,"54":0,"55":1,"56":0,"57":0,"58":0,"59":0,"60":0,"61":0,"62":0},"f":{"0":0,"1":0,"2":0,"3":0,"4":0,"5":0},"b":{"0":[0,0],"1":[0,0],"2":[0,0],"3":[0,0],"4":[0,0],"5":[0,0],"6":[0,0],"7":[0,0]},"_coverageSchema":"1a1c01bbd47fc00a2c39e90264f33305004495a9","hash":"49be164d9860543d58abe88cceb9d590495ddbfb"}
,"C:\\Users\\houss\\OneDrive\\Bureau\\ynov\\CHY_PROJECT\\CHY_SERVER\\src\\api\\authentication\\middlewares\\validationDataLogin.js": {"path":"C:\\Users\\houss\\OneDrive\\Bureau\\ynov\\CHY_PROJECT\\CHY_SERVER\\src\\api\\authentication\\middlewares\\validationDataLogin.js","statementMap":{"0":{"start":{"line":1,"column":35},"end":{"line":1,"column":63}},"1":{"start":{"line":2,"column":12},"end":{"line":2,"column":26}},"2":{"start":{"line":4,"column":24},"end":{"line":19,"column":1}},"3":{"start":{"line":11,"column":32},"end":{"line":11,"column":42}},"4":{"start":{"line":18,"column":32},"end":{"line":18,"column":42}},"5":{"start":{"line":21,"column":36},"end":{"line":35,"column":1}},"6":{"start":{"line":22,"column":17},"end":{"line":22,"column":38}},"7":{"start":{"line":24,"column":2},"end":{"line":31,"column":3}},"8":{"start":{"line":25,"column":26},"end":{"line":28,"column":7}},"9":{"start":{"line":25,"column":57},"end":{"line":28,"column":5}},"10":{"start":{"line":30,"column":4},"end":{"line":30,"column":75}},"11":{"start":{"line":34,"column":2},"end":{"line":34,"column":9}},"12":{"start":{"line":37,"column":0},"end":{"line":37,"column":66}}},"fnMap":{"0":{"name":"(anonymous_0)","decl":{"start":{"line":11,"column":21},"end":{"line":11,"column":22}},"loc":{"start":{"line":11,"column":32},"end":{"line":11,"column":42}},"line":11},"1":{"name":"(anonymous_1)","decl":{"start":{"line":18,"column":21},"end":{"line":18,"column":22}},"loc":{"start":{"line":18,"column":32},"end":{"line":18,"column":42}},"line":18},"2":{"name":"(anonymous_2)","decl":{"start":{"line":21,"column":36},"end":{"line":21,"column":37}},"loc":{"start":{"line":21,"column":56},"end":{"line":35,"column":1}},"line":21},"3":{"name":"(anonymous_3)","decl":{"start":{"line":25,"column":45},"end":{"line":25,"column":46}},"loc":{"start":{"line":25,"column":57},"end":{"line":28,"column":5}},"line":25}},"branchMap":{"0":{"loc":{"start":{"line":24,"column":2},"end":{"line":31,"column":3}},"type":"if","locations":[{"start":{"line":24,"column":2},"end":{"line":31,"column":3}},{"start":{},"end":{}}],"line":24}},"s":{"0":1,"1":1,"2":1,"3":0,"4":0,"5":1,"6":0,"7":0,"8":0,"9":0,"10":0,"11":0,"12":1},"f":{"0":0,"1":0,"2":0,"3":0},"b":{"0":[0,0]},"_coverageSchema":"1a1c01bbd47fc00a2c39e90264f33305004495a9","hash":"d346524c046737fbc45e19e2b88969357902b44f"}
,"C:\\Users\\houss\\OneDrive\\Bureau\\ynov\\CHY_PROJECT\\CHY_SERVER\\src\\api\\authentication\\middlewares\\validationDataRegister.js": {"path":"C:\\Users\\houss\\OneDrive\\Bureau\\ynov\\CHY_PROJECT\\CHY_SERVER\\src\\api\\authentication\\middlewares\\validationDataRegister.js","statementMap":{"0":{"start":{"line":1,"column":35},"end":{"line":1,"column":63}},"1":{"start":{"line":3,"column":27},"end":{"line":20,"column":1}},"2":{"start":{"line":14,"column":6},"end":{"line":16,"column":7}},"3":{"start":{"line":15,"column":8},"end":{"line":15,"column":50}},"4":{"start":{"line":17,"column":6},"end":{"line":17,"column":18}},"5":{"start":{"line":22,"column":39},"end":{"line":35,"column":1}},"6":{"start":{"line":23,"column":17},"end":{"line":23,"column":38}},"7":{"start":{"line":25,"column":2},"end":{"line":31,"column":3}},"8":{"start":{"line":26,"column":26},"end":{"line":29,"column":7}},"9":{"start":{"line":26,"column":57},"end":{"line":29,"column":5}},"10":{"start":{"line":30,"column":4},"end":{"line":30,"column":75}},"11":{"start":{"line":34,"column":2},"end":{"line":34,"column":9}},"12":{"start":{"line":37,"column":0},"end":{"line":37,"column":72}}},"fnMap":{"0":{"name":"(anonymous_0)","decl":{"start":{"line":13,"column":12},"end":{"line":13,"column":13}},"loc":{"start":{"line":13,"column":32},"end":{"line":18,"column":5}},"line":13},"1":{"name":"(anonymous_1)","decl":{"start":{"line":22,"column":39},"end":{"line":22,"column":40}},"loc":{"start":{"line":22,"column":59},"end":{"line":35,"column":1}},"line":22},"2":{"name":"(anonymous_2)","decl":{"start":{"line":26,"column":45},"end":{"line":26,"column":46}},"loc":{"start":{"line":26,"column":57},"end":{"line":29,"column":5}},"line":26}},"branchMap":{"0":{"loc":{"start":{"line":14,"column":6},"end":{"line":16,"column":7}},"type":"if","locations":[{"start":{"line":14,"column":6},"end":{"line":16,"column":7}},{"start":{},"end":{}}],"line":14},"1":{"loc":{"start":{"line":25,"column":2},"end":{"line":31,"column":3}},"type":"if","locations":[{"start":{"line":25,"column":2},"end":{"line":31,"column":3}},{"start":{},"end":{}}],"line":25}},"s":{"0":1,"1":1,"2":1,"3":1,"4":0,"5":1,"6":1,"7":1,"8":1,"9":1,"10":1,"11":0,"12":1},"f":{"0":1,"1":1,"2":1},"b":{"0":[1,0],"1":[1,0]},"_coverageSchema":"1a1c01bbd47fc00a2c39e90264f33305004495a9","hash":"0aad9e6505565fafae3297600806830fdd0d5060"}
,"C:\\Users\\houss\\OneDrive\\Bureau\\ynov\\CHY_PROJECT\\CHY_SERVER\\src\\api\\authentication\\middlewares\\verifyForEmail.js": {"path":"C:\\Users\\houss\\OneDrive\\Bureau\\ynov\\CHY_PROJECT\\CHY_SERVER\\src\\api\\authentication\\middlewares\\verifyForEmail.js","statementMap":{"0":{"start":{"line":1,"column":16},"end":{"line":1,"column":50}},"1":{"start":{"line":2,"column":12},"end":{"line":2,"column":35}},"2":{"start":{"line":3,"column":16},"end":{"line":3,"column":42}},"3":{"start":{"line":5,"column":0},"end":{"line":51,"column":2}},"4":{"start":{"line":6,"column":19},"end":{"line":6,"column":27}},"5":{"start":{"line":8,"column":2},"end":{"line":50,"column":3}},"6":{"start":{"line":9,"column":17},"end":{"line":13,"column":5}},"7":{"start":{"line":15,"column":4},"end":{"line":20,"column":5}},"8":{"start":{"line":16,"column":6},"end":{"line":19,"column":9}},"9":{"start":{"line":22,"column":18},"end":{"line":32,"column":5}},"10":{"start":{"line":34,"column":4},"end":{"line":34,"column":34}},"11":{"start":{"line":35,"column":4},"end":{"line":35,"column":30}},"12":{"start":{"line":36,"column":4},"end":{"line":36,"column":32}},"13":{"start":{"line":37,"column":4},"end":{"line":37,"column":33}},"14":{"start":{"line":38,"column":4},"end":{"line":38,"column":29}},"15":{"start":{"line":39,"column":4},"end":{"line":43,"column":7}},"16":{"start":{"line":45,"column":4},"end":{"line":45,"column":25}},"17":{"start":{"line":46,"column":4},"end":{"line":49,"column":7}}},"fnMap":{"0":{"name":"(anonymous_0)","decl":{"start":{"line":5,"column":25},"end":{"line":5,"column":26}},"loc":{"start":{"line":5,"column":45},"end":{"line":51,"column":1}},"line":5}},"branchMap":{"0":{"loc":{"start":{"line":15,"column":4},"end":{"line":20,"column":5}},"type":"if","locations":[{"start":{"line":15,"column":4},"end":{"line":20,"column":5}},{"start":{},"end":{}}],"line":15}},"s":{"0":1,"1":1,"2":1,"3":1,"4":0,"5":0,"6":0,"7":0,"8":0,"9":0,"10":0,"11":0,"12":0,"13":0,"14":0,"15":0,"16":0,"17":0},"f":{"0":0},"b":{"0":[0,0]},"_coverageSchema":"1a1c01bbd47fc00a2c39e90264f33305004495a9","hash":"4748d1115e2036ea1e024358ab370e286de4f1ac"}
,"C:\\Users\\houss\\OneDrive\\Bureau\\ynov\\CHY_PROJECT\\CHY_SERVER\\src\\api\\authentication\\middlewares\\verifyForPassword.js": {"path":"C:\\Users\\houss\\OneDrive\\Bureau\\ynov\\CHY_PROJECT\\CHY_SERVER\\src\\api\\authentication\\middlewares\\verifyForPassword.js","statementMap":{"0":{"start":{"line":1,"column":16},"end":{"line":1,"column":50}},"1":{"start":{"line":2,"column":12},"end":{"line":2,"column":35}},"2":{"start":{"line":3,"column":0},"end":{"line":31,"column":1}},"3":{"start":{"line":4,"column":22},"end":{"line":4,"column":30}},"4":{"start":{"line":6,"column":2},"end":{"line":30,"column":3}},"5":{"start":{"line":7,"column":17},"end":{"line":7,"column":66}},"6":{"start":{"line":9,"column":4},"end":{"line":14,"column":5}},"7":{"start":{"line":10,"column":6},"end":{"line":13,"column":9}},"8":{"start":{"line":16,"column":4},"end":{"line":16,"column":27}},"9":{"start":{"line":17,"column":4},"end":{"line":17,"column":38}},"10":{"start":{"line":18,"column":4},"end":{"line":18,"column":22}},"11":{"start":{"line":19,"column":6},"end":{"line":22,"column":9}},"12":{"start":{"line":25,"column":4},"end":{"line":25,"column":25}},"13":{"start":{"line":26,"column":4},"end":{"line":29,"column":7}}},"fnMap":{"0":{"name":"(anonymous_0)","decl":{"start":{"line":3,"column":25},"end":{"line":3,"column":26}},"loc":{"start":{"line":3,"column":45},"end":{"line":31,"column":1}},"line":3}},"branchMap":{"0":{"loc":{"start":{"line":9,"column":4},"end":{"line":14,"column":5}},"type":"if","locations":[{"start":{"line":9,"column":4},"end":{"line":14,"column":5}},{"start":{},"end":{}}],"line":9}},"s":{"0":1,"1":1,"2":1,"3":0,"4":0,"5":0,"6":0,"7":0,"8":0,"9":0,"10":0,"11":0,"12":0,"13":0},"f":{"0":0},"b":{"0":[0,0]},"_coverageSchema":"1a1c01bbd47fc00a2c39e90264f33305004495a9","hash":"c83748d3b54a64d10f80cff45f18d8cdc1b0cdaf"}
,"C:\\Users\\houss\\OneDrive\\Bureau\\ynov\\CHY_PROJECT\\CHY_SERVER\\src\\api\\authentication\\routes\\index.js": {"path":"C:\\Users\\houss\\OneDrive\\Bureau\\ynov\\CHY_PROJECT\\CHY_SERVER\\src\\api\\authentication\\routes\\index.js","statementMap":{"0":{"start":{"line":1,"column":15},"end":{"line":1,"column":42}},"1":{"start":{"line":2,"column":35},"end":{"line":2,"column":60}},"2":{"start":{"line":3,"column":63},"end":{"line":3,"column":111}},"3":{"start":{"line":4,"column":57},"end":{"line":4,"column":102}},"4":{"start":{"line":5,"column":27},"end":{"line":5,"column":67}},"5":{"start":{"line":6,"column":27},"end":{"line":6,"column":58}},"6":{"start":{"line":7,"column":24},"end":{"line":7,"column":67}},"7":{"start":{"line":8,"column":28},"end":{"line":8,"column":74}},"8":{"start":{"line":9,"column":0},"end":{"line":9,"column":87}},"9":{"start":{"line":10,"column":0},"end":{"line":10,"column":75}},"10":{"start":{"line":11,"column":0},"end":{"line":11,"column":45}},"11":{"start":{"line":12,"column":0},"end":{"line":12,"column":38}},"12":{"start":{"line":13,"column":0},"end":{"line":13,"column":47}},"13":{"start":{"line":14,"column":0},"end":{"line":14,"column":45}},"14":{"start":{"line":15,"column":0},"end":{"line":15,"column":24}}},"fnMap":{},"branchMap":{},"s":{"0":1,"1":1,"2":1,"3":1,"4":1,"5":1,"6":1,"7":1,"8":1,"9":1,"10":1,"11":1,"12":1,"13":1,"14":1},"f":{},"b":{},"_coverageSchema":"1a1c01bbd47fc00a2c39e90264f33305004495a9","hash":"44d315e7d437da998c5c622b01528c34c9a3151b"}
,"C:\\Users\\houss\\OneDrive\\Bureau\\ynov\\CHY_PROJECT\\CHY_SERVER\\src\\api\\categories\\controllers\\index.js": {"path":"C:\\Users\\houss\\OneDrive\\Bureau\\ynov\\CHY_PROJECT\\CHY_SERVER\\src\\api\\categories\\controllers\\index.js","statementMap":{"0":{"start":{"line":1,"column":59},"end":{"line":1,"column":102}},"1":{"start":{"line":2,"column":17},"end":{"line":2,"column":52}},"2":{"start":{"line":5,"column":0},"end":{"line":24,"column":2}},"3":{"start":{"line":6,"column":4},"end":{"line":23,"column":5}},"4":{"start":{"line":7,"column":25},"end":{"line":7,"column":57}},"5":{"start":{"line":8,"column":8},"end":{"line":14,"column":9}},"6":{"start":{"line":9,"column":12},"end":{"line":13,"column":15}},"7":{"start":{"line":15,"column":8},"end":{"line":15,"column":51}},"8":{"start":{"line":17,"column":8},"end":{"line":22,"column":11}},"9":{"start":{"line":27,"column":0},"end":{"line":46,"column":2}},"10":{"start":{"line":28,"column":4},"end":{"line":45,"column":5}},"11":{"start":{"line":29,"column":27},"end":{"line":29,"column":50}},"12":{"start":{"line":30,"column":8},"end":{"line":36,"column":9}},"13":{"start":{"line":31,"column":12},"end":{"line":35,"column":15}},"14":{"start":{"line":37,"column":8},"end":{"line":37,"column":55}},"15":{"start":{"line":39,"column":8},"end":{"line":44,"column":11}},"16":{"start":{"line":49,"column":0},"end":{"line":68,"column":2}},"17":{"start":{"line":50,"column":4},"end":{"line":67,"column":5}},"18":{"start":{"line":51,"column":25},"end":{"line":51,"column":75}},"19":{"start":{"line":52,"column":8},"end":{"line":58,"column":9}},"20":{"start":{"line":53,"column":12},"end":{"line":57,"column":15}},"21":{"start":{"line":59,"column":8},"end":{"line":59,"column":51}},"22":{"start":{"line":61,"column":8},"end":{"line":66,"column":11}},"23":{"start":{"line":71,"column":0},"end":{"line":90,"column":2}},"24":{"start":{"line":72,"column":4},"end":{"line":89,"column":5}},"25":{"start":{"line":73,"column":25},"end":{"line":73,"column":71}},"26":{"start":{"line":74,"column":8},"end":{"line":80,"column":9}},"27":{"start":{"line":75,"column":12},"end":{"line":79,"column":15}},"28":{"start":{"line":81,"column":8},"end":{"line":81,"column":51}},"29":{"start":{"line":83,"column":8},"end":{"line":88,"column":11}},"30":{"start":{"line":93,"column":0},"end":{"line":112,"column":2}},"31":{"start":{"line":94,"column":4},"end":{"line":111,"column":5}},"32":{"start":{"line":95,"column":25},"end":{"line":95,"column":65}},"33":{"start":{"line":96,"column":8},"end":{"line":102,"column":9}},"34":{"start":{"line":97,"column":12},"end":{"line":101,"column":15}},"35":{"start":{"line":103,"column":8},"end":{"line":103,"column":51}},"36":{"start":{"line":105,"column":8},"end":{"line":110,"column":11}}},"fnMap":{"0":{"name":"(anonymous_0)","decl":{"start":{"line":5,"column":17},"end":{"line":5,"column":18}},"loc":{"start":{"line":5,"column":37},"end":{"line":24,"column":1}},"line":5},"1":{"name":"(anonymous_1)","decl":{"start":{"line":27,"column":18},"end":{"line":27,"column":19}},"loc":{"start":{"line":27,"column":38},"end":{"line":46,"column":1}},"line":27},"2":{"name":"(anonymous_2)","decl":{"start":{"line":49,"column":20},"end":{"line":49,"column":21}},"loc":{"start":{"line":49,"column":40},"end":{"line":68,"column":1}},"line":49},"3":{"name":"(anonymous_3)","decl":{"start":{"line":71,"column":18},"end":{"line":71,"column":19}},"loc":{"start":{"line":71,"column":38},"end":{"line":90,"column":1}},"line":71},"4":{"name":"(anonymous_4)","decl":{"start":{"line":93,"column":17},"end":{"line":93,"column":18}},"loc":{"start":{"line":93,"column":37},"end":{"line":112,"column":1}},"line":93}},"branchMap":{"0":{"loc":{"start":{"line":8,"column":8},"end":{"line":14,"column":9}},"type":"if","locations":[{"start":{"line":8,"column":8},"end":{"line":14,"column":9}},{"start":{},"end":{}}],"line":8},"1":{"loc":{"start":{"line":12,"column":25},"end":{"line":12,"column":58}},"type":"binary-expr","locations":[{"start":{"line":12,"column":25},"end":{"line":12,"column":41}},{"start":{"line":12,"column":45},"end":{"line":12,"column":58}}],"line":12},"2":{"loc":{"start":{"line":21,"column":19},"end":{"line":21,"column":58}},"type":"binary-expr","locations":[{"start":{"line":21,"column":19},"end":{"line":21,"column":32}},{"start":{"line":21,"column":36},"end":{"line":21,"column":58}}],"line":21},"3":{"loc":{"start":{"line":30,"column":8},"end":{"line":36,"column":9}},"type":"if","locations":[{"start":{"line":30,"column":8},"end":{"line":36,"column":9}},{"start":{},"end":{}}],"line":30},"4":{"loc":{"start":{"line":34,"column":25},"end":{"line":34,"column":60}},"type":"binary-expr","locations":[{"start":{"line":34,"column":25},"end":{"line":34,"column":43}},{"start":{"line":34,"column":47},"end":{"line":34,"column":60}}],"line":34},"5":{"loc":{"start":{"line":43,"column":19},"end":{"line":43,"column":58}},"type":"binary-expr","locations":[{"start":{"line":43,"column":19},"end":{"line":43,"column":32}},{"start":{"line":43,"column":36},"end":{"line":43,"column":58}}],"line":43},"6":{"loc":{"start":{"line":52,"column":8},"end":{"line":58,"column":9}},"type":"if","locations":[{"start":{"line":52,"column":8},"end":{"line":58,"column":9}},{"start":{},"end":{}}],"line":52},"7":{"loc":{"start":{"line":56,"column":25},"end":{"line":56,"column":58}},"type":"binary-expr","locations":[{"start":{"line":56,"column":25},"end":{"line":56,"column":41}},{"start":{"line":56,"column":45},"end":{"line":56,"column":58}}],"line":56},"8":{"loc":{"start":{"line":65,"column":19},"end":{"line":65,"column":58}},"type":"binary-expr","locations":[{"start":{"line":65,"column":19},"end":{"line":65,"column":32}},{"start":{"line":65,"column":36},"end":{"line":65,"column":58}}],"line":65},"9":{"loc":{"start":{"line":74,"column":8},"end":{"line":80,"column":9}},"type":"if","locations":[{"start":{"line":74,"column":8},"end":{"line":80,"column":9}},{"start":{},"end":{}}],"line":74},"10":{"loc":{"start":{"line":78,"column":25},"end":{"line":78,"column":58}},"type":"binary-expr","locations":[{"start":{"line":78,"column":25},"end":{"line":78,"column":41}},{"start":{"line":78,"column":45},"end":{"line":78,"column":58}}],"line":78},"11":{"loc":{"start":{"line":87,"column":19},"end":{"line":87,"column":58}},"type":"binary-expr","locations":[{"start":{"line":87,"column":19},"end":{"line":87,"column":32}},{"start":{"line":87,"column":36},"end":{"line":87,"column":58}}],"line":87},"12":{"loc":{"start":{"line":96,"column":8},"end":{"line":102,"column":9}},"type":"if","locations":[{"start":{"line":96,"column":8},"end":{"line":102,"column":9}},{"start":{},"end":{}}],"line":96},"13":{"loc":{"start":{"line":100,"column":25},"end":{"line":100,"column":58}},"type":"binary-expr","locations":[{"start":{"line":100,"column":25},"end":{"line":100,"column":41}},{"start":{"line":100,"column":45},"end":{"line":100,"column":58}}],"line":100},"14":{"loc":{"start":{"line":109,"column":19},"end":{"line":109,"column":58}},"type":"binary-expr","locations":[{"start":{"line":109,"column":19},"end":{"line":109,"column":32}},{"start":{"line":109,"column":36},"end":{"line":109,"column":58}}],"line":109}},"s":{"0":1,"1":1,"2":1,"3":0,"4":0,"5":0,"6":0,"7":0,"8":0,"9":1,"10":0,"11":0,"12":0,"13":0,"14":0,"15":0,"16":1,"17":0,"18":0,"19":0,"20":0,"21":0,"22":0,"23":1,"24":0,"25":0,"26":0,"27":0,"28":0,"29":0,"30":1,"31":0,"32":0,"33":0,"34":0,"35":0,"36":0},"f":{"0":0,"1":0,"2":0,"3":0,"4":0},"b":{"0":[0,0],"1":[0,0],"2":[0,0],"3":[0,0],"4":[0,0],"5":[0,0],"6":[0,0],"7":[0,0],"8":[0,0],"9":[0,0],"10":[0,0],"11":[0,0],"12":[0,0],"13":[0,0],"14":[0,0]},"_coverageSchema":"1a1c01bbd47fc00a2c39e90264f33305004495a9","hash":"a82d3664d245c10e1d42745e047bd0a61d0cd717"}
,"C:\\Users\\houss\\OneDrive\\Bureau\\ynov\\CHY_PROJECT\\CHY_SERVER\\src\\api\\categories\\routes\\index.js": {"path":"C:\\Users\\houss\\OneDrive\\Bureau\\ynov\\CHY_PROJECT\\CHY_SERVER\\src\\api\\categories\\routes\\index.js","statementMap":{"0":{"start":{"line":1,"column":15},"end":{"line":1,"column":42}},"1":{"start":{"line":2,"column":56},"end":{"line":2,"column":81}},"2":{"start":{"line":5,"column":0},"end":{"line":5,"column":24}},"3":{"start":{"line":7,"column":0},"end":{"line":7,"column":24}},"4":{"start":{"line":9,"column":0},"end":{"line":9,"column":27}},"5":{"start":{"line":11,"column":0},"end":{"line":11,"column":29}},"6":{"start":{"line":13,"column":0},"end":{"line":13,"column":29}},"7":{"start":{"line":15,"column":0},"end":{"line":15,"column":24}}},"fnMap":{},"branchMap":{},"s":{"0":1,"1":1,"2":1,"3":1,"4":1,"5":1,"6":1,"7":1},"f":{},"b":{},"_coverageSchema":"1a1c01bbd47fc00a2c39e90264f33305004495a9","hash":"c949211b4b9d9fefe09480f6beecf57c5a3f017a"}
,"C:\\Users\\houss\\OneDrive\\Bureau\\ynov\\CHY_PROJECT\\CHY_SERVER\\src\\api\\notifications\\controllers\\index.js": {"path":"C:\\Users\\houss\\OneDrive\\Bureau\\ynov\\CHY_PROJECT\\CHY_SERVER\\src\\api\\notifications\\controllers\\index.js","statementMap":{"0":{"start":{"line":1,"column":59},"end":{"line":1,"column":102}},"1":{"start":{"line":2,"column":21},"end":{"line":2,"column":60}},"2":{"start":{"line":5,"column":23},"end":{"line":14,"column":1}},"3":{"start":{"line":6,"column":4},"end":{"line":12,"column":5}},"4":{"start":{"line":7,"column":8},"end":{"line":11,"column":11}},"5":{"start":{"line":13,"column":4},"end":{"line":13,"column":47}},"6":{"start":{"line":17,"column":0},"end":{"line":29,"column":2}},"7":{"start":{"line":18,"column":4},"end":{"line":28,"column":5}},"8":{"start":{"line":19,"column":25},"end":{"line":19,"column":61}},"9":{"start":{"line":20,"column":8},"end":{"line":20,"column":38}},"10":{"start":{"line":22,"column":8},"end":{"line":27,"column":11}},"11":{"start":{"line":32,"column":0},"end":{"line":44,"column":2}},"12":{"start":{"line":33,"column":4},"end":{"line":43,"column":5}},"13":{"start":{"line":34,"column":30},"end":{"line":34,"column":57}},"14":{"start":{"line":35,"column":8},"end":{"line":35,"column":43}},"15":{"start":{"line":37,"column":8},"end":{"line":42,"column":11}},"16":{"start":{"line":47,"column":0},"end":{"line":59,"column":2}},"17":{"start":{"line":48,"column":4},"end":{"line":58,"column":5}},"18":{"start":{"line":49,"column":25},"end":{"line":49,"column":79}},"19":{"start":{"line":50,"column":8},"end":{"line":50,"column":38}},"20":{"start":{"line":52,"column":8},"end":{"line":57,"column":11}},"21":{"start":{"line":62,"column":0},"end":{"line":74,"column":2}},"22":{"start":{"line":63,"column":4},"end":{"line":73,"column":5}},"23":{"start":{"line":64,"column":25},"end":{"line":64,"column":67}},"24":{"start":{"line":65,"column":8},"end":{"line":65,"column":38}},"25":{"start":{"line":67,"column":8},"end":{"line":72,"column":11}},"26":{"start":{"line":77,"column":0},"end":{"line":89,"column":2}},"27":{"start":{"line":78,"column":4},"end":{"line":88,"column":5}},"28":{"start":{"line":79,"column":25},"end":{"line":79,"column":69}},"29":{"start":{"line":80,"column":8},"end":{"line":80,"column":38}},"30":{"start":{"line":82,"column":8},"end":{"line":87,"column":11}}},"fnMap":{"0":{"name":"(anonymous_0)","decl":{"start":{"line":5,"column":23},"end":{"line":5,"column":24}},"loc":{"start":{"line":5,"column":42},"end":{"line":14,"column":1}},"line":5},"1":{"name":"(anonymous_1)","decl":{"start":{"line":17,"column":17},"end":{"line":17,"column":18}},"loc":{"start":{"line":17,"column":37},"end":{"line":29,"column":1}},"line":17},"2":{"name":"(anonymous_2)","decl":{"start":{"line":32,"column":18},"end":{"line":32,"column":19}},"loc":{"start":{"line":32,"column":38},"end":{"line":44,"column":1}},"line":32},"3":{"name":"(anonymous_3)","decl":{"start":{"line":47,"column":17},"end":{"line":47,"column":18}},"loc":{"start":{"line":47,"column":37},"end":{"line":59,"column":1}},"line":47},"4":{"name":"(anonymous_4)","decl":{"start":{"line":62,"column":18},"end":{"line":62,"column":19}},"loc":{"start":{"line":62,"column":38},"end":{"line":74,"column":1}},"line":62},"5":{"name":"(anonymous_5)","decl":{"start":{"line":77,"column":17},"end":{"line":77,"column":18}},"loc":{"start":{"line":77,"column":37},"end":{"line":89,"column":1}},"line":77}},"branchMap":{"0":{"loc":{"start":{"line":6,"column":4},"end":{"line":12,"column":5}},"type":"if","locations":[{"start":{"line":6,"column":4},"end":{"line":12,"column":5}},{"start":{},"end":{}}],"line":6},"1":{"loc":{"start":{"line":10,"column":21},"end":{"line":10,"column":54}},"type":"binary-expr","locations":[{"start":{"line":10,"column":21},"end":{"line":10,"column":37}},{"start":{"line":10,"column":41},"end":{"line":10,"column":54}}],"line":10},"2":{"loc":{"start":{"line":26,"column":19},"end":{"line":26,"column":58}},"type":"binary-expr","locations":[{"start":{"line":26,"column":19},"end":{"line":26,"column":32}},{"start":{"line":26,"column":36},"end":{"line":26,"column":58}}],"line":26},"3":{"loc":{"start":{"line":41,"column":19},"end":{"line":41,"column":58}},"type":"binary-expr","locations":[{"start":{"line":41,"column":19},"end":{"line":41,"column":32}},{"start":{"line":41,"column":36},"end":{"line":41,"column":58}}],"line":41},"4":{"loc":{"start":{"line":56,"column":19},"end":{"line":56,"column":58}},"type":"binary-expr","locations":[{"start":{"line":56,"column":19},"end":{"line":56,"column":32}},{"start":{"line":56,"column":36},"end":{"line":56,"column":58}}],"line":56},"5":{"loc":{"start":{"line":71,"column":19},"end":{"line":71,"column":58}},"type":"binary-expr","locations":[{"start":{"line":71,"column":19},"end":{"line":71,"column":32}},{"start":{"line":71,"column":36},"end":{"line":71,"column":58}}],"line":71},"6":{"loc":{"start":{"line":86,"column":19},"end":{"line":86,"column":58}},"type":"binary-expr","locations":[{"start":{"line":86,"column":19},"end":{"line":86,"column":32}},{"start":{"line":86,"column":36},"end":{"line":86,"column":58}}],"line":86}},"s":{"0":1,"1":1,"2":1,"3":0,"4":0,"5":0,"6":1,"7":0,"8":0,"9":0,"10":0,"11":1,"12":0,"13":0,"14":0,"15":0,"16":1,"17":0,"18":0,"19":0,"20":0,"21":1,"22":0,"23":0,"24":0,"25":0,"26":1,"27":0,"28":0,"29":0,"30":0},"f":{"0":0,"1":0,"2":0,"3":0,"4":0,"5":0},"b":{"0":[0,0],"1":[0,0],"2":[0,0],"3":[0,0],"4":[0,0],"5":[0,0],"6":[0,0]},"_coverageSchema":"1a1c01bbd47fc00a2c39e90264f33305004495a9","hash":"3bc0e66f62b194466f9c77b3f25e424b034682b1"}
,"C:\\Users\\houss\\OneDrive\\Bureau\\ynov\\CHY_PROJECT\\CHY_SERVER\\src\\api\\notifications\\routes\\index.js": {"path":"C:\\Users\\houss\\OneDrive\\Bureau\\ynov\\CHY_PROJECT\\CHY_SERVER\\src\\api\\notifications\\routes\\index.js","statementMap":{"0":{"start":{"line":1,"column":15},"end":{"line":1,"column":42}},"1":{"start":{"line":2,"column":53},"end":{"line":2,"column":78}},"2":{"start":{"line":5,"column":0},"end":{"line":5,"column":24}},"3":{"start":{"line":7,"column":0},"end":{"line":7,"column":24}},"4":{"start":{"line":9,"column":0},"end":{"line":9,"column":27}},"5":{"start":{"line":11,"column":0},"end":{"line":11,"column":26}},"6":{"start":{"line":13,"column":0},"end":{"line":13,"column":29}},"7":{"start":{"line":15,"column":0},"end":{"line":15,"column":24}}},"fnMap":{},"branchMap":{},"s":{"0":1,"1":1,"2":1,"3":1,"4":1,"5":1,"6":1,"7":1},"f":{},"b":{},"_coverageSchema":"1a1c01bbd47fc00a2c39e90264f33305004495a9","hash":"99df6f1151f0bd934781d63a3855b4cbcb67b8f8"}
,"C:\\Users\\houss\\OneDrive\\Bureau\\ynov\\CHY_PROJECT\\CHY_SERVER\\src\\api\\offers\\controllers\\index.js": {"path":"C:\\Users\\houss\\OneDrive\\Bureau\\ynov\\CHY_PROJECT\\CHY_SERVER\\src\\api\\offers\\controllers\\index.js","statementMap":{"0":{"start":{"line":1,"column":59},"end":{"line":1,"column":102}},"1":{"start":{"line":2,"column":14},"end":{"line":2,"column":46}},"2":{"start":{"line":5,"column":0},"end":{"line":24,"column":2}},"3":{"start":{"line":6,"column":4},"end":{"line":23,"column":5}},"4":{"start":{"line":7,"column":25},"end":{"line":7,"column":54}},"5":{"start":{"line":8,"column":8},"end":{"line":14,"column":9}},"6":{"start":{"line":9,"column":12},"end":{"line":13,"column":15}},"7":{"start":{"line":15,"column":8},"end":{"line":15,"column":51}},"8":{"start":{"line":17,"column":8},"end":{"line":22,"column":11}},"9":{"start":{"line":27,"column":0},"end":{"line":46,"column":2}},"10":{"start":{"line":28,"column":4},"end":{"line":45,"column":5}},"11":{"start":{"line":29,"column":23},"end":{"line":29,"column":43}},"12":{"start":{"line":30,"column":8},"end":{"line":36,"column":9}},"13":{"start":{"line":31,"column":12},"end":{"line":35,"column":15}},"14":{"start":{"line":37,"column":8},"end":{"line":37,"column":47}},"15":{"start":{"line":39,"column":8},"end":{"line":44,"column":11}},"16":{"start":{"line":49,"column":0},"end":{"line":68,"column":2}},"17":{"start":{"line":50,"column":4},"end":{"line":67,"column":5}},"18":{"start":{"line":51,"column":25},"end":{"line":51,"column":72}},"19":{"start":{"line":52,"column":8},"end":{"line":58,"column":9}},"20":{"start":{"line":53,"column":12},"end":{"line":57,"column":15}},"21":{"start":{"line":59,"column":8},"end":{"line":59,"column":51}},"22":{"start":{"line":61,"column":8},"end":{"line":66,"column":11}},"23":{"start":{"line":71,"column":0},"end":{"line":90,"column":2}},"24":{"start":{"line":72,"column":4},"end":{"line":89,"column":5}},"25":{"start":{"line":73,"column":25},"end":{"line":73,"column":68}},"26":{"start":{"line":74,"column":8},"end":{"line":80,"column":9}},"27":{"start":{"line":75,"column":12},"end":{"line":79,"column":15}},"28":{"start":{"line":81,"column":8},"end":{"line":81,"column":51}},"29":{"start":{"line":83,"column":8},"end":{"line":88,"column":11}},"30":{"start":{"line":93,"column":0},"end":{"line":112,"column":2}},"31":{"start":{"line":94,"column":4},"end":{"line":111,"column":5}},"32":{"start":{"line":95,"column":25},"end":{"line":95,"column":62}},"33":{"start":{"line":96,"column":8},"end":{"line":102,"column":9}},"34":{"start":{"line":97,"column":12},"end":{"line":101,"column":15}},"35":{"start":{"line":103,"column":8},"end":{"line":103,"column":51}},"36":{"start":{"line":105,"column":8},"end":{"line":110,"column":11}}},"fnMap":{"0":{"name":"(anonymous_0)","decl":{"start":{"line":5,"column":17},"end":{"line":5,"column":18}},"loc":{"start":{"line":5,"column":37},"end":{"line":24,"column":1}},"line":5},"1":{"name":"(anonymous_1)","decl":{"start":{"line":27,"column":18},"end":{"line":27,"column":19}},"loc":{"start":{"line":27,"column":38},"end":{"line":46,"column":1}},"line":27},"2":{"name":"(anonymous_2)","decl":{"start":{"line":49,"column":17},"end":{"line":49,"column":18}},"loc":{"start":{"line":49,"column":37},"end":{"line":68,"column":1}},"line":49},"3":{"name":"(anonymous_3)","decl":{"start":{"line":71,"column":18},"end":{"line":71,"column":19}},"loc":{"start":{"line":71,"column":38},"end":{"line":90,"column":1}},"line":71},"4":{"name":"(anonymous_4)","decl":{"start":{"line":93,"column":17},"end":{"line":93,"column":18}},"loc":{"start":{"line":93,"column":37},"end":{"line":112,"column":1}},"line":93}},"branchMap":{"0":{"loc":{"start":{"line":8,"column":8},"end":{"line":14,"column":9}},"type":"if","locations":[{"start":{"line":8,"column":8},"end":{"line":14,"column":9}},{"start":{},"end":{}}],"line":8},"1":{"loc":{"start":{"line":12,"column":25},"end":{"line":12,"column":58}},"type":"binary-expr","locations":[{"start":{"line":12,"column":25},"end":{"line":12,"column":41}},{"start":{"line":12,"column":45},"end":{"line":12,"column":58}}],"line":12},"2":{"loc":{"start":{"line":21,"column":19},"end":{"line":21,"column":58}},"type":"binary-expr","locations":[{"start":{"line":21,"column":19},"end":{"line":21,"column":32}},{"start":{"line":21,"column":36},"end":{"line":21,"column":58}}],"line":21},"3":{"loc":{"start":{"line":30,"column":8},"end":{"line":36,"column":9}},"type":"if","locations":[{"start":{"line":30,"column":8},"end":{"line":36,"column":9}},{"start":{},"end":{}}],"line":30},"4":{"loc":{"start":{"line":34,"column":25},"end":{"line":34,"column":56}},"type":"binary-expr","locations":[{"start":{"line":34,"column":25},"end":{"line":34,"column":39}},{"start":{"line":34,"column":43},"end":{"line":34,"column":56}}],"line":34},"5":{"loc":{"start":{"line":43,"column":19},"end":{"line":43,"column":58}},"type":"binary-expr","locations":[{"start":{"line":43,"column":19},"end":{"line":43,"column":32}},{"start":{"line":43,"column":36},"end":{"line":43,"column":58}}],"line":43},"6":{"loc":{"start":{"line":52,"column":8},"end":{"line":58,"column":9}},"type":"if","locations":[{"start":{"line":52,"column":8},"end":{"line":58,"column":9}},{"start":{},"end":{}}],"line":52},"7":{"loc":{"start":{"line":56,"column":25},"end":{"line":56,"column":58}},"type":"binary-expr","locations":[{"start":{"line":56,"column":25},"end":{"line":56,"column":41}},{"start":{"line":56,"column":45},"end":{"line":56,"column":58}}],"line":56},"8":{"loc":{"start":{"line":65,"column":19},"end":{"line":65,"column":58}},"type":"binary-expr","locations":[{"start":{"line":65,"column":19},"end":{"line":65,"column":32}},{"start":{"line":65,"column":36},"end":{"line":65,"column":58}}],"line":65},"9":{"loc":{"start":{"line":74,"column":8},"end":{"line":80,"column":9}},"type":"if","locations":[{"start":{"line":74,"column":8},"end":{"line":80,"column":9}},{"start":{},"end":{}}],"line":74},"10":{"loc":{"start":{"line":78,"column":25},"end":{"line":78,"column":58}},"type":"binary-expr","locations":[{"start":{"line":78,"column":25},"end":{"line":78,"column":41}},{"start":{"line":78,"column":45},"end":{"line":78,"column":58}}],"line":78},"11":{"loc":{"start":{"line":87,"column":19},"end":{"line":87,"column":58}},"type":"binary-expr","locations":[{"start":{"line":87,"column":19},"end":{"line":87,"column":32}},{"start":{"line":87,"column":36},"end":{"line":87,"column":58}}],"line":87},"12":{"loc":{"start":{"line":96,"column":8},"end":{"line":102,"column":9}},"type":"if","locations":[{"start":{"line":96,"column":8},"end":{"line":102,"column":9}},{"start":{},"end":{}}],"line":96},"13":{"loc":{"start":{"line":100,"column":25},"end":{"line":100,"column":58}},"type":"binary-expr","locations":[{"start":{"line":100,"column":25},"end":{"line":100,"column":41}},{"start":{"line":100,"column":45},"end":{"line":100,"column":58}}],"line":100},"14":{"loc":{"start":{"line":109,"column":19},"end":{"line":109,"column":58}},"type":"binary-expr","locations":[{"start":{"line":109,"column":19},"end":{"line":109,"column":32}},{"start":{"line":109,"column":36},"end":{"line":109,"column":58}}],"line":109}},"s":{"0":1,"1":1,"2":1,"3":0,"4":0,"5":0,"6":0,"7":0,"8":0,"9":1,"10":0,"11":0,"12":0,"13":0,"14":0,"15":0,"16":1,"17":0,"18":0,"19":0,"20":0,"21":0,"22":0,"23":1,"24":0,"25":0,"26":0,"27":0,"28":0,"29":0,"30":1,"31":0,"32":0,"33":0,"34":0,"35":0,"36":0},"f":{"0":0,"1":0,"2":0,"3":0,"4":0},"b":{"0":[0,0],"1":[0,0],"2":[0,0],"3":[0,0],"4":[0,0],"5":[0,0],"6":[0,0],"7":[0,0],"8":[0,0],"9":[0,0],"10":[0,0],"11":[0,0],"12":[0,0],"13":[0,0],"14":[0,0]},"_coverageSchema":"1a1c01bbd47fc00a2c39e90264f33305004495a9","hash":"c915e9b32edd7af191518cf96492e12319202f81"}
,"C:\\Users\\houss\\OneDrive\\Bureau\\ynov\\CHY_PROJECT\\CHY_SERVER\\src\\api\\offers\\routes\\index.js": {"path":"C:\\Users\\houss\\OneDrive\\Bureau\\ynov\\CHY_PROJECT\\CHY_SERVER\\src\\api\\offers\\routes\\index.js","statementMap":{"0":{"start":{"line":1,"column":15},"end":{"line":1,"column":42}},"1":{"start":{"line":2,"column":53},"end":{"line":2,"column":78}},"2":{"start":{"line":5,"column":0},"end":{"line":5,"column":24}},"3":{"start":{"line":7,"column":0},"end":{"line":7,"column":24}},"4":{"start":{"line":9,"column":0},"end":{"line":9,"column":27}},"5":{"start":{"line":11,"column":0},"end":{"line":11,"column":26}},"6":{"start":{"line":13,"column":0},"end":{"line":13,"column":29}},"7":{"start":{"line":15,"column":0},"end":{"line":15,"column":24}}},"fnMap":{},"branchMap":{},"s":{"0":1,"1":1,"2":1,"3":1,"4":1,"5":1,"6":1,"7":1},"f":{},"b":{},"_coverageSchema":"1a1c01bbd47fc00a2c39e90264f33305004495a9","hash":"0af9348d6edd136c43a8b94e7b56ef14f42e694c"}
,"C:\\Users\\houss\\OneDrive\\Bureau\\ynov\\CHY_PROJECT\\CHY_SERVER\\src\\api\\orders\\controllers\\index.js": {"path":"C:\\Users\\houss\\OneDrive\\Bureau\\ynov\\CHY_PROJECT\\CHY_SERVER\\src\\api\\orders\\controllers\\index.js","statementMap":{"0":{"start":{"line":1,"column":59},"end":{"line":1,"column":102}},"1":{"start":{"line":2,"column":14},"end":{"line":2,"column":46}},"2":{"start":{"line":5,"column":23},"end":{"line":14,"column":1}},"3":{"start":{"line":6,"column":4},"end":{"line":12,"column":5}},"4":{"start":{"line":7,"column":8},"end":{"line":11,"column":11}},"5":{"start":{"line":13,"column":4},"end":{"line":13,"column":47}},"6":{"start":{"line":17,"column":0},"end":{"line":29,"column":2}},"7":{"start":{"line":18,"column":4},"end":{"line":28,"column":5}},"8":{"start":{"line":19,"column":25},"end":{"line":19,"column":54}},"9":{"start":{"line":20,"column":8},"end":{"line":20,"column":38}},"10":{"start":{"line":22,"column":8},"end":{"line":27,"column":11}},"11":{"start":{"line":32,"column":0},"end":{"line":44,"column":2}},"12":{"start":{"line":33,"column":4},"end":{"line":43,"column":5}},"13":{"start":{"line":34,"column":23},"end":{"line":34,"column":43}},"14":{"start":{"line":35,"column":8},"end":{"line":35,"column":36}},"15":{"start":{"line":37,"column":8},"end":{"line":42,"column":11}},"16":{"start":{"line":47,"column":0},"end":{"line":59,"column":2}},"17":{"start":{"line":48,"column":4},"end":{"line":58,"column":5}},"18":{"start":{"line":49,"column":25},"end":{"line":49,"column":72}},"19":{"start":{"line":50,"column":8},"end":{"line":50,"column":38}},"20":{"start":{"line":52,"column":8},"end":{"line":57,"column":11}},"21":{"start":{"line":62,"column":0},"end":{"line":75,"column":2}},"22":{"start":{"line":63,"column":4},"end":{"line":74,"column":5}},"23":{"start":{"line":64,"column":20},"end":{"line":64,"column":39}},"24":{"start":{"line":65,"column":25},"end":{"line":65,"column":51}},"25":{"start":{"line":66,"column":8},"end":{"line":66,"column":38}},"26":{"start":{"line":68,"column":8},"end":{"line":73,"column":11}},"27":{"start":{"line":78,"column":0},"end":{"line":90,"column":2}},"28":{"start":{"line":79,"column":4},"end":{"line":89,"column":5}},"29":{"start":{"line":80,"column":25},"end":{"line":80,"column":62}},"30":{"start":{"line":81,"column":8},"end":{"line":81,"column":38}},"31":{"start":{"line":83,"column":8},"end":{"line":88,"column":11}}},"fnMap":{"0":{"name":"(anonymous_0)","decl":{"start":{"line":5,"column":23},"end":{"line":5,"column":24}},"loc":{"start":{"line":5,"column":42},"end":{"line":14,"column":1}},"line":5},"1":{"name":"(anonymous_1)","decl":{"start":{"line":17,"column":17},"end":{"line":17,"column":18}},"loc":{"start":{"line":17,"column":37},"end":{"line":29,"column":1}},"line":17},"2":{"name":"(anonymous_2)","decl":{"start":{"line":32,"column":18},"end":{"line":32,"column":19}},"loc":{"start":{"line":32,"column":38},"end":{"line":44,"column":1}},"line":32},"3":{"name":"(anonymous_3)","decl":{"start":{"line":47,"column":17},"end":{"line":47,"column":18}},"loc":{"start":{"line":47,"column":37},"end":{"line":59,"column":1}},"line":47},"4":{"name":"(anonymous_4)","decl":{"start":{"line":62,"column":18},"end":{"line":62,"column":19}},"loc":{"start":{"line":62,"column":38},"end":{"line":75,"column":1}},"line":62},"5":{"name":"(anonymous_5)","decl":{"start":{"line":78,"column":17},"end":{"line":78,"column":18}},"loc":{"start":{"line":78,"column":37},"end":{"line":90,"column":1}},"line":78}},"branchMap":{"0":{"loc":{"start":{"line":6,"column":4},"end":{"line":12,"column":5}},"type":"if","locations":[{"start":{"line":6,"column":4},"end":{"line":12,"column":5}},{"start":{},"end":{}}],"line":6},"1":{"loc":{"start":{"line":10,"column":21},"end":{"line":10,"column":54}},"type":"binary-expr","locations":[{"start":{"line":10,"column":21},"end":{"line":10,"column":37}},{"start":{"line":10,"column":41},"end":{"line":10,"column":54}}],"line":10},"2":{"loc":{"start":{"line":26,"column":19},"end":{"line":26,"column":58}},"type":"binary-expr","locations":[{"start":{"line":26,"column":19},"end":{"line":26,"column":32}},{"start":{"line":26,"column":36},"end":{"line":26,"column":58}}],"line":26},"3":{"loc":{"start":{"line":41,"column":19},"end":{"line":41,"column":58}},"type":"binary-expr","locations":[{"start":{"line":41,"column":19},"end":{"line":41,"column":32}},{"start":{"line":41,"column":36},"end":{"line":41,"column":58}}],"line":41},"4":{"loc":{"start":{"line":56,"column":19},"end":{"line":56,"column":58}},"type":"binary-expr","locations":[{"start":{"line":56,"column":19},"end":{"line":56,"column":32}},{"start":{"line":56,"column":36},"end":{"line":56,"column":58}}],"line":56},"5":{"loc":{"start":{"line":72,"column":19},"end":{"line":72,"column":58}},"type":"binary-expr","locations":[{"start":{"line":72,"column":19},"end":{"line":72,"column":32}},{"start":{"line":72,"column":36},"end":{"line":72,"column":58}}],"line":72},"6":{"loc":{"start":{"line":87,"column":19},"end":{"line":87,"column":58}},"type":"binary-expr","locations":[{"start":{"line":87,"column":19},"end":{"line":87,"column":32}},{"start":{"line":87,"column":36},"end":{"line":87,"column":58}}],"line":87}},"s":{"0":1,"1":1,"2":1,"3":0,"4":0,"5":0,"6":1,"7":0,"8":0,"9":0,"10":0,"11":1,"12":0,"13":0,"14":0,"15":0,"16":1,"17":0,"18":0,"19":0,"20":0,"21":1,"22":0,"23":0,"24":0,"25":0,"26":0,"27":1,"28":0,"29":0,"30":0,"31":0},"f":{"0":0,"1":0,"2":0,"3":0,"4":0,"5":0},"b":{"0":[0,0],"1":[0,0],"2":[0,0],"3":[0,0],"4":[0,0],"5":[0,0],"6":[0,0]},"_coverageSchema":"1a1c01bbd47fc00a2c39e90264f33305004495a9","hash":"00e8e5c889686b94fe22fcec1f84986f95cc7b13"}
,"C:\\Users\\houss\\OneDrive\\Bureau\\ynov\\CHY_PROJECT\\CHY_SERVER\\src\\api\\orders\\routes\\index.js": {"path":"C:\\Users\\houss\\OneDrive\\Bureau\\ynov\\CHY_PROJECT\\CHY_SERVER\\src\\api\\orders\\routes\\index.js","statementMap":{"0":{"start":{"line":1,"column":15},"end":{"line":1,"column":42}},"1":{"start":{"line":2,"column":53},"end":{"line":2,"column":78}},"2":{"start":{"line":5,"column":0},"end":{"line":5,"column":24}},"3":{"start":{"line":7,"column":0},"end":{"line":7,"column":24}},"4":{"start":{"line":9,"column":0},"end":{"line":9,"column":27}},"5":{"start":{"line":11,"column":0},"end":{"line":11,"column":26}},"6":{"start":{"line":13,"column":0},"end":{"line":13,"column":29}},"7":{"start":{"line":15,"column":0},"end":{"line":15,"column":24}}},"fnMap":{},"branchMap":{},"s":{"0":1,"1":1,"2":1,"3":1,"4":1,"5":1,"6":1,"7":1},"f":{},"b":{},"_coverageSchema":"1a1c01bbd47fc00a2c39e90264f33305004495a9","hash":"01c22408e82f830cd545e4932b2475349e9be4c1"}
,"C:\\Users\\houss\\OneDrive\\Bureau\\ynov\\CHY_PROJECT\\CHY_SERVER\\src\\api\\products\\controllers\\index.js": {"path":"C:\\Users\\houss\\OneDrive\\Bureau\\ynov\\CHY_PROJECT\\CHY_SERVER\\src\\api\\products\\controllers\\index.js","statementMap":{"0":{"start":{"line":1,"column":59},"end":{"line":1,"column":102}},"1":{"start":{"line":2,"column":16},"end":{"line":2,"column":50}},"2":{"start":{"line":6,"column":0},"end":{"line":25,"column":2}},"3":{"start":{"line":7,"column":4},"end":{"line":24,"column":5}},"4":{"start":{"line":8,"column":25},"end":{"line":8,"column":56}},"5":{"start":{"line":9,"column":8},"end":{"line":15,"column":9}},"6":{"start":{"line":10,"column":12},"end":{"line":14,"column":15}},"7":{"start":{"line":16,"column":8},"end":{"line":16,"column":51}},"8":{"start":{"line":18,"column":8},"end":{"line":23,"column":11}},"9":{"start":{"line":28,"column":0},"end":{"line":47,"column":2}},"10":{"start":{"line":29,"column":4},"end":{"line":46,"column":5}},"11":{"start":{"line":30,"column":25},"end":{"line":30,"column":47}},"12":{"start":{"line":31,"column":8},"end":{"line":37,"column":9}},"13":{"start":{"line":32,"column":12},"end":{"line":36,"column":15}},"14":{"start":{"line":38,"column":8},"end":{"line":38,"column":51}},"15":{"start":{"line":40,"column":8},"end":{"line":45,"column":11}},"16":{"start":{"line":50,"column":0},"end":{"line":69,"column":2}},"17":{"start":{"line":51,"column":4},"end":{"line":68,"column":5}},"18":{"start":{"line":52,"column":25},"end":{"line":52,"column":74}},"19":{"start":{"line":53,"column":8},"end":{"line":59,"column":9}},"20":{"start":{"line":54,"column":12},"end":{"line":58,"column":15}},"21":{"start":{"line":60,"column":8},"end":{"line":60,"column":51}},"22":{"start":{"line":62,"column":8},"end":{"line":67,"column":11}},"23":{"start":{"line":72,"column":0},"end":{"line":91,"column":2}},"24":{"start":{"line":73,"column":4},"end":{"line":90,"column":5}},"25":{"start":{"line":74,"column":25},"end":{"line":74,"column":70}},"26":{"start":{"line":75,"column":8},"end":{"line":81,"column":9}},"27":{"start":{"line":76,"column":12},"end":{"line":80,"column":15}},"28":{"start":{"line":82,"column":8},"end":{"line":82,"column":51}},"29":{"start":{"line":84,"column":8},"end":{"line":89,"column":11}},"30":{"start":{"line":94,"column":0},"end":{"line":113,"column":2}},"31":{"start":{"line":95,"column":4},"end":{"line":112,"column":5}},"32":{"start":{"line":96,"column":25},"end":{"line":96,"column":64}},"33":{"start":{"line":97,"column":8},"end":{"line":103,"column":9}},"34":{"start":{"line":98,"column":12},"end":{"line":102,"column":15}},"35":{"start":{"line":104,"column":8},"end":{"line":104,"column":51}},"36":{"start":{"line":106,"column":8},"end":{"line":111,"column":11}}},"fnMap":{"0":{"name":"(anonymous_0)","decl":{"start":{"line":6,"column":17},"end":{"line":6,"column":18}},"loc":{"start":{"line":6,"column":37},"end":{"line":25,"column":1}},"line":6},"1":{"name":"(anonymous_1)","decl":{"start":{"line":28,"column":18},"end":{"line":28,"column":19}},"loc":{"start":{"line":28,"column":38},"end":{"line":47,"column":1}},"line":28},"2":{"name":"(anonymous_2)","decl":{"start":{"line":50,"column":20},"end":{"line":50,"column":21}},"loc":{"start":{"line":50,"column":40},"end":{"line":69,"column":1}},"line":50},"3":{"name":"(anonymous_3)","decl":{"start":{"line":72,"column":18},"end":{"line":72,"column":19}},"loc":{"start":{"line":72,"column":38},"end":{"line":91,"column":1}},"line":72},"4":{"name":"(anonymous_4)","decl":{"start":{"line":94,"column":17},"end":{"line":94,"column":18}},"loc":{"start":{"line":94,"column":37},"end":{"line":113,"column":1}},"line":94}},"branchMap":{"0":{"loc":{"start":{"line":9,"column":8},"end":{"line":15,"column":9}},"type":"if","locations":[{"start":{"line":9,"column":8},"end":{"line":15,"column":9}},{"start":{},"end":{}}],"line":9},"1":{"loc":{"start":{"line":13,"column":25},"end":{"line":13,"column":58}},"type":"binary-expr","locations":[{"start":{"line":13,"column":25},"end":{"line":13,"column":41}},{"start":{"line":13,"column":45},"end":{"line":13,"column":58}}],"line":13},"2":{"loc":{"start":{"line":22,"column":19},"end":{"line":22,"column":58}},"type":"binary-expr","locations":[{"start":{"line":22,"column":19},"end":{"line":22,"column":32}},{"start":{"line":22,"column":36},"end":{"line":22,"column":58}}],"line":22},"3":{"loc":{"start":{"line":31,"column":8},"end":{"line":37,"column":9}},"type":"if","locations":[{"start":{"line":31,"column":8},"end":{"line":37,"column":9}},{"start":{},"end":{}}],"line":31},"4":{"loc":{"start":{"line":35,"column":25},"end":{"line":35,"column":58}},"type":"binary-expr","locations":[{"start":{"line":35,"column":25},"end":{"line":35,"column":41}},{"start":{"line":35,"column":45},"end":{"line":35,"column":58}}],"line":35},"5":{"loc":{"start":{"line":44,"column":19},"end":{"line":44,"column":58}},"type":"binary-expr","locations":[{"start":{"line":44,"column":19},"end":{"line":44,"column":32}},{"start":{"line":44,"column":36},"end":{"line":44,"column":58}}],"line":44},"6":{"loc":{"start":{"line":53,"column":8},"end":{"line":59,"column":9}},"type":"if","locations":[{"start":{"line":53,"column":8},"end":{"line":59,"column":9}},{"start":{},"end":{}}],"line":53},"7":{"loc":{"start":{"line":57,"column":25},"end":{"line":57,"column":58}},"type":"binary-expr","locations":[{"start":{"line":57,"column":25},"end":{"line":57,"column":41}},{"start":{"line":57,"column":45},"end":{"line":57,"column":58}}],"line":57},"8":{"loc":{"start":{"line":66,"column":19},"end":{"line":66,"column":58}},"type":"binary-expr","locations":[{"start":{"line":66,"column":19},"end":{"line":66,"column":32}},{"start":{"line":66,"column":36},"end":{"line":66,"column":58}}],"line":66},"9":{"loc":{"start":{"line":75,"column":8},"end":{"line":81,"column":9}},"type":"if","locations":[{"start":{"line":75,"column":8},"end":{"line":81,"column":9}},{"start":{},"end":{}}],"line":75},"10":{"loc":{"start":{"line":79,"column":25},"end":{"line":79,"column":58}},"type":"binary-expr","locations":[{"start":{"line":79,"column":25},"end":{"line":79,"column":41}},{"start":{"line":79,"column":45},"end":{"line":79,"column":58}}],"line":79},"11":{"loc":{"start":{"line":88,"column":19},"end":{"line":88,"column":58}},"type":"binary-expr","locations":[{"start":{"line":88,"column":19},"end":{"line":88,"column":32}},{"start":{"line":88,"column":36},"end":{"line":88,"column":58}}],"line":88},"12":{"loc":{"start":{"line":97,"column":8},"end":{"line":103,"column":9}},"type":"if","locations":[{"start":{"line":97,"column":8},"end":{"line":103,"column":9}},{"start":{},"end":{}}],"line":97},"13":{"loc":{"start":{"line":101,"column":25},"end":{"line":101,"column":58}},"type":"binary-expr","locations":[{"start":{"line":101,"column":25},"end":{"line":101,"column":41}},{"start":{"line":101,"column":45},"end":{"line":101,"column":58}}],"line":101},"14":{"loc":{"start":{"line":110,"column":19},"end":{"line":110,"column":58}},"type":"binary-expr","locations":[{"start":{"line":110,"column":19},"end":{"line":110,"column":32}},{"start":{"line":110,"column":36},"end":{"line":110,"column":58}}],"line":110}},"s":{"0":1,"1":1,"2":1,"3":0,"4":0,"5":0,"6":0,"7":0,"8":0,"9":1,"10":0,"11":0,"12":0,"13":0,"14":0,"15":0,"16":1,"17":0,"18":0,"19":0,"20":0,"21":0,"22":0,"23":1,"24":0,"25":0,"26":0,"27":0,"28":0,"29":0,"30":1,"31":0,"32":0,"33":0,"34":0,"35":0,"36":0},"f":{"0":0,"1":0,"2":0,"3":0,"4":0},"b":{"0":[0,0],"1":[0,0],"2":[0,0],"3":[0,0],"4":[0,0],"5":[0,0],"6":[0,0],"7":[0,0],"8":[0,0],"9":[0,0],"10":[0,0],"11":[0,0],"12":[0,0],"13":[0,0],"14":[0,0]},"_coverageSchema":"1a1c01bbd47fc00a2c39e90264f33305004495a9","hash":"6e178efb324fe3ee8020dfa7a707b3736c8ac361"}
,"C:\\Users\\houss\\OneDrive\\Bureau\\ynov\\CHY_PROJECT\\CHY_SERVER\\src\\api\\products\\routes\\index.js": {"path":"C:\\Users\\houss\\OneDrive\\Bureau\\ynov\\CHY_PROJECT\\CHY_SERVER\\src\\api\\products\\routes\\index.js","statementMap":{"0":{"start":{"line":1,"column":15},"end":{"line":1,"column":42}},"1":{"start":{"line":2,"column":56},"end":{"line":2,"column":81}},"2":{"start":{"line":5,"column":0},"end":{"line":5,"column":31}},"3":{"start":{"line":7,"column":0},"end":{"line":7,"column":31}},"4":{"start":{"line":9,"column":0},"end":{"line":9,"column":34}},"5":{"start":{"line":11,"column":0},"end":{"line":11,"column":36}},"6":{"start":{"line":13,"column":0},"end":{"line":13,"column":36}},"7":{"start":{"line":15,"column":0},"end":{"line":15,"column":24}}},"fnMap":{},"branchMap":{},"s":{"0":1,"1":1,"2":1,"3":1,"4":1,"5":1,"6":1,"7":1},"f":{},"b":{},"_coverageSchema":"1a1c01bbd47fc00a2c39e90264f33305004495a9","hash":"974cfe2028ca7a27a7b5565f208b16527d2680d8"}
,"C:\\Users\\houss\\OneDrive\\Bureau\\ynov\\CHY_PROJECT\\CHY_SERVER\\src\\api\\shippings\\controllers\\index.js": {"path":"C:\\Users\\houss\\OneDrive\\Bureau\\ynov\\CHY_PROJECT\\CHY_SERVER\\src\\api\\shippings\\controllers\\index.js","statementMap":{"0":{"start":{"line":1,"column":59},"end":{"line":1,"column":102}},"1":{"start":{"line":2,"column":17},"end":{"line":2,"column":52}},"2":{"start":{"line":6,"column":0},"end":{"line":25,"column":2}},"3":{"start":{"line":7,"column":4},"end":{"line":24,"column":5}},"4":{"start":{"line":8,"column":25},"end":{"line":8,"column":57}},"5":{"start":{"line":9,"column":8},"end":{"line":15,"column":9}},"6":{"start":{"line":10,"column":12},"end":{"line":14,"column":15}},"7":{"start":{"line":16,"column":8},"end":{"line":16,"column":51}},"8":{"start":{"line":18,"column":8},"end":{"line":23,"column":11}},"9":{"start":{"line":28,"column":0},"end":{"line":47,"column":2}},"10":{"start":{"line":29,"column":4},"end":{"line":46,"column":5}},"11":{"start":{"line":30,"column":26},"end":{"line":30,"column":49}},"12":{"start":{"line":31,"column":8},"end":{"line":37,"column":9}},"13":{"start":{"line":32,"column":12},"end":{"line":36,"column":15}},"14":{"start":{"line":38,"column":8},"end":{"line":38,"column":53}},"15":{"start":{"line":40,"column":8},"end":{"line":45,"column":11}},"16":{"start":{"line":50,"column":0},"end":{"line":69,"column":2}},"17":{"start":{"line":51,"column":4},"end":{"line":68,"column":5}},"18":{"start":{"line":52,"column":25},"end":{"line":52,"column":75}},"19":{"start":{"line":53,"column":8},"end":{"line":59,"column":9}},"20":{"start":{"line":54,"column":12},"end":{"line":58,"column":15}},"21":{"start":{"line":60,"column":8},"end":{"line":60,"column":51}},"22":{"start":{"line":62,"column":8},"end":{"line":67,"column":11}},"23":{"start":{"line":72,"column":0},"end":{"line":91,"column":2}},"24":{"start":{"line":73,"column":4},"end":{"line":90,"column":5}},"25":{"start":{"line":74,"column":25},"end":{"line":74,"column":71}},"26":{"start":{"line":75,"column":8},"end":{"line":81,"column":9}},"27":{"start":{"line":76,"column":12},"end":{"line":80,"column":15}},"28":{"start":{"line":82,"column":8},"end":{"line":82,"column":51}},"29":{"start":{"line":84,"column":8},"end":{"line":89,"column":11}},"30":{"start":{"line":94,"column":0},"end":{"line":113,"column":2}},"31":{"start":{"line":95,"column":4},"end":{"line":112,"column":5}},"32":{"start":{"line":96,"column":25},"end":{"line":96,"column":65}},"33":{"start":{"line":97,"column":8},"end":{"line":103,"column":9}},"34":{"start":{"line":98,"column":12},"end":{"line":102,"column":15}},"35":{"start":{"line":104,"column":8},"end":{"line":104,"column":51}},"36":{"start":{"line":106,"column":8},"end":{"line":111,"column":11}}},"fnMap":{"0":{"name":"(anonymous_0)","decl":{"start":{"line":6,"column":17},"end":{"line":6,"column":18}},"loc":{"start":{"line":6,"column":37},"end":{"line":25,"column":1}},"line":6},"1":{"name":"(anonymous_1)","decl":{"start":{"line":28,"column":18},"end":{"line":28,"column":19}},"loc":{"start":{"line":28,"column":38},"end":{"line":47,"column":1}},"line":28},"2":{"name":"(anonymous_2)","decl":{"start":{"line":50,"column":20},"end":{"line":50,"column":21}},"loc":{"start":{"line":50,"column":40},"end":{"line":69,"column":1}},"line":50},"3":{"name":"(anonymous_3)","decl":{"start":{"line":72,"column":18},"end":{"line":72,"column":19}},"loc":{"start":{"line":72,"column":38},"end":{"line":91,"column":1}},"line":72},"4":{"name":"(anonymous_4)","decl":{"start":{"line":94,"column":17},"end":{"line":94,"column":18}},"loc":{"start":{"line":94,"column":37},"end":{"line":113,"column":1}},"line":94}},"branchMap":{"0":{"loc":{"start":{"line":9,"column":8},"end":{"line":15,"column":9}},"type":"if","locations":[{"start":{"line":9,"column":8},"end":{"line":15,"column":9}},{"start":{},"end":{}}],"line":9},"1":{"loc":{"start":{"line":13,"column":25},"end":{"line":13,"column":58}},"type":"binary-expr","locations":[{"start":{"line":13,"column":25},"end":{"line":13,"column":41}},{"start":{"line":13,"column":45},"end":{"line":13,"column":58}}],"line":13},"2":{"loc":{"start":{"line":22,"column":19},"end":{"line":22,"column":58}},"type":"binary-expr","locations":[{"start":{"line":22,"column":19},"end":{"line":22,"column":32}},{"start":{"line":22,"column":36},"end":{"line":22,"column":58}}],"line":22},"3":{"loc":{"start":{"line":31,"column":8},"end":{"line":37,"column":9}},"type":"if","locations":[{"start":{"line":31,"column":8},"end":{"line":37,"column":9}},{"start":{},"end":{}}],"line":31},"4":{"loc":{"start":{"line":35,"column":25},"end":{"line":35,"column":59}},"type":"binary-expr","locations":[{"start":{"line":35,"column":25},"end":{"line":35,"column":42}},{"start":{"line":35,"column":46},"end":{"line":35,"column":59}}],"line":35},"5":{"loc":{"start":{"line":44,"column":19},"end":{"line":44,"column":58}},"type":"binary-expr","locations":[{"start":{"line":44,"column":19},"end":{"line":44,"column":32}},{"start":{"line":44,"column":36},"end":{"line":44,"column":58}}],"line":44},"6":{"loc":{"start":{"line":53,"column":8},"end":{"line":59,"column":9}},"type":"if","locations":[{"start":{"line":53,"column":8},"end":{"line":59,"column":9}},{"start":{},"end":{}}],"line":53},"7":{"loc":{"start":{"line":57,"column":25},"end":{"line":57,"column":58}},"type":"binary-expr","locations":[{"start":{"line":57,"column":25},"end":{"line":57,"column":41}},{"start":{"line":57,"column":45},"end":{"line":57,"column":58}}],"line":57},"8":{"loc":{"start":{"line":66,"column":19},"end":{"line":66,"column":58}},"type":"binary-expr","locations":[{"start":{"line":66,"column":19},"end":{"line":66,"column":32}},{"start":{"line":66,"column":36},"end":{"line":66,"column":58}}],"line":66},"9":{"loc":{"start":{"line":75,"column":8},"end":{"line":81,"column":9}},"type":"if","locations":[{"start":{"line":75,"column":8},"end":{"line":81,"column":9}},{"start":{},"end":{}}],"line":75},"10":{"loc":{"start":{"line":79,"column":25},"end":{"line":79,"column":58}},"type":"binary-expr","locations":[{"start":{"line":79,"column":25},"end":{"line":79,"column":41}},{"start":{"line":79,"column":45},"end":{"line":79,"column":58}}],"line":79},"11":{"loc":{"start":{"line":88,"column":19},"end":{"line":88,"column":58}},"type":"binary-expr","locations":[{"start":{"line":88,"column":19},"end":{"line":88,"column":32}},{"start":{"line":88,"column":36},"end":{"line":88,"column":58}}],"line":88},"12":{"loc":{"start":{"line":97,"column":8},"end":{"line":103,"column":9}},"type":"if","locations":[{"start":{"line":97,"column":8},"end":{"line":103,"column":9}},{"start":{},"end":{}}],"line":97},"13":{"loc":{"start":{"line":101,"column":25},"end":{"line":101,"column":58}},"type":"binary-expr","locations":[{"start":{"line":101,"column":25},"end":{"line":101,"column":41}},{"start":{"line":101,"column":45},"end":{"line":101,"column":58}}],"line":101},"14":{"loc":{"start":{"line":110,"column":19},"end":{"line":110,"column":58}},"type":"binary-expr","locations":[{"start":{"line":110,"column":19},"end":{"line":110,"column":32}},{"start":{"line":110,"column":36},"end":{"line":110,"column":58}}],"line":110}},"s":{"0":1,"1":1,"2":1,"3":0,"4":0,"5":0,"6":0,"7":0,"8":0,"9":1,"10":0,"11":0,"12":0,"13":0,"14":0,"15":0,"16":1,"17":0,"18":0,"19":0,"20":0,"21":0,"22":0,"23":1,"24":0,"25":0,"26":0,"27":0,"28":0,"29":0,"30":1,"31":0,"32":0,"33":0,"34":0,"35":0,"36":0},"f":{"0":0,"1":0,"2":0,"3":0,"4":0},"b":{"0":[0,0],"1":[0,0],"2":[0,0],"3":[0,0],"4":[0,0],"5":[0,0],"6":[0,0],"7":[0,0],"8":[0,0],"9":[0,0],"10":[0,0],"11":[0,0],"12":[0,0],"13":[0,0],"14":[0,0]},"_coverageSchema":"1a1c01bbd47fc00a2c39e90264f33305004495a9","hash":"48e9deab53d222609cf84457412b7b53f6ae98c7"}
,"C:\\Users\\houss\\OneDrive\\Bureau\\ynov\\CHY_PROJECT\\CHY_SERVER\\src\\api\\shippings\\routes\\index.js": {"path":"C:\\Users\\houss\\OneDrive\\Bureau\\ynov\\CHY_PROJECT\\CHY_SERVER\\src\\api\\shippings\\routes\\index.js","statementMap":{"0":{"start":{"line":1,"column":15},"end":{"line":1,"column":42}},"1":{"start":{"line":2,"column":56},"end":{"line":2,"column":81}},"2":{"start":{"line":5,"column":0},"end":{"line":5,"column":31}},"3":{"start":{"line":7,"column":0},"end":{"line":7,"column":31}},"4":{"start":{"line":9,"column":0},"end":{"line":9,"column":34}},"5":{"start":{"line":11,"column":0},"end":{"line":11,"column":36}},"6":{"start":{"line":13,"column":0},"end":{"line":13,"column":36}},"7":{"start":{"line":15,"column":0},"end":{"line":15,"column":24}}},"fnMap":{},"branchMap":{},"s":{"0":1,"1":1,"2":1,"3":1,"4":1,"5":1,"6":1,"7":1},"f":{},"b":{},"_coverageSchema":"1a1c01bbd47fc00a2c39e90264f33305004495a9","hash":"bc9d9b498c9aca32e783971a6505588519ee8220"}
[...]
lumn":27}},"36":{"start":{"line":53,"column":2},"end":{"line":78,"column":4}},"37":{"start":{"line":54,"column":19},"end":{"line":54,"column":21}},"38":{"start":{"line":55,"column":4},"end":{"line":76,"column":5}},"39":{"start":{"line":56,"column":21},"end":{"line":56,"column":45}},"40":{"start":{"line":57,"column":6},"end":{"line":65,"column":7}},"41":{"start":{"line":58,"column":8},"end":{"line":58,"column":30}},"42":{"start":{"line":59,"column":8},"end":{"line":59,"column":32}},"43":{"start":{"line":60,"column":8},"end":{"line":60,"column":31}},"44":{"start":{"line":62,"column":8},"end":{"line":62,"column":30}},"45":{"start":{"line":63,"column":8},"end":{"line":63,"column":33}},"46":{"start":{"line":64,"column":8},"end":{"line":64,"column":46}},"47":{"start":{"line":67,"column":6},"end":{"line":75,"column":7}},"48":{"start":{"line":68,"column":8},"end":{"line":68,"column":30}},"49":{"start":{"line":69,"column":8},"end":{"line":69,"column":29}},"50":{"start":{"line":70,"column":8},"end":{"line":70,"column":41}},"51":{"start":{"line":72,"column":8},"end":{"line":72,"column":30}},"52":{"start":{"line":73,"column":8},"end":{"line":73,"column":33}},"53":{"start":{"line":74,"column":8},"end":{"line":74,"column":50}},"54":{"start":{"line":77,"column":4},"end":{"line":77,"column":27}},"55":{"start":{"line":80,"column":2},"end":{"line":93,"column":2}},"56":{"start":{"line":81,"column":19},"end":{"line":81,"column":21}},"57":{"start":{"line":82,"column":19},"end":{"line":82,"column":59}},"58":{"start":{"line":83,"column":4},"end":{"line":91,"column":5}},"59":{"start":{"line":84,"column":6},"end":{"line":84,"column":28}},"60":{"start":{"line":85,"column":6},"end":{"line":85,"column":27}},"61":{"start":{"line":86,"column":6},"end":{"line":86,"column":53}},"62":{"start":{"line":88,"column":6},"end":{"line":88,"column":28}},"63":{"start":{"line":89,"column":6},"end":{"line":89,"column":31}},"64":{"start":{"line":90,"column":6},"end":{"line":90,"column":44}},"65":{"start":{"line":92,"column":4},"end":{"line":92,"column":27}}},"fnMap":{"0":{"name":"(anonymous_0)","decl":{"start":{"line":2,"column":17},"end":{"line":2,"column":18}},"loc":{"start":{"line":2,"column":39},"end":{"line":19,"column":3}},"line":2},"1":{"name":"(anonymous_1)","decl":{"start":{"line":7,"column":12},"end":{"line":7,"column":13}},"loc":{"start":{"line":7,"column":18},"end":{"line":12,"column":7}},"line":7},"2":{"name":"(anonymous_2)","decl":{"start":{"line":13,"column":13},"end":{"line":13,"column":14}},"loc":{"start":{"line":13,"column":22},"end":{"line":17,"column":7}},"line":13},"3":{"name":"(anonymous_3)","decl":{"start":{"line":21,"column":20},"end":{"line":21,"column":21}},"loc":{"start":{"line":21,"column":36},"end":{"line":34,"column":3}},"line":21},"4":{"name":"(anonymous_4)","decl":{"start":{"line":36,"column":22},"end":{"line":36,"column":23}},"loc":{"start":{"line":36,"column":48},"end":{"line":51,"column":1}},"line":36},"5":{"name":"(anonymous_5)","decl":{"start":{"line":53,"column":20},"end":{"line":53,"column":21}},"loc":{"start":{"line":53,"column":42},"end":{"line":78,"column":3}},"line":53},"6":{"name":"(anonymous_6)","decl":{"start":{"line":80,"column":22},"end":{"line":80,"column":23}},"loc":{"start":{"line":80,"column":42},"end":{"line":93,"column":1}},"line":80}},"branchMap":{"0":{"loc":{"start":{"line":24,"column":4},"end":{"line":32,"column":5}},"type":"if","locations":[{"start":{"line":24,"column":4},"end":{"line":32,"column":5}},{"start":{"line":28,"column":11},"end":{"line":32,"column":5}}],"line":24},"1":{"loc":{"start":{"line":41,"column":4},"end":{"line":49,"column":5}},"type":"if","locations":[{"start":{"line":41,"column":4},"end":{"line":49,"column":5}},{"start":{"line":45,"column":11},"end":{"line":49,"column":5}}],"line":41},"2":{"loc":{"start":{"line":57,"column":6},"end":{"line":65,"column":7}},"type":"if","locations":[{"start":{"line":57,"column":6},"end":{"line":65,"column":7}},{"start":{"line":61,"column":13},"end":{"line":65,"column":7}}],"line":57},"3":{"loc":{"start":{"line":67,"column":6},"end":{"line":75,"column":7}},"type":"if","locations":[{"start":{"line":67,"column":6},"end":{"line":75,"column":7}},{"start":{"line":71,"column":13},"end":{"line":75,"column":7}}],"line":67},"4":{"loc":{"start":{"line":83,"column":4},"end":{"line":91,"column":5}},"type":"if","locations":[{"start":{"line":83,"column":4},"end":{"line":91,"column":5}},{"start":{"line":87,"column":11},"end":{"line":91,"column":5}}],"line":83}},"s":{"0":1,"1":0,"2":0,"3":0,"4":0,"5":0,"6":0,"7":0,"8":0,"9":0,"10":0,"11":0,"12":1,"13":0,"14":0,"15":0,"16":0,"17":0,"18":0,"19":0,"20":0,"21":0,"22":0,"23":1,"24":0,"25":0,"26":0,"27":0,"28":0,"29":0,"30":0,"31":0,"32":0,"33":0,"34":0,"35":0,"36":1,"37":0,"38":0,"39":0,"40":0,"41":0,"42":0,"43":0,"44":0,"45":0,"46":0,"47":0,"48":0,"49":0,"50":0,"51":0,"52":0,"53":0,"54":0,"55":1,"56":0,"57":0,"58":0,"59":0,"60":0,"61":0,"62":0,"63":0,"64":0,"65":0},"f":{"0":0,"1":0,"2":0,"3":0,"4":0,"5":0,"6":0},"b":{"0":[0,0],"1":[0,0],"2":[0,0],"3":[0,0],"4":[0,0]},"_coverageSchema":"1a1c01bbd47fc00a2c39e90264f33305004495a9","hash":"443ee79821885e6dbb3680baa76893d007f12f33"}
,"C:\\Users\\houss\\OneDrive\\Bureau\\ynov\\CHY_PROJECT\\CHY_SERVER\\src\\middlewares\\isAdmin.js": {"path":"C:\\Users\\houss\\OneDrive\\Bureau\\ynov\\CHY_PROJECT\\CHY_SERVER\\src\\middlewares\\isAdmin.js","statementMap":{"0":{"start":{"line":1,"column":12},"end":{"line":1,"column":35}},"1":{"start":{"line":3,"column":16},"end":{"line":43,"column":1}},"2":{"start":{"line":5,"column":30},"end":{"line":5,"column":55}},"3":{"start":{"line":7,"column":2},"end":{"line":42,"column":3}},"4":{"start":{"line":9,"column":18},"end":{"line":9,"column":48}},"5":{"start":{"line":11,"column":4},"end":{"line":38,"column":5}},"6":{"start":{"line":12,"column":20},"end":{"line":12,"column":28}},"7":{"start":{"line":14,"column":6},"end":{"line":34,"column":9}},"8":{"start":{"line":15,"column":8},"end":{"line":21,"column":9}},"9":{"start":{"line":17,"column":10},"end":{"line":20,"column":13}},"10":{"start":{"line":24,"column":8},"end":{"line":33,"column":9}},"11":{"start":{"line":25,"column":10},"end":{"line":25,"column":29}},"12":{"start":{"line":26,"column":10},"end":{"line":26,"column":17}},"13":{"start":{"line":29,"column":10},"end":{"line":32,"column":13}},"14":{"start":{"line":37,"column":6},"end":{"line":37,"column":57}},"15":{"start":{"line":41,"column":4},"end":{"line":41,"column":52}},"16":{"start":{"line":45,"column":0},"end":{"line":45,"column":25}}},"fnMap":{"0":{"name":"(anonymous_0)","decl":{"start":{"line":3,"column":16},"end":{"line":3,"column":17}},"loc":{"start":{"line":3,"column":36},"end":{"line":43,"column":1}},"line":3},"1":{"name":"(anonymous_1)","decl":{"start":{"line":14,"column":52},"end":{"line":14,"column":53}},"loc":{"start":{"line":14,"column":70},"end":{"line":34,"column":7}},"line":14}},"branchMap":{"0":{"loc":{"start":{"line":7,"column":2},"end":{"line":42,"column":3}},"type":"if","locations":[{"start":{"line":7,"column":2},"end":{"line":42,"column":3}},{"start":{"line":39,"column":9},"end":{"line":42,"column":3}}],"line":7},"1":{"loc":{"start":{"line":11,"column":4},"end":{"line":38,"column":5}},"type":"if","locations":[{"start":{"line":11,"column":4},"end":{"line":38,"column":5}},{"start":{"line":35,"column":11},"end":{"line":38,"column":5}}],"line":11},"2":{"loc":{"start":{"line":11,"column":8},"end":{"line":11,"column":51}},"type":"binary-expr","locations":[{"start":{"line":11,"column":8},"end":{"line":11,"column":26}},{"start":{"line":11,"column":30},"end":{"line":11,"column":51}}],"line":11},"3":{"loc":{"start":{"line":15,"column":8},"end":{"line":21,"column":9}},"type":"if","locations":[{"start":{"line":15,"column":8},"end":{"line":21,"column":9}},{"start":{},"end":{}}],"line":15},"4":{"loc":{"start":{"line":24,"column":8},"end":{"line":33,"column":9}},"type":"if","locations":[{"start":{"line":24,"column":8},"end":{"line":33,"column":9}},{"start":{"line":27,"column":15},"end":{"line":33,"column":9}}],"line":24},"5":{"loc":{"start":{"line":24,"column":12},"end":{"line":24,"column":48}},"type":"binary-expr","locations":[{"start":{"line":24,"column":12},"end":{"line":24,"column":19}},{"start":{"line":24,"column":23},"end":{"line":24,"column":48}}],"line":24}},"s":{"0":1,"1":1,"2":0,"3":0,"4":0,"5":0,"6":0,"7":0,"8":0,"9":0,"10":0,"11":0,"12":0,"13":0,"14":0,"15":0,"16":1},"f":{"0":0,"1":0},"b":{"0":[0,0],"1":[0,0],"2":[0,0],"3":[0,0],"4":[0,0],"5":[0,0]},"_coverageSchema":"1a1c01bbd47fc00a2c39e90264f33305004495a9","hash":"eb7b8bf7f7c18bc23aaa7b60a54816377b6306e4"}
,"C:\\Users\\houss\\OneDrive\\Bureau\\ynov\\CHY_PROJECT\\CHY_SERVER\\src\\middlewares\\isAuthenticate.js": {"path":"C:\\Users\\houss\\OneDrive\\Bureau\\ynov\\CHY_PROJECT\\CHY_SERVER\\src\\middlewares\\isAuthenticate.js","statementMap":{"0":{"start":{"line":1,"column":0},"end":{"line":40,"column":2}},"1":{"start":{"line":3,"column":30},"end":{"line":3,"column":55}},"2":{"start":{"line":4,"column":16},"end":{"line":4,"column":46}},"3":{"start":{"line":5,"column":2},"end":{"line":39,"column":3}},"4":{"start":{"line":6,"column":18},"end":{"line":6,"column":26}},"5":{"start":{"line":7,"column":4},"end":{"line":13,"column":5}},"6":{"start":{"line":9,"column":6},"end":{"line":12,"column":9}},"7":{"start":{"line":14,"column":6},"end":{"line":35,"column":5}},"8":{"start":{"line":19,"column":6},"end":{"line":28,"column":7}},"9":{"start":{"line":21,"column":8},"end":{"line":21,"column":22}},"10":{"start":{"line":24,"column":8},"end":{"line":27,"column":11}},"11":{"start":{"line":31,"column":6},"end":{"line":34,"column":9}},"12":{"start":{"line":38,"column":4},"end":{"line":38,"column":52}}},"fnMap":{"0":{"name":"(anonymous_0)","decl":{"start":{"line":1,"column":26},"end":{"line":1,"column":27}},"loc":{"start":{"line":1,"column":46},"end":{"line":40,"column":1}},"line":1}},"branchMap":{"0":{"loc":{"start":{"line":5,"column":2},"end":{"line":39,"column":3}},"type":"if","locations":[{"start":{"line":5,"column":2},"end":{"line":39,"column":3}},{"start":{"line":36,"column":9},"end":{"line":39,"column":3}}],"line":5},"1":{"loc":{"start":{"line":5,"column":6},"end":{"line":5,"column":49}},"type":"binary-expr","locations":[{"start":{"line":5,"column":6},"end":{"line":5,"column":24}},{"start":{"line":5,"column":28},"end":{"line":5,"column":49}}],"line":5},"2":{"loc":{"start":{"line":7,"column":4},"end":{"line":13,"column":5}},"type":"if","locations":[{"start":{"line":7,"column":4},"end":{"line":13,"column":5}},{"start":{},"end":{}}],"line":7},"3":{"loc":{"start":{"line":19,"column":6},"end":{"line":28,"column":7}},"type":"if","locations":[{"start":{"line":19,"column":6},"end":{"line":28,"column":7}},{"start":{"line":22,"column":13},"end":{"line":28,"column":7}}],"line":19}},"s":{"0":1,"1":0,"2":0,"3":0,"4":0,"5":0,"6":0,"7":0,"8":0,"9":0,"10":0,"11":0,"12":0},"f":{"0":0},"b":{"0":[0,0],"1":[0,0],"2":[0,0],"3":[0,0]},"_coverageSchema":"1a1c01bbd47fc00a2c39e90264f33305004495a9","hash":"212a97bc8dea696dc43018a6214d001a05890f6d"}
,"C:\\Users\\houss\\OneDrive\\Bureau\\ynov\\CHY_PROJECT\\CHY_SERVER\\src\\middlewares\\sendEmail.js": {"path":"C:\\Users\\houss\\OneDrive\\Bureau\\ynov\\CHY_PROJECT\\CHY_SERVER\\src\\middlewares\\sendEmail.js","statementMap":{"0":{"start":{"line":1,"column":19},"end":{"line":1,"column":40}},"1":{"start":{"line":2,"column":12},"end":{"line":2,"column":26}},"2":{"start":{"line":3,"column":11},"end":{"line":3,"column":33}},"3":{"start":{"line":4,"column":0},"end":{"line":4,"column":27}},"4":{"start":{"line":6,"column":21},"end":{"line":9,"column":1}},"5":{"start":{"line":7,"column":19},"end":{"line":7,"column":59}},"6":{"start":{"line":8,"column":2},"end":{"line":8,"column":40}},"7":{"start":{"line":11,"column":0},"end":{"line":52,"column":2}},"8":{"start":{"line":12,"column":2},"end":{"line":51,"column":3}},"9":{"start":{"line":13,"column":25},"end":{"line":13,"column":63}},"10":{"start":{"line":14,"column":24},"end":{"line":20,"column":6}},"11":{"start":{"line":22,"column":24},"end":{"line":27,"column":5}},"12":{"start":{"line":30,"column":4},"end":{"line":44,"column":7}},"13":{"start":{"line":31,"column":6},"end":{"line":43,"column":9}},"14":{"start":{"line":32,"column":8},"end":{"line":42,"column":9}},"15":{"start":{"line":33,"column":10},"end":{"line":36,"column":13}},"16":{"start":{"line":38,"column":10},"end":{"line":41,"column":13}},"17":{"start":{"line":46,"column":4},"end":{"line":46,"column":25}},"18":{"start":{"line":47,"column":4},"end":{"line":50,"column":6}}},"fnMap":{"0":{"name":"(anonymous_0)","decl":{"start":{"line":6,"column":21},"end":{"line":6,"column":22}},"loc":{"start":{"line":6,"column":51},"end":{"line":9,"column":1}},"line":6},"1":{"name":"(anonymous_1)","decl":{"start":{"line":11,"column":20},"end":{"line":11,"column":21}},"loc":{"start":{"line":11,"column":40},"end":{"line":52,"column":1}},"line":11},"2":{"name":"(anonymous_2)","decl":{"start":{"line":30,"column":23},"end":{"line":30,"column":24}},"loc":{"start":{"line":30,"column":44},"end":{"line":44,"column":5}},"line":30},"3":{"name":"(anonymous_3)","decl":{"start":{"line":31,"column":40},"end":{"line":31,"column":41}},"loc":{"start":{"line":31,"column":57},"end":{"line":43,"column":7}},"line":31}},"branchMap":{"0":{"loc":{"start":{"line":32,"column":8},"end":{"line":42,"column":9}},"type":"if","locations":[{"start":{"line":32,"column":8},"end":{"line":42,"column":9}},{"start":{"line":37,"column":15},"end":{"line":42,"column":9}}],"line":32}},"s":{"0":1,"1":1,"2":1,"3":1,"4":1,"5":0,"6":0,"7":1,"8":0,"9":0,"10":0,"11":0,"12":0,"13":0,"14":0,"15":0,"16":0,"17":0,"18":0},"f":{"0":0,"1":0,"2":0,"3":0},"b":{"0":[0,0]},"_coverageSchema":"1a1c01bbd47fc00a2c39e90264f33305004495a9","hash":"2fb46dd267b970d7556aae24e67b158eba4e6a27"}
,"C:\\Users\\houss\\OneDrive\\Bureau\\ynov\\CHY_PROJECT\\CHY_SERVER\\src\\models\\Account.js": {"path":"C:\\Users\\houss\\OneDrive\\Bureau\\ynov\\CHY_PROJECT\\CHY_SERVER\\src\\models\\Account.js","statementMap":{"0":{"start":{"line":1,"column":24},"end":{"line":1,"column":43}},"1":{"start":{"line":2,"column":12},"end":{"line":2,"column":42}},"2":{"start":{"line":3,"column":22},"end":{"line":56,"column":2}},"3":{"start":{"line":59,"column":16},"end":{"line":59,"column":47}},"4":{"start":{"line":60,"column":0},"end":{"line":60,"column":25}}},"fnMap":{},"branchMap":{},"s":{"0":1,"1":1,"2":1,"3":1,"4":1},"f":{},"b":{},"_coverageSchema":"1a1c01bbd47fc00a2c39e90264f33305004495a9","hash":"8a04d30183046518bc39ef71a3ea703e9bee4445"}
,"C:\\Users\\houss\\OneDrive\\Bureau\\ynov\\CHY_PROJECT\\CHY_SERVER\\src\\models\\Category.js": {"path":"C:\\Users\\houss\\OneDrive\\Bureau\\ynov\\CHY_PROJECT\\CHY_SERVER\\src\\models\\Category.js","statementMap":{"0":{"start":{"line":1,"column":23},"end":{"line":1,"column":42}},"1":{"start":{"line":3,"column":23},"end":{"line":20,"column":2}},"2":{"start":{"line":23,"column":17},"end":{"line":23,"column":50}},"3":{"start":{"line":24,"column":0},"end":{"line":24,"column":26}}},"fnMap":{},"branchMap":{},"s":{"0":1,"1":1,"2":1,"3":1},"f":{},"b":{},"_coverageSchema":"1a1c01bbd47fc00a2c39e90264f33305004495a9","hash":"9e839b5d2eb77c4c8f4842374803efbca497cea3"}
,"C:\\Users\\houss\\OneDrive\\Bureau\\ynov\\CHY_PROJECT\\CHY_SERVER\\src\\models\\Notification.js": {"path":"C:\\Users\\houss\\OneDrive\\Bureau\\ynov\\CHY_PROJECT\\CHY_SERVER\\src\\models\\Notification.js","statementMap":{"0":{"start":{"line":1,"column":26},"end":{"line":1,"column":45}},"1":{"start":{"line":2,"column":16},"end":{"line":2,"column":36}},"2":{"start":{"line":3,"column":20},"end":{"line":24,"column":2}},"3":{"start":{"line":27,"column":21},"end":{"line":27,"column":55}},"4":{"start":{"line":28,"column":0},"end":{"line":28,"column":30}}},"fnMap":{},"branchMap":{},"s":{"0":1,"1":1,"2":1,"3":1,"4":1},"f":{},"b":{},"_coverageSchema":"1a1c01bbd47fc00a2c39e90264f33305004495a9","hash":"6e40eac3d65394f50336ebe6ed09ea7a306fdae8"}
,"C:\\Users\\houss\\OneDrive\\Bureau\\ynov\\CHY_PROJECT\\CHY_SERVER\\src\\models\\Offer.js": {"path":"C:\\Users\\houss\\OneDrive\\Bureau\\ynov\\CHY_PROJECT\\CHY_SERVER\\src\\models\\Offer.js","statementMap":{"0":{"start":{"line":1,"column":25},"end":{"line":1,"column":44}},"1":{"start":{"line":2,"column":16},"end":{"line":2,"column":36}},"2":{"start":{"line":3,"column":20},"end":{"line":36,"column":2}},"3":{"start":{"line":39,"column":14},"end":{"line":39,"column":41}},"4":{"start":{"line":40,"column":0},"end":{"line":40,"column":23}}},"fnMap":{},"branchMap":{},"s":{"0":1,"1":1,"2":1,"3":1,"4":1},"f":{},"b":{},"_coverageSchema":"1a1c01bbd47fc00a2c39e90264f33305004495a9","hash":"08a152c01f0634e1c80793075d9460a8ad5dbadd"}
,"C:\\Users\\houss\\OneDrive\\Bureau\\ynov\\CHY_PROJECT\\CHY_SERVER\\src\\models\\Order.js": {"path":"C:\\Users\\houss\\OneDrive\\Bureau\\ynov\\CHY_PROJECT\\CHY_SERVER\\src\\models\\Order.js","statementMap":{"0":{"start":{"line":1,"column":26},"end":{"line":1,"column":45}},"1":{"start":{"line":2,"column":16},"end":{"line":2,"column":36}},"2":{"start":{"line":3,"column":16},"end":{"line":3,"column":36}},"3":{"start":{"line":4,"column":24},"end":{"line":10,"column":1}},"4":{"start":{"line":12,"column":26},"end":{"line":17,"column":1}},"5":{"start":{"line":19,"column":20},"end":{"line":71,"column":2}},"6":{"start":{"line":74,"column":14},"end":{"line":74,"column":41}},"7":{"start":{"line":75,"column":0},"end":{"line":75,"column":23}}},"fnMap":{},"branchMap":{},"s":{"0":1,"1":1,"2":1,"3":1,"4":1,"5":1,"6":1,"7":1},"f":{},"b":{},"_coverageSchema":"1a1c01bbd47fc00a2c39e90264f33305004495a9","hash":"7c4e975b151bd283686ec9e70a50903a9200fca6"}
,"C:\\Users\\houss\\OneDrive\\Bureau\\ynov\\CHY_PROJECT\\CHY_SERVER\\src\\models\\Product.js": {"path":"C:\\Users\\houss\\OneDrive\\Bureau\\ynov\\CHY_PROJECT\\CHY_SERVER\\src\\models\\Product.js","statementMap":{"0":{"start":{"line":1,"column":23},"end":{"line":1,"column":42}},"1":{"start":{"line":3,"column":22},"end":{"line":24,"column":2}},"2":{"start":{"line":26,"column":21},"end":{"line":43,"column":2}},"3":{"start":{"line":45,"column":22},"end":{"line":121,"column":2}},"4":{"start":{"line":124,"column":16},"end":{"line":124,"column":47}},"5":{"start":{"line":125,"column":0},"end":{"line":125,"column":25}}},"fnMap":{},"branchMap":{},"s":{"0":1,"1":1,"2":1,"3":1,"4":1,"5":1},"f":{},"b":{},"_coverageSchema":"1a1c01bbd47fc00a2c39e90264f33305004495a9","hash":"f4db5acb3cd48bf31403525d67236a33dc61a10e"}
,"C:\\Users\\houss\\OneDrive\\Bureau\\ynov\\CHY_PROJECT\\CHY_SERVER\\src\\models\\Shipping.js": {"path":"C:\\Users\\houss\\OneDrive\\Bureau\\ynov\\CHY_PROJECT\\CHY_SERVER\\src\\models\\Shipping.js","statementMap":{"0":{"start":{"line":1,"column":25},"end":{"line":1,"column":44}},"1":{"start":{"line":3,"column":27},"end":{"line":3,"column":60}},"2":{"start":{"line":5,"column":23},"end":{"line":23,"column":2}},"3":{"start":{"line":26,"column":17},"end":{"line":26,"column":50}},"4":{"start":{"line":27,"column":0},"end":{"line":27,"column":26}}},"fnMap":{},"branchMap":{},"s":{"0":1,"1":1,"2":1,"3":1,"4":1},"f":{},"b":{},"_coverageSchema":"1a1c01bbd47fc00a2c39e90264f33305004495a9","hash":"da464e0def611859df436ccf0e5df7fc55ea8374"}
,"C:\\Users\\houss\\OneDrive\\Bureau\\ynov\\CHY_PROJECT\\CHY_SERVER\\src\\models\\Transaction.js": {"path":"C:\\Users\\houss\\OneDrive\\Bureau\\ynov\\CHY_PROJECT\\CHY_SERVER\\src\\models\\Transaction.js","statementMap":{"0":{"start":{"line":1,"column":23},"end":{"line":1,"column":42}},"1":{"start":{"line":2,"column":14},"end":{"line":2,"column":32}},"2":{"start":{"line":3,"column":12},"end":{"line":3,"column":32}},"3":{"start":{"line":4,"column":26},"end":{"line":31,"column":2}},"4":{"start":{"line":34,"column":20},"end":{"line":34,"column":59}},"5":{"start":{"line":35,"column":0},"end":{"line":35,"column":29}}},"fnMap":{},"branchMap":{},"s":{"0":1,"1":1,"2":1,"3":1,"4":1,"5":1},"f":{},"b":{},"_coverageSchema":"1a1c01bbd47fc00a2c39e90264f33305004495a9","hash":"31266aa9331ab53d92df1fdba6b43769266abe05"}
}
