{"C:\\Users\\houss\\OneDrive\\Bureau\\ynov\\CHY_PROJECT\\CHY_SERVER\\src\\index.js": {"path":"C:\\Users\\houss\\OneDrive\\Bureau\\ynov\\CHY_PROJECT\\CHY_SERVER\\src\\index.js","statementMap":{"0":{"start":{"line":2,"column":0},"end":{"line":2,"column":27}},"1":{"start":{"line":3,"column":16},"end":{"line":3,"column":34}},"2":{"start":{"line":4,"column":13},"end":{"line":4,"column":28}},"3":{"start":{"line":5,"column":16},"end":{"line":5,"column":42}},"4":{"start":{"line":6,"column":18},"end":{"line":6,"column":47}},"5":{"start":{"line":7,"column":15},"end":{"line":7,"column":32}},"6":{"start":{"line":8,"column":17},"end":{"line":8,"column":39}},"7":{"start":{"line":9,"column":0},"end":{"line":9,"column":25}},"8":{"start":{"line":12,"column":12},"end":{"line":12,"column":21}},"9":{"start":{"line":13,"column":0},"end":{"line":13,"column":27}},"10":{"start":{"line":15,"column":0},"end":{"line":15,"column":51}},"11":{"start":{"line":17,"column":16},"end":{"line":20,"column":2}},"12":{"start":{"line":22,"column":0},"end":{"line":22,"column":17}},"13":{"start":{"line":24,"column":0},"end":{"line":24,"column":24}},"14":{"start":{"line":25,"column":0},"end":{"line":32,"column":2}},"15":{"start":{"line":33,"column":0},"end":{"line":39,"column":2}},"16":{"start":{"line":41,"column":0},"end":{"line":54,"column":2}},"17":{"start":{"line":58,"column":0},"end":{"line":58,"column":31}},"18":{"start":{"line":61,"column":13},"end":{"line":63,"column":2}},"19":{"start":{"line":62,"column":2},"end":{"line":62,"column":59}},"20":{"start":{"line":64,"column":0},"end":{"line":64,"column":23}}},"fnMap":{"0":{"name":"(anonymous_0)","decl":{"start":{"line":61,"column":42},"end":{"line":61,"column":43}},"loc":{"start":{"line":61,"column":48},"end":{"line":63,"column":1}},"line":61}},"branchMap":{},"s":{"0":1,"1":1,"2":1,"3":1,"4":1,"5":1,"6":1,"7":1,"8":1,"9":1,"10":1,"11":1,"12":1,"13":1,"14":1,"15":1,"16":1,"17":1,"18":1,"19":1,"20":1},"f":{"0":1},"b":{},"_coverageSchema":"1a1c01bbd47fc00a2c39e90264f33305004495a9","hash":"d058eef2b27706e4180b55ec3c50d2d5b8e4788d"}
,"C:\\Users\\houss\\OneDrive\\Bureau\\ynov\\CHY_PROJECT\\CHY_SERVER\\src\\api\\index.js": {"path":"C:\\Users\\houss\\OneDrive\\Bureau\\ynov\\CHY_PROJECT\\CHY_SERVER\\src\\api\\index.js","statementMap":{"0":{"start":{"line":1,"column":12},"end":{"line":1,"column":32}},"1":{"start":{"line":2,"column":17},"end":{"line":2,"column":45}},"2":{"start":{"line":3,"column":19},"end":{"line":3,"column":49}},"3":{"start":{"line":4,"column":17},"end":{"line":4,"column":45}},"4":{"start":{"line":5,"column":15},"end":{"line":5,"column":41}},"5":{"start":{"line":6,"column":15},"end":{"line":6,"column":41}},"6":{"start":{"line":7,"column":21},"end":{"line":7,"column":53}},"7":{"start":{"line":8,"column":22},"end":{"line":8,"column":55}},"8":{"start":{"line":9,"column":18},"end":{"line":9,"column":47}},"9":{"start":{"line":10,"column":11},"end":{"line":10,"column":45}},"10":{"start":{"line":12,"column":0},"end":{"line":12,"column":31}},"11":{"start":{"line":13,"column":0},"end":{"line":13,"column":35}},"12":{"start":{"line":14,"column":0},"end":{"line":14,"column":31}},"13":{"start":{"line":15,"column":0},"end":{"line":15,"column":27}},"14":{"start":{"line":16,"column":0},"end":{"line":16,"column":27}},"15":{"start":{"line":17,"column":0},"end":{"line":17,"column":39}},"16":{"start":{"line":18,"column":0},"end":{"line":18,"column":40}},"17":{"start":{"line":19,"column":0},"end":{"line":19,"column":32}},"18":{"start":{"line":20,"column":0},"end":{"line":20,"column":22}},"19":{"start":{"line":22,"column":0},"end":{"line":22,"column":21}}},"fnMap":{},"branchMap":{},"s":{"0":1,"1":1,"2":1,"3":1,"4":1,"5":1,"6":1,"7":1,"8":1,"9":1,"10":1,"11":1,"12":1,"13":1,"14":1,"15":1,"16":1,"17":1,"18":1,"19":1},"f":{},"b":{},"_coverageSchema":"1a1c01bbd47fc00a2c39e90264f33305004495a9","hash":"553d91dfd4cdbad594f8c894143e475f60336b43"}
,"C:\\Users\\houss\\OneDrive\\Bureau\\ynov\\CHY_PROJECT\\CHY_SERVER\\src\\api\\accounts\\controllers\\index.js": {"path":"C:\\Users\\houss\\OneDrive\\Bureau\\ynov\\CHY_PROJECT\\CHY_SERVER\\src\\api\\accounts\\controllers\\index.js","statementMap":{"0":{"start":{"line":1,"column":59},"end":{"line":1,"column":102}},"1":{"start":{"line":2,"column":16},"end":{"line":2,"column":50}},"2":{"start":{"line":5,"column":0},"end":{"line":24,"column":2}},"3":{"start":{"line":6,"column":4},"end":{"line":23,"column":5}},"4":{"start":{"line":7,"column":25},"end":{"line":7,"column":56}},"5":{"start":{"line":8,"column":8},"end":{"line":14,"column":9}},"6":{"start":{"line":9,"column":12},"end":{"line":13,"column":15}},"7":{"start":{"line":15,"column":8},"end":{"line":15,"column":51}},"8":{"start":{"line":17,"column":8},"end":{"line":22,"column":11}},"9":{"start":{"line":27,"column":0},"end":{"line":46,"column":2}},"10":{"start":{"line":28,"column":4},"end":{"line":45,"column":5}},"11":{"start":{"line":29,"column":25},"end":{"line":29,"column":47}},"12":{"start":{"line":30,"column":8},"end":{"line":36,"column":9}},"13":{"start":{"line":31,"column":12},"end":{"line":35,"column":15}},"14":{"start":{"line":37,"column":8},"end":{"line":37,"column":51}},"15":{"start":{"line":39,"column":8},"end":{"line":44,"column":11}},"16":{"start":{"line":49,"column":0},"end":{"line":68,"column":2}},"17":{"start":{"line":50,"column":4},"end":{"line":67,"column":5}},"18":{"start":{"line":51,"column":25},"end":{"line":51,"column":74}},"19":{"start":{"line":52,"column":8},"end":{"line":58,"column":9}},"20":{"start":{"line":53,"column":12},"end":{"line":57,"column":15}},"21":{"start":{"line":59,"column":8},"end":{"line":59,"column":51}},"22":{"start":{"line":61,"column":8},"end":{"line":66,"column":11}},"23":{"start":{"line":71,"column":0},"end":{"line":90,"column":2}},"24":{"start":{"line":72,"column":4},"end":{"line":89,"column":5}},"25":{"start":{"line":73,"column":25},"end":{"line":73,"column":70}},"26":{"start":{"line":74,"column":8},"end":{"line":80,"column":9}},"27":{"start":{"line":75,"column":12},"end":{"line":79,"column":15}},"28":{"start":{"line":81,"column":8},"end":{"line":81,"column":51}},"29":{"start":{"line":83,"column":8},"end":{"line":88,"column":11}},"30":{"start":{"line":93,"column":0},"end":{"line":112,"column":2}},"31":{"start":{"line":94,"column":4},"end":{"line":111,"column":5}},"32":{"start":{"line":95,"column":25},"end":{"line":95,"column":64}},"33":{"start":{"line":96,"column":8},"end":{"line":102,"column":9}},"34":{"start":{"line":97,"column":12},"end":{"line":101,"column":15}},"35":{"start":{"line":103,"column":8},"end":{"line":103,"column":51}},"36":{"start":{"line":105,"column":8},"end":{"line":110,"column":11}}},"fnMap":{"0":{"name":"(anonymous_0)","decl":{"start":{"line":5,"column":17},"end":{"line":5,"column":18}},"loc":{"start":{"line":5,"column":37},"end":{"line":24,"column":1}},"line":5},"1":{"name":"(anonymous_1)","decl":{"start":{"line":27,"column":18},"end":{"line":27,"column":19}},"loc":{"start":{"line":27,"column":38},"end":{"line":46,"column":1}},"line":27},"2":{"name":"(anonymous_2)","decl":{"start":{"line":49,"column":20},"end":{"line":49,"column":21}},"loc":{"start":{"line":49,"column":40},"end":{"line":68,"column":1}},"line":49},"3":{"name":"(anonymous_3)","decl":{"start":{"line":71,"column":18},"end":{"line":71,"column":19}},"loc":{"start":{"line":71,"column":38},"end":{"line":90,"column":1}},"line":71},"4":{"name":"(anonymous_4)","decl":{"start":{"line":93,"column":17},"end":{"line":93,"column":18}},"loc":{"start":{"line":93,"column":37},"end":{"line":112,"column":1}},"line":93}},"branchMap":{"0":{"loc":{"start":{"line":8,"column":8},"end":{"line":14,"column":9}},"type":"if","locations":[{"start":{"line":8,"column":8},"end":{"line":14,"column":9}},{"start":{},"end":{}}],"line":8},"1":{"loc":{"start":{"line":12,"column":25},"end":{"line":12,"column":58}},"type":"binary-expr","locations":[{"start":{"line":12,"column":25},"end":{"line":12,"column":41}},{"start":{"line":12,"column":45},"end":{"line":12,"column":58}}],"line":12},"2":{"loc":{"start":{"line":21,"column":19},"end":{"line":21,"column":58}},"type":"binary-expr","locations":[{"start":{"line":21,"column":19},"end":{"line":21,"column":32}},{"start":{"line":21,"column":36},"end":{"line":21,"column":58}}],"line":21},"3":{"loc":{"start":{"line":30,"column":8},"end":{"line":36,"column":9}},"type":"if","locations":[{"start":{"line":30,"column":8},"end":{"line":36,"column":9}},{"start":{},"end":{}}],"line":30},"4":{"loc":{"start":{"line":34,"column":25},"end":{"line":34,"column":58}},"type":"binary-expr","locations":[{"start":{"line":34,"column":25},"end":{"line":34,"column":41}},{"start":{"line":34,"column":45},"end":{"line":34,"column":58}}],"line":34},"5":{"loc":{"start":{"line":43,"column":19},"end":{"line":43,"column":58}},"type":"binary-expr","locations":[{"start":{"line":43,"column":19},"end":{"line":43,"column":32}},{"start":{"line":43,"column":36},"end":{"line":43,"column":58}}],"line":43},"6":{"loc":{"start":{"line":52,"column":8},"end":{"line":58,"column":9}},"type":"if","locations":[{"start":{"line":52,"column":8},"end":{"line":58,"column":9}},{"start":{},"end":{}}],"line":52},"7":{"loc":{"start":{"line":56,"column":25},"end":{"line":56,"column":58}},"type":"binary-expr","locations":[{"start":{"line":56,"column":25},"end":{"line":56,"column":41}},{"start":{"line":56,"column":45},"end":{"line":56,"column":58}}],"line":56},"8":{"loc":{"start":{"line":65,"column":19},"end":{"line":65,"column":58}},"type":"binary-expr","locations":[{"start":{"line":65,"column":19},"end":{"line":65,"column":32}},{"start":{"line":65,"column":36},"end":{"line":65,"column":58}}],"line":65},"9":{"loc":{"start":{"line":74,"column":8},"end":{"line":80,"column":9}},"type":"if","locations":[{"start":{"line":74,"column":8},"end":{"line":80,"column":9}},{"start":{},"end":{}}],"line":74},"10":{"loc":{"start":{"line":78,"column":25},"end":{"line":78,"column":58}},"type":"binary-expr","locations":[{"start":{"line":78,"column":25},"end":{"line":78,"column":41}},{"start":{"line":78,"column":45},"end":{"line":78,"column":58}}],"line":78},"11":{"loc":{"start":{"line":87,"column":19},"end":{"line":87,"column":58}},"type":"binary-expr","locations":[{"start":{"line":87,"column":19},"end":{"line":87,"column":32}},{"start":{"line":87,"column":36},"end":{"line":87,"column":58}}],"line":87},"12":{"loc":{"start":{"line":96,"column":8},"end":{"line":102,"column":9}},"type":"if","locations":[{"start":{"line":96,"column":8},"end":{"line":102,"column":9}},{"start":{},"end":{}}],"line":96},"13":{"loc":{"start":{"line":100,"column":25},"end":{"line":100,"column":58}},"type":"binary-expr","locations":[{"start":{"line":100,"column":25},"end":{"line":100,"column":41}},{"start":{"line":100,"column":45},"end":{"line":100,"column":58}}],"line":100},"14":{"loc":{"start":{"line":109,"column":19},"end":{"line":109,"column":58}},"type":"binary-expr","locations":[{"start":{"line":109,"column":19},"end":{"line":109,"column":32}},{"start":{"line":109,"column":36},"end":{"line":109,"column":58}}],"line":109}},"s":{"0":1,"1":1,"2":1,"3":0,"4":0,"5":0,"6":0,"7":0,"8":0,"9":1,"10":0,"11":0,"12":0,"13":0,"14":0,"15":0,"16":1,"17":0,"18":0,"19":0,"20":0,"21":0,"22":0,"23":1,"24":0,"25":0,"26":0,"27":0,"28":0,"29":0,"30":1,"31":0,"32":0,"33":0,"34":0,"35":0,"36":0},"f":{"0":0,"1":0,"2":0,"3":0,"4":0},"b":{"0":[0,0],"1":[0,0],"2":[0,0],"3":[0,0],"4":[0,0],"5":[0,0],"6":[0,0],"7":[0,0],"8":[0,0],"9":[0,0],"10":[0,0],"11":[0,0],"12":[0,0],"13":[0,0],"14":[0,0]},"_coverageSchema":"1a1c01bbd47fc00a2c39e90264f33305004495a9","hash":"5dfab528a3d686d83db27365793214a84f625669"}
,"C:\\Users\\houss\\OneDrive\\Bureau\\ynov\\CHY_PROJECT\\CHY_SERVER\\src\\api\\accounts\\routes\\index.js": {"path":"C:\\Users\\houss\\OneDrive\\Bureau\\ynov\\CHY_PROJECT\\CHY_SERVER\\src\\api\\accounts\\routes\\index.js","statementMap":{"0":{"start":{"line":1,"column":15},"end":{"line":1,"column":42}},"1":{"start":{"line":2,"column":16},"end":{"line":2,"column":55}},"2":{"start":{"line":3,"column":24},"end":{"line":3,"column":70}},"3":{"start":{"line":4,"column":24},"end":{"line":4,"column":67}},"4":{"start":{"line":5,"column":56},"end":{"line":5,"column":81}},"5":{"start":{"line":8,"column":0},"end":{"line":8,"column":24}},"6":{"start":{"line":10,"column":0},"end":{"line":10,"column":48}},"7":{"start":{"line":12,"column":0},"end":{"line":12,"column":43}},"8":{"start":{"line":14,"column":0},"end":{"line":14,"column":45}},"9":{"start":{"line":16,"column":0},"end":{"line":16,"column":56}},"10":{"start":{"line":19,"column":0},"end":{"line":19,"column":24}}},"fnMap":{},"branchMap":{},"s":{"0":1,"1":1,"2":1,"3":1,"4":1,"5":1,"6":1,"7":1,"8":1,"9":1,"10":1},"f":{},"b":{},"_coverageSchema":"1a1c01bbd47fc00a2c39e90264f33305004495a9","hash":"7cc66e526e6da01dfc1175961e3b2f854018d8f6"}
,"C:\\Users\\houss\\OneDrive\\Bureau\\ynov\\CHY_PROJECT\\CHY_SERVER\\src\\api\\authentication\\controllers\\index.js": {"path":"C:\\Users\\houss\\OneDrive\\Bureau\\ynov\\CHY_PROJECT\\CHY_SERVER\\src\\api\\authentication\\controllers\\index.js","statementMap":{"0":{"start":{"line":1,"column":16},"end":{"line":1,"column":34}},"1":{"start":{"line":2,"column":16},"end":{"line":2,"column":50}},"2":{"start":{"line":3,"column":15},"end":{"line":3,"column":32}},"3":{"start":{"line":8,"column":4},"end":{"line":8,"column":47}},"4":{"start":{"line":10,"column":16},"end":{"line":10,"column":42}},"5":{"start":{"line":11,"column":22},"end":{"line":11,"column":63}},"6":{"start":{"line":12,"column":0},"end":{"line":12,"column":27}},"7":{"start":{"line":13,"column":17},"end":{"line":13,"column":36}},"8":{"start":{"line":14,"column":21},"end":{"line":14,"column":64}},"9":{"start":{"line":16,"column":33},"end":{"line":19,"column":1}},"10":{"start":{"line":18,"column":2},"end":{"line":18,"column":53}},"11":{"start":{"line":21,"column":0},"end":{"line":70,"column":2}},"12":{"start":{"line":22,"column":57},"end":{"line":22,"column":65}},"13":{"start":{"line":23,"column":2},"end":{"line":23,"column":23}},"14":{"start":{"line":24,"column":2},"end":{"line":69,"column":3}},"15":{"start":{"line":25,"column":25},"end":{"line":25,"column":58}},"16":{"start":{"line":26,"column":4},"end":{"line":54,"column":5}},"17":{"start":{"line":27,"column":6},"end":{"line":30,"column":9}},"18":{"start":{"line":32,"column":31},"end":{"line":32,"column":57}},"19":{"start":{"line":33,"column":29},"end":{"line":33,"column":60}},"20":{"start":{"line":34,"column":6},"end":{"line":39,"column":9}},"21":{"start":{"line":42,"column":8},"end":{"line":42,"column":64}},"22":{"start":{"line":43,"column":19},"end":{"line":43,"column":56}},"23":{"start":{"line":44,"column":23},"end":{"line":52,"column":7}},"24":{"start":{"line":53,"column":6},"end":{"line":53,"column":37}},"25":{"start":{"line":56,"column":4},"end":{"line":68,"column":5}},"26":{"start":{"line":58,"column":6},"end":{"line":61,"column":9}},"27":{"start":{"line":63,"column":6},"end":{"line":63,"column":25}},"28":{"start":{"line":64,"column":6},"end":{"line":67,"column":9}},"29":{"start":{"line":72,"column":0},"end":{"line":115,"column":2}},"30":{"start":{"line":73,"column":28},"end":{"line":73,"column":36}},"31":{"start":{"line":74,"column":2},"end":{"line":114,"column":3}},"32":{"start":{"line":75,"column":17},"end":{"line":75,"column":50}},"33":{"start":{"line":76,"column":4},"end":{"line":80,"column":5}},"34":{"start":{"line":77,"column":6},"end":{"line":79,"column":72}},"35":{"start":{"line":82,"column":26},"end":{"line":82,"column":76}},"36":{"start":{"line":84,"column":4},"end":{"line":88,"column":5}},"37":{"start":{"line":85,"column":6},"end":{"line":87,"column":72}},"38":{"start":{"line":90,"column":29},"end":{"line":90,"column":55}},"39":{"start":{"line":91,"column":4},"end":{"line":95,"column":7}},"40":{"start":{"line":97,"column":27},"end":{"line":97,"column":63}},"41":{"start":{"line":98,"column":17},"end":{"line":98,"column":54}},"42":{"start":{"line":99,"column":21},"end":{"line":107,"column":5}},"43":{"start":{"line":108,"column":4},"end":{"line":108,"column":35}},"44":{"start":{"line":110,"column":4},"end":{"line":110,"column":25}},"45":{"start":{"line":111,"column":4},"end":{"line":113,"column":66}},"46":{"start":{"line":117,"column":0},"end":{"line":136,"column":2}},"47":{"start":{"line":118,"column":20},"end":{"line":118,"column":28}},"48":{"start":{"line":120,"column":27},"end":{"line":120,"column":53}},"49":{"start":{"line":122,"column":2},"end":{"line":122,"column":76}},"50":{"start":{"line":124,"column":25},"end":{"line":124,"column":70}},"51":{"start":{"line":125,"column":15},"end":{"line":125,"column":55}},"52":{"start":{"line":126,"column":19},"end":{"line":134,"column":3}},"53":{"start":{"line":135,"column":2},"end":{"line":135,"column":33}},"54":{"start":{"line":137,"column":0},"end":{"line":160,"column":2}},"55":{"start":{"line":139,"column":2},"end":{"line":144,"column":3}},"56":{"start":{"line":140,"column":4},"end":{"line":143,"column":7}},"57":{"start":{"line":147,"column":2},"end":{"line":159,"column":5}},"58":{"start":{"line":148,"column":4},"end":{"line":153,"column":5}},"59":{"start":{"line":149,"column":6},"end":{"line":149,"column":25}},"60":{"start":{"line":150,"column":6},"end":{"line":152,"column":68}},"61":{"start":{"line":155,"column":4},"end":{"line":158,"column":7}},"62":{"start":{"line":161,"column":0},"end":{"line":224,"column":2}},"63":{"start":{"line":162,"column":2},"end":{"line":203,"column":4}},"64":{"start":{"line":170,"column":8},"end":{"line":200,"column":9}},"65":{"start":{"line":172,"column":23},"end":{"line":172,"column":71}},"66":{"start":{"line":173,"column":10},"end":{"line":193,"column":11}},"67":{"start":{"line":174,"column":12},"end":{"line":174,"column":40}},"68":{"start":{"line":175,"column":12},"end":{"line":175,"column":35}},"69":{"start":{"line":176,"column":12},"end":{"line":176,"column":36}},"70":{"start":{"line":179,"column":28},"end":{"line":183,"column":14}},"71":{"start":{"line":185,"column":12},"end":{"line":192,"column":13}},"72":{"start":{"line":187,"column":14},"end":{"line":187,"column":45}},"73":{"start":{"line":188,"column":14},"end":{"line":188,"column":41}},"74":{"start":{"line":191,"column":14},"end":{"line":191,"column":76}},"75":{"start":{"line":196,"column":10},"end":{"line":196,"column":31}},"76":{"start":{"line":197,"column":10},"end":{"line":199,"column":13}},"77":{"start":{"line":205,"column":2},"end":{"line":207,"column":5}},"78":{"start":{"line":206,"column":4},"end":{"line":206,"column":21}},"79":{"start":{"line":209,"column":2},"end":{"line":223,"column":5}},"80":{"start":{"line":210,"column":4},"end":{"line":222,"column":5}},"81":{"start":{"line":211,"column":19},"end":{"line":211,"column":54}},"82":{"start":{"line":213,"column":6},"end":{"line":217,"column":7}},"83":{"start":{"line":214,"column":8},"end":{"line":214,"column":25}},"84":{"start":{"line":216,"column":8},"end":{"line":216,"column":58}},"85":{"start":{"line":220,"column":6},"end":{"line":220,"column":27}},"86":{"start":{"line":221,"column":6},"end":{"line":221,"column":67}}},"fnMap":{"0":{"name":"(anonymous_0)","decl":{"start":{"line":16,"column":33},"end":{"line":16,"column":34}},"loc":{"start":{"line":16,"column":39},"end":{"line":19,"column":1}},"line":16},"1":{"name":"(anonymous_1)","decl":{"start":{"line":21,"column":19},"end":{"line":21,"column":20}},"loc":{"start":{"line":21,"column":39},"end":{"line":70,"column":1}},"line":21},"2":{"name":"(anonymous_2)","decl":{"start":{"line":72,"column":16},"end":{"line":72,"column":17}},"loc":{"start":{"line":72,"column":36},"end":{"line":115,"column":1}},"line":72},"3":{"name":"(anonymous_3)","decl":{"start":{"line":117,"column":25},"end":{"line":117,"column":26}},"loc":{"start":{"line":117,"column":45},"end":{"line":136,"column":1}},"line":117},"4":{"name":"(anonymous_4)","decl":{"start":{"line":137,"column":17},"end":{"line":137,"column":18}},"loc":{"start":{"line":137,"column":31},"end":{"line":160,"column":1}},"line":137},"5":{"name":"(anonymous_5)","decl":{"start":{"line":147,"column":22},"end":{"line":147,"column":23}},"loc":{"start":{"line":147,"column":31},"end":{"line":159,"column":3}},"line":147},"6":{"name":"(anonymous_6)","decl":{"start":{"line":161,"column":17},"end":{"line":161,"column":18}},"loc":{"start":{"line":161,"column":23},"end":{"line":224,"column":1}},"line":161},"7":{"name":"(anonymous_7)","decl":{"start":{"line":169,"column":6},"end":{"line":169,"column":7}},"loc":{"start":{"line":169,"column":59},"end":{"line":201,"column":7}},"line":169},"8":{"name":"(anonymous_8)","decl":{"start":{"line":205,"column":25},"end":{"line":205,"column":26}},"loc":{"start":{"line":205,"column":41},"end":{"line":207,"column":3}},"line":205},"9":{"name":"(anonymous_9)","decl":{"start":{"line":209,"column":27},"end":{"line":209,"column":28}},"loc":{"start":{"line":209,"column":47},"end":{"line":223,"column":3}},"line":209}},"branchMap":{"0":{"loc":{"start":{"line":26,"column":4},"end":{"line":54,"column":5}},"type":"if","locations":[{"start":{"line":26,"column":4},"end":{"line":54,"column":5}},{"start":{"line":31,"column":11},"end":{"line":54,"column":5}}],"line":26},"1":{"loc":{"start":{"line":56,"column":4},"end":{"line":68,"column":5}},"type":"if","locations":[{"start":{"line":56,"column":4},"end":{"line":68,"column":5}},{"start":{"line":62,"column":11},"end":{"line":68,"column":5}}],"line":56},"2":{"loc":{"start":{"line":56,"column":8},"end":{"line":56,"column":55}},"type":"binary-expr","locations":[{"start":{"line":56,"column":8},"end":{"line":56,"column":33}},{"start":{"line":56,"column":37},"end":{"line":56,"column":55}}],"line":56},"3":{"loc":{"start":{"line":76,"column":4},"end":{"line":80,"column":5}},"type":"if","locations":[{"start":{"line":76,"column":4},"end":{"line":80,"column":5}},{"start":{},"end":{}}],"line":76},"4":{"loc":{"start":{"line":84,"column":4},"end":{"line":88,"column":5}},"type":"if","locations":[{"start":{"line":84,"column":4},"end":{"line":88,"column":5}},{"start":{},"end":{}}],"line":84},"5":{"loc":{"start":{"line":139,"column":2},"end":{"line":144,"column":3}},"type":"if","locations":[{"start":{"line":139,"column":2},"end":{"line":144,"column":3}},{"start":{},"end":{}}],"line":139},"6":{"loc":{"start":{"line":148,"column":4},"end":{"line":153,"column":5}},"type":"if","locations":[{"start":{"line":148,"column":4},"end":{"line":153,"column":5}},{"start":{},"end":{}}],"line":148},"7":{"loc":{"start":{"line":173,"column":10},"end":{"line":193,"column":11}},"type":"if","locations":[{"start":{"line":173,"column":10},"end":{"line":193,"column":11}},{"start":{"line":177,"column":17},"end":{"line":193,"column":11}}],"line":173},"8":{"loc":{"start":{"line":185,"column":12},"end":{"line":192,"column":13}},"type":"if","locations":[{"start":{"line":185,"column":12},"end":{"line":192,"column":13}},{"start":{"line":189,"column":19},"end":{"line":192,"column":13}}],"line":185},"9":{"loc":{"start":{"line":213,"column":6},"end":{"line":217,"column":7}},"type":"if","locations":[{"start":{"line":213,"column":6},"end":{"line":217,"column":7}},{"start":{"line":215,"column":13},"end":{"line":217,"column":7}}],"line":213}},"s":{"0":1,"1":1,"2":1,"3":1,"4":1,"5":1,"6":1,"7":1,"8":1,"9":1,"10":0,"11":1,"12":0,"13":0,"14":0,"15":0,"16":0,"17":0,"18":0,"19":0,"20":0,"21":0,"22":0,"23":0,"24":0,"25":0,"26":0,"27":0,"28":0,"29":1,"30":0,"31":0,"32":0,"33":0,"34":0,"35":0,"36":0,"37":0,"38":0,"39":0,"40":0,"41":0,"42":0,"43":0,"44":0,"45":0,"46":1,"47":0,"48":0,"49":0,"50":0,"51":0,"52":0,"53":0,"54":1,"55":0,"56":0,"57":0,"58":0,"59":0,"60":0,"61":0,"62":1,"63":1,"64":0,"65":0,"66":0,"67":0,"68":0,"69":0,"70":0,"71":0,"72":0,"73":0,"74":0,"75":0,"76":0,"77":1,"78":0,"79":1,"80":0,"81":0,"82":0,"83":0,"84":0,"85":0,"86":0},"f":{"0":0,"1":0,"2":0,"3":0,"4":0,"5":0,"6":1,"7":0,"8":0,"9":0},"b":{"0":[0,0],"1":[0,0],"2":[0,0],"3":[0,0],"4":[0,0],"5":[0,0],"6":[0,0],"7":[0,0],"8":[0,0],"9":[0,0]},"_coverageSchema":"1a1c01bbd47fc00a2c39e90264f33305004495a9","hash":"e9cb0ca22c6d88f01cf32335cecdbbd8c2a30e8f"}
,"C:\\Users\\houss\\OneDrive\\Bureau\\ynov\\CHY_PROJECT\\CHY_SERVER\\src\\api\\authentication\\middelwares\\validationDataLogin.js": {"path":"C:\\Users\\houss\\OneDrive\\Bureau\\ynov\\CHY_PROJECT\\CHY_SERVER\\src\\api\\authentication\\middelwares\\validationDataLogin.js","statementMap":{"0":{"start":{"line":1,"column":35},"end":{"line":1,"column":63}},"1":{"start":{"line":2,"column":12},"end":{"line":2,"column":26}},"2":{"start":{"line":4,"column":24},"end":{"line":19,"column":1}},"3":{"start":{"line":11,"column":32},"end":{"line":11,"column":42}},"4":{"start":{"line":16,"column":32},"end":{"line":16,"column":42}},"5":{"start":{"line":21,"column":36},"end":{"line":35,"column":1}},"6":{"start":{"line":22,"column":17},"end":{"line":22,"column":38}},"7":{"start":{"line":24,"column":2},"end":{"line":31,"column":3}},"8":{"start":{"line":25,"column":26},"end":{"line":28,"column":7}},"9":{"start":{"line":25,"column":57},"end":{"line":28,"column":5}},"10":{"start":{"line":30,"column":4},"end":{"line":30,"column":75}},"11":{"start":{"line":34,"column":2},"end":{"line":34,"column":9}},"12":{"start":{"line":37,"column":0},"end":{"line":37,"column":66}}},"fnMap":{"0":{"name":"(anonymous_0)","decl":{"start":{"line":11,"column":21},"end":{"line":11,"column":22}},"loc":{"start":{"line":11,"column":32},"end":{"line":11,"column":42}},"line":11},"1":{"name":"(anonymous_1)","decl":{"start":{"line":16,"column":21},"end":{"line":16,"column":22}},"loc":{"start":{"line":16,"column":32},"end":{"line":16,"column":42}},"line":16},"2":{"name":"(anonymous_2)","decl":{"start":{"line":21,"column":36},"end":{"line":21,"column":37}},"loc":{"start":{"line":21,"column":56},"end":{"line":35,"column":1}},"line":21},"3":{"name":"(anonymous_3)","decl":{"start":{"line":25,"column":45},"end":{"line":25,"column":46}},"loc":{"start":{"line":25,"column":57},"end":{"line":28,"column":5}},"line":25}},"branchMap":{"0":{"loc":{"start":{"line":24,"column":2},"end":{"line":31,"column":3}},"type":"if","locations":[{"start":{"line":24,"column":2},"end":{"line":31,"column":3}},{"start":{},"end":{}}],"line":24}},"s":{"0":1,"1":1,"2":1,"3":0,"4":0,"5":1,"6":0,"7":0,"8":0,"9":0,"10":0,"11":0,"12":1},"f":{"0":0,"1":0,"2":0,"3":0},"b":{"0":[0,0]},"_coverageSchema":"1a1c01bbd47fc00a2c39e90264f33305004495a9","hash":"f10084586064c4caa9de2b29759ed9142cbc87c3"}
,"C:\\Users\\houss\\OneDrive\\Bureau\\ynov\\CHY_PROJECT\\CHY_SERVER\\src\\api\\authentication\\middelwares\\validationDataRegister.js": {"path":"C:\\Users\\houss\\OneDrive\\Bureau\\ynov\\CHY_PROJECT\\CHY_SERVER\\src\\api\\authentication\\middelwares\\validationDataRegister.js","statementMap":{"0":{"start":{"line":1,"column":35},"end":{"line":1,"column":63}},"1":{"start":{"line":3,"column":27},"end":{"line":20,"column":1}},"2":{"start":{"line":14,"column":6},"end":{"line":16,"column":7}},"3":{"start":{"line":15,"column":8},"end":{"line":15,"column":50}},"4":{"start":{"line":17,"column":6},"end":{"line":17,"column":18}},"5":{"start":{"line":22,"column":39},"end":{"line":35,"column":1}},"6":{"start":{"line":23,"column":17},"end":{"line":23,"column":38}},"7":{"start":{"line":25,"column":2},"end":{"line":31,"column":3}},"8":{"start":{"line":26,"column":26},"end":{"line":29,"column":7}},"9":{"start":{"line":26,"column":57},"end":{"line":29,"column":5}},"10":{"start":{"line":30,"column":4},"end":{"line":30,"column":75}},"11":{"start":{"line":34,"column":2},"end":{"line":34,"column":9}},"12":{"start":{"line":37,"column":0},"end":{"line":37,"column":72}}},"fnMap":{"0":{"name":"(anonymous_0)","decl":{"start":{"line":13,"column":12},"end":{"line":13,"column":13}},"loc":{"start":{"line":13,"column":32},"end":{"line":18,"column":5}},"line":13},"1":{"name":"(anonymous_1)","decl":{"start":{"line":22,"column":39},"end":{"line":22,"column":40}},"loc":{"start":{"line":22,"column":59},"end":{"line":35,"column":1}},"line":22},"2":{"name":"(anonymous_2)","decl":{"start":{"line":26,"column":45},"end":{"line":26,"column":46}},"loc":{"start":{"line":26,"column":57},"end":{"line":29,"column":5}},"line":26}},"branchMap":{"0":{"loc":{"start":{"line":14,"column":6},"end":{"line":16,"column":7}},"type":"if","locations":[{"start":{"line":14,"column":6},"end":{"line":16,"column":7}},{"start":{},"end":{}}],"line":14},"1":{"loc":{"start":{"line":25,"column":2},"end":{"line":31,"column":3}},"type":"if","locations":[{"start":{"line":25,"column":2},"end":{"line":31,"column":3}},{"start":{},"end":{}}],"line":25}},"s":{"0":1,"1":1,"2":1,"3":1,"4":0,"5":1,"6":1,"7":1,"8":1,"9":1,"10":1,"11":0,"12":1},"f":{"0":1,"1":1,"2":1},"b":{"0":[1,0],"1":[1,0]},"_coverageSchema":"1a1c01bbd47fc00a2c39e90264f33305004495a9","hash":"0aad9e6505565fafae3297600806830fdd0d5060"}
,"C:\\Users\\houss\\OneDrive\\Bureau\\ynov\\CHY_PROJECT\\CHY_SERVER\\src\\api\\authentication\\middelwares\\verifyForEmail.js": {"path":"C:\\Users\\houss\\OneDrive\\Bureau\\ynov\\CHY_PROJECT\\CHY_SERVER\\src\\api\\authentication\\middelwares\\verifyForEmail.js","statementMap":{"0":{"start":{"line":1,"column":16},"end":{"line":1,"column":50}},"1":{"start":{"line":2,"column":12},"end":{"line":2,"column":35}},"2":{"start":{"line":3,"column":16},"end":{"line":3,"column":42}},"3":{"start":{"line":5,"column":0},"end":{"line":51,"column":2}},"4":{"start":{"line":6,"column":19},"end":{"line":6,"column":27}},"5":{"start":{"line":8,"column":2},"end":{"line":50,"column":3}},"6":{"start":{"line":9,"column":17},"end":{"line":13,"column":5}},"7":{"start":{"line":15,"column":4},"end":{"line":20,"column":5}},"8":{"start":{"line":16,"column":6},"end":{"line":19,"column":9}},"9":{"start":{"line":22,"column":18},"end":{"line":32,"column":5}},"10":{"start":{"line":34,"column":4},"end":{"line":34,"column":34}},"11":{"start":{"line":35,"column":4},"end":{"line":35,"column":30}},"12":{"start":{"line":36,"column":4},"end":{"line":36,"column":32}},"13":{"start":{"line":37,"column":4},"end":{"line":37,"column":33}},"14":{"start":{"line":38,"column":4},"end":{"line":38,"column":29}},"15":{"start":{"line":39,"column":4},"end":{"line":43,"column":7}},"16":{"start":{"line":45,"column":4},"end":{"line":45,"column":25}},"17":{"start":{"line":46,"column":4},"end":{"line":49,"column":7}}},"fnMap":{"0":{"name":"(anonymous_0)","decl":{"start":{"line":5,"column":25},"end":{"line":5,"column":26}},"loc":{"start":{"line":5,"column":45},"end":{"line":51,"column":1}},"line":5}},"branchMap":{"0":{"loc":{"start":{"line":15,"column":4},"end":{"line":20,"column":5}},"type":"if","locations":[{"start":{"line":15,"column":4},"end":{"line":20,"column":5}},{"start":{},"end":{}}],"line":15}},"s":{"0":1,"1":1,"2":1,"3":1,"4":0,"5":0,"6":0,"7":0,"8":0,"9":0,"10":0,"11":0,"12":0,"13":0,"14":0,"15":0,"16":0,"17":0},"f":{"0":0},"b":{"0":[0,0]},"_coverageSchema":"1a1c01bbd47fc00a2c39e90264f33305004495a9","hash":"4748d1115e2036ea1e024358ab370e286de4f1ac"}
,"C:\\Users\\houss\\OneDrive\\Bureau\\ynov\\CHY_PROJECT\\CHY_SERVER\\src\\api\\authentication\\middelwares\\verifyForPassword.js": {"path":"C:\\Users\\houss\\OneDrive\\Bureau\\ynov\\CHY_PROJECT\\CHY_SERVER\\src\\api\\authentication\\middelwares\\verifyForPassword.js","statementMap":{"0":{"start":{"line":1,"column":16},"end":{"line":1,"column":50}},"1":{"start":{"line":2,"column":12},"end":{"line":2,"column":35}},"2":{"start":{"line":3,"column":0},"end":{"line":31,"column":1}},"3":{"start":{"line":4,"column":22},"end":{"line":4,"column":30}},"4":{"start":{"line":6,"column":2},"end":{"line":30,"column":3}},"5":{"start":{"line":7,"column":17},"end":{"line":7,"column":66}},"6":{"start":{"line":9,"column":4},"end":{"line":14,"column":5}},"7":{"start":{"line":10,"column":6},"end":{"line":13,"column":9}},"8":{"start":{"line":16,"column":4},"end":{"line":16,"column":27}},"9":{"start":{"line":17,"column":4},"end":{"line":17,"column":38}},"10":{"start":{"line":18,"column":4},"end":{"line":18,"column":22}},"11":{"start":{"line":19,"column":6},"end":{"line":22,"column":9}},"12":{"start":{"line":25,"column":4},"end":{"line":25,"column":25}},"13":{"start":{"line":26,"column":4},"end":{"line":29,"column":7}}},"fnMap":{"0":{"name":"(anonymous_0)","decl":{"start":{"line":3,"column":25},"end":{"line":3,"column":26}},"loc":{"start":{"line":3,"column":45},"end":{"line":31,"column":1}},"line":3}},"branchMap":{"0":{"loc":{"start":{"line":9,"column":4},"end":{"line":14,"column":5}},"type":"if","locations":[{"start":{"line":9,"column":4},"end":{"line":14,"column":5}},{"start":{},"end":{}}],"line":9}},"s":{"0":1,"1":1,"2":1,"3":0,"4":0,"5":0,"6":0,"7":0,"8":0,"9":0,"10":0,"11":0,"12":0,"13":0},"f":{"0":0},"b":{"0":[0,0]},"_coverageSchema":"1a1c01bbd47fc00a2c39e90264f33305004495a9","hash":"c83748d3b54a64d10f80cff45f18d8cdc1b0cdaf"}
,"C:\\Users\\houss\\OneDrive\\Bureau\\ynov\\CHY_PROJECT\\CHY_SERVER\\src\\api\\authentication\\routes\\index.js": {"path":"C:\\Users\\houss\\OneDrive\\Bureau\\ynov\\CHY_PROJECT\\CHY_SERVER\\src\\api\\authentication\\routes\\index.js","statementMap":{"0":{"start":{"line":1,"column":15},"end":{"line":1,"column":42}},"1":{"start":{"line":2,"column":35},"end":{"line":2,"column":60}},"2":{"start":{"line":3,"column":63},"end":{"line":3,"column":111}},"3":{"start":{"line":4,"column":57},"end":{"line":4,"column":102}},"4":{"start":{"line":5,"column":27},"end":{"line":5,"column":67}},"5":{"start":{"line":6,"column":27},"end":{"line":6,"column":58}},"6":{"start":{"line":7,"column":24},"end":{"line":7,"column":67}},"7":{"start":{"line":8,"column":25},"end":{"line":8,"column":71}},"8":{"start":{"line":9,"column":17},"end":{"line":9,"column":36}},"9":{"start":{"line":10,"column":19},"end":{"line":10,"column":44}},"10":{"start":{"line":13,"column":0},"end":{"line":13,"column":9}},"11":{"start":{"line":14,"column":0},"end":{"line":14,"column":87}},"12":{"start":{"line":15,"column":0},"end":{"line":15,"column":75}},"13":{"start":{"line":16,"column":0},"end":{"line":16,"column":45}},"14":{"start":{"line":17,"column":0},"end":{"line":17,"column":38}},"15":{"start":{"line":18,"column":0},"end":{"line":18,"column":47}},"16":{"start":{"line":19,"column":0},"end":{"line":19,"column":46}},"17":{"start":{"line":20,"column":0},"end":{"line":20,"column":88}},"18":{"start":{"line":21,"column":0},"end":{"line":32,"column":2}},"19":{"start":{"line":25,"column":4},"end":{"line":30,"column":7}},"20":{"start":{"line":33,"column":0},"end":{"line":33,"column":24}}},"fnMap":{"0":{"name":"(anonymous_0)","decl":{"start":{"line":23,"column":2},"end":{"line":23,"column":3}},"loc":{"start":{"line":23,"column":16},"end":{"line":31,"column":3}},"line":23}},"branchMap":{},"s":{"0":1,"1":1,"2":1,"3":1,"4":1,"5":1,"6":1,"7":1,"8":1,"9":1,"10":1,"11":1,"12":1,"13":1,"14":1,"15":1,"16":1,"17":1,"18":1,"19":0,"20":1},"f":{"0":0},"b":{},"_coverageSchema":"1a1c01bbd47fc00a2c39e90264f33305004495a9","hash":"3b36e0f86fade756359d48b03b60ce79f60cc0d1"}
,"C:\\Users\\houss\\OneDrive\\Bureau\\ynov\\CHY_PROJECT\\CHY_SERVER\\src\\api\\categories\\controllers\\index.js": {"path":"C:\\Users\\houss\\OneDrive\\Bureau\\ynov\\CHY_PROJECT\\CHY_SERVER\\src\\api\\categories\\controllers\\index.js","statementMap":{"0":{"start":{"line":7,"column":4},"end":{"line":7,"column":47}},"1":{"start":{"line":8,"column":17},"end":{"line":8,"column":52}},"2":{"start":{"line":12,"column":4},"end":{"line":12,"column":51}},"3":{"start":{"line":14,"column":0},"end":{"line":90,"column":2}},"4":{"start":{"line":15,"column":2},"end":{"line":89,"column":3}},"5":{"start":{"line":16,"column":8},"end":{"line":16,"column":53}},"6":{"start":{"line":17,"column":8},"end":{"line":17,"column":54}},"7":{"start":{"line":19,"column":25},"end":{"line":19,"column":85}},"8":{"start":{"line":20,"column":6},"end":{"line":26,"column":7}},"9":{"start":{"line":21,"column":8},"end":{"line":25,"column":11}},"10":{"start":{"line":29,"column":6},"end":{"line":35,"column":9}},"11":{"start":{"line":30,"column":8},"end":{"line":34,"column":11}},"12":{"start":{"line":37,"column":26},"end":{"line":42,"column":7}},"13":{"start":{"line":44,"column":30},"end":{"line":46,"column":8}},"14":{"start":{"line":48,"column":6},"end":{"line":54,"column":7}},"15":{"start":{"line":49,"column":8},"end":{"line":53,"column":11}},"16":{"start":{"line":57,"column":6},"end":{"line":75,"column":9}},"17":{"start":{"line":61,"column":27},"end":{"line":61,"column":29}},"18":{"start":{"line":63,"column":31},"end":{"line":72,"column":10}},"19":{"start":{"line":64,"column":26},"end":{"line":69,"column":13}},"20":{"start":{"line":70,"column":12},"end":{"line":70,"column":34}},"21":{"start":{"line":74,"column":8},"end":{"line":74,"column":42}},"22":{"start":{"line":76,"column":7},"end":{"line":78,"column":9}},"23":{"start":{"line":79,"column":6},"end":{"line":79,"column":49}},"24":{"start":{"line":82,"column":4},"end":{"line":82,"column":54}},"25":{"start":{"line":83,"column":4},"end":{"line":88,"column":7}},"26":{"start":{"line":93,"column":0},"end":{"line":112,"column":2}},"27":{"start":{"line":94,"column":2},"end":{"line":111,"column":3}},"28":{"start":{"line":95,"column":23},"end":{"line":95,"column":46}},"29":{"start":{"line":96,"column":4},"end":{"line":102,"column":5}},"30":{"start":{"line":97,"column":6},"end":{"line":101,"column":9}},"31":{"start":{"line":103,"column":4},"end":{"line":103,"column":51}},"32":{"start":{"line":105,"column":4},"end":{"line":110,"column":7}},"33":{"start":{"line":115,"column":0},"end":{"line":134,"column":2}},"34":{"start":{"line":116,"column":2},"end":{"line":133,"column":3}},"35":{"start":{"line":117,"column":21},"end":{"line":117,"column":71}},"36":{"start":{"line":118,"column":4},"end":{"line":124,"column":5}},"37":{"start":{"line":119,"column":6},"end":{"line":123,"column":9}},"38":{"start":{"line":125,"column":4},"end":{"line":125,"column":47}},"39":{"start":{"line":127,"column":4},"end":{"line":132,"column":7}},"40":{"start":{"line":137,"column":0},"end":{"line":156,"column":2}},"41":{"start":{"line":138,"column":2},"end":{"line":155,"column":3}},"42":{"start":{"line":139,"column":21},"end":{"line":139,"column":68}},"43":{"start":{"line":140,"column":4},"end":{"line":146,"column":5}},"44":{"start":{"line":141,"column":6},"end":{"line":145,"column":9}},"45":{"start":{"line":147,"column":4},"end":{"line":147,"column":47}},"46":{"start":{"line":149,"column":4},"end":{"line":154,"column":7}},"47":{"start":{"line":159,"column":0},"end":{"line":178,"column":2}},"48":{"start":{"line":160,"column":2},"end":{"line":177,"column":3}},"49":{"start":{"line":161,"column":21},"end":{"line":161,"column":61}},"50":{"start":{"line":162,"column":4},"end":{"line":168,"column":5}},"51":{"start":{"line":163,"column":6},"end":{"line":167,"column":9}},"52":{"start":{"line":169,"column":4},"end":{"line":169,"column":47}},"53":{"start":{"line":171,"column":4},"end":{"line":176,"column":7}}},"fnMap":{"0":{"name":"(anonymous_0)","decl":{"start":{"line":14,"column":17},"end":{"line":14,"column":18}},"loc":{"start":{"line":14,"column":37},"end":{"line":90,"column":1}},"line":14},"1":{"name":"(anonymous_1)","decl":{"start":{"line":63,"column":55},"end":{"line":63,"column":56}},"loc":{"start":{"line":63,"column":78},"end":{"line":72,"column":9}},"line":63},"2":{"name":"(anonymous_2)","decl":{"start":{"line":93,"column":18},"end":{"line":93,"column":19}},"loc":{"start":{"line":93,"column":38},"end":{"line":112,"column":1}},"line":93},"3":{"name":"(anonymous_3)","decl":{"start":{"line":115,"column":20},"end":{"line":115,"column":21}},"loc":{"start":{"line":115,"column":40},"end":{"line":134,"column":1}},"line":115},"4":{"name":"(anonymous_4)","decl":{"start":{"line":137,"column":18},"end":{"line":137,"column":19}},"loc":{"start":{"line":137,"column":38},"end":{"line":156,"column":1}},"line":137},"5":{"name":"(anonymous_5)","decl":{"start":{"line":159,"column":17},"end":{"line":159,"column":18}},"loc":{"start":{"line":159,"column":37},"end":{"line":178,"column":1}},"line":159}},"branchMap":{"0":{"loc":{"start":{"line":20,"column":6},"end":{"line":26,"column":7}},"type":"if","locations":[{"start":{"line":20,"column":6},"end":{"line":26,"column":7}},{"start":{},"end":{}}],"line":20},"1":{"loc":{"start":{"line":24,"column":19},"end":{"line":24,"column":52}},"type":"binary-expr","locations":[{"start":{"line":24,"column":19},"end":{"line":24,"column":35}},{"start":{"line":24,"column":39},"end":{"line":24,"column":52}}],"line":24},"2":{"loc":{"start":{"line":29,"column":6},"end":{"line":35,"column":9}},"type":"if","locations":[{"start":{"line":29,"column":6},"end":{"line":35,"column":9}},{"start":{},"end":{}}],"line":29},"3":{"loc":{"start":{"line":29,"column":10},"end":{"line":29,"column":72}},"type":"binary-expr","locations":[{"start":{"line":29,"column":10},"end":{"line":29,"column":33}},{"start":{"line":29,"column":37},"end":{"line":29,"column":72}}],"line":29},"4":{"loc":{"start":{"line":48,"column":6},"end":{"line":54,"column":7}},"type":"if","locations":[{"start":{"line":48,"column":6},"end":{"line":54,"column":7}},{"start":{},"end":{}}],"line":48},"5":{"loc":{"start":{"line":52,"column":19},"end":{"line":52,"column":59}},"type":"binary-expr","locations":[{"start":{"line":52,"column":19},"end":{"line":52,"column":42}},{"start":{"line":52,"column":46},"end":{"line":52,"column":59}}],"line":52},"6":{"loc":{"start":{"line":57,"column":6},"end":{"line":75,"column":9}},"type":"if","locations":[{"start":{"line":57,"column":6},"end":{"line":75,"column":9}},{"start":{"line":59,"column":13},"end":{"line":75,"column":9}}],"line":57},"7":{"loc":{"start":{"line":57,"column":10},"end":{"line":57,"column":66}},"type":"binary-expr","locations":[{"start":{"line":57,"column":10},"end":{"line":57,"column":30}},{"start":{"line":57,"column":34},"end":{"line":57,"column":66}}],"line":57},"8":{"loc":{"start":{"line":87,"column":13},"end":{"line":87,"column":52}},"type":"binary-expr","locations":[{"start":{"line":87,"column":13},"end":{"line":87,"column":26}},{"start":{"line":87,"column":30},"end":{"line":87,"column":52}}],"line":87},"9":{"loc":{"start":{"line":96,"column":4},"end":{"line":102,"column":5}},"type":"if","locations":[{"start":{"line":96,"column":4},"end":{"line":102,"column":5}},{"start":{},"end":{}}],"line":96},"10":{"loc":{"start":{"line":100,"column":17},"end":{"line":100,"column":52}},"type":"binary-expr","locations":[{"start":{"line":100,"column":17},"end":{"line":100,"column":35}},{"start":{"line":100,"column":39},"end":{"line":100,"column":52}}],"line":100},"11":{"loc":{"start":{"line":109,"column":13},"end":{"line":109,"column":52}},"type":"binary-expr","locations":[{"start":{"line":109,"column":13},"end":{"line":109,"column":26}},{"start":{"line":109,"column":30},"end":{"line":109,"column":52}}],"line":109},"12":{"loc":{"start":{"line":118,"column":4},"end":{"line":124,"column":5}},"type":"if","locations":[{"start":{"line":118,"column":4},"end":{"line":124,"column":5}},{"start":{},"end":{}}],"line":118},"13":{"loc":{"start":{"line":122,"column":17},"end":{"line":122,"column":50}},"type":"binary-expr","locations":[{"start":{"line":122,"column":17},"end":{"line":122,"column":33}},{"start":{"line":122,"column":37},"end":{"line":122,"column":50}}],"line":122},"14":{"loc":{"start":{"line":131,"column":13},"end":{"line":131,"column":52}},"type":"binary-expr","locations":[{"start":{"line":131,"column":13},"end":{"line":131,"column":26}},{"start":{"line":131,"column":30},"end":{"line":131,"column":52}}],"line":131},"15":{"loc":{"start":{"line":140,"column":4},"end":{"line":146,"column":5}},"type":"if","locations":[{"start":{"line":140,"column":4},"end":{"line":146,"column":5}},{"start":{},"end":{}}],"line":140},"16":{"loc":{"start":{"line":144,"column":17},"end":{"line":144,"column":50}},"type":"binary-expr","locations":[{"start":{"line":144,"column":17},"end":{"line":144,"column":33}},{"start":{"line":144,"column":37},"end":{"line":144,"column":50}}],"line":144},"17":{"loc":{"start":{"line":153,"column":13},"end":{"line":153,"column":52}},"type":"binary-expr","locations":[{"start":{"line":153,"column":13},"end":{"line":153,"column":26}},{"start":{"line":153,"column":30},"end":{"line":153,"column":52}}],"line":153},"18":{"loc":{"start":{"line":162,"column":4},"end":{"line":168,"column":5}},"type":"if","locations":[{"start":{"line":162,"column":4},"end":{"line":168,"column":5}},{"start":{},"end":{}}],"line":162},"19":{"loc":{"start":{"line":166,"column":17},"end":{"line":166,"column":50}},"type":"binary-expr","locations":[{"start":{"line":166,"column":17},"end":{"line":166,"column":33}},{"start":{"line":166,"column":37},"end":{"line":166,"column":50}}],"line":166},"20":{"loc":{"start":{"line":175,"column":13},"end":{"line":175,"column":52}},"type":"binary-expr","locations":[{"start":{"line":175,"column":13},"end":{"line":175,"column":26}},{"start":{"line":175,"column":30},"end":{"line":175,"column":52}}],"line":175}},"s":{"0":1,"1":1,"2":1,"3":1,"4":0,"5":0,"6":0,"7":0,"8":0,"9":0,"10":0,"11":0,"12":0,"13":0,"14":0,"15":0,"16":0,"17":0,"18":0,"19":0,"20":0,"21":0,"22":0,"23":0,"24":0,"25":0,"26":1,"27":0,"28":0,"29":0,"30":0,"31":0,"32":0,"33":1,"34":0,"35":0,"36":0,"37":0,"38":0,"39":0,"40":1,"41":0,"42":0,"43":0,"44":0,"45":0,"46":0,"47":1,"48":0,"49":0,"50":0,"51":0,"52":0,"53":0},"f":{"0":0,"1":0,"2":0,"3":0,"4":0,"5":0},"b":{"0":[0,0],"1":[0,0],"2":[0,0],"3":[0,0],"4":[0,0],"5":[0,0],"6":[0,0],"7":[0,0],"8":[0,0],"9":[0,0],"10":[0,0],"11":[0,0],"12":[0,0],"13":[0,0],"14":[0,0],"15":[0,0],"16":[0,0],"17":[0,0],"18":[0,0],"19":[0,0],"20":[0,0]},"_coverageSchema":"1a1c01bbd47fc00a2c39e90264f33305004495a9","hash":"6d7a72da0f90906c044d67ffb5cba4c82d2ed154"}
,"C:\\Users\\houss\\OneDrive\\Bureau\\ynov\\CHY_PROJECT\\CHY_SERVER\\src\\api\\categories\\routes\\index.js": {"path":"C:\\Users\\houss\\OneDrive\\Bureau\\ynov\\CHY_PROJECT\\CHY_SERVER\\src\\api\\categories\\routes\\index.js","statementMap":{"0":{"start":{"line":1,"column":15},"end":{"line":1,"column":42}},"1":{"start":{"line":2,"column":29},"end":{"line":2,"column":67}},"2":{"start":{"line":3,"column":26},"end":{"line":3,"column":72}},"3":{"start":{"line":4,"column":24},"end":{"line":4,"column":67}},"4":{"start":{"line":5,"column":56},"end":{"line":5,"column":81}},"5":{"start":{"line":9,"column":0},"end":{"line":9,"column":24}},"6":{"start":{"line":11,"column":0},"end":{"line":11,"column":41}},"7":{"start":{"line":13,"column":0},"end":{"line":13,"column":27}},"8":{"start":{"line":15,"column":0},"end":{"line":15,"column":57}},"9":{"start":{"line":17,"column":0},"end":{"line":17,"column":57}},"10":{"start":{"line":19,"column":0},"end":{"line":19,"column":24}}},"fnMap":{},"branchMap":{},"s":{"0":1,"1":1,"2":1,"3":1,"4":1,"5":1,"6":1,"7":1,"8":1,"9":1,"10":1},"f":{},"b":{},"_coverageSchema":"1a1c01bbd47fc00a2c39e90264f33305004495a9","hash":"8b5151a4b183d5b68046c1d948f5f48325ef01be"}
,"C:\\Users\\houss\\OneDrive\\Bureau\\ynov\\CHY_PROJECT\\CHY_SERVER\\src\\api\\notifications\\controllers\\index.js": {"path":"C:\\Users\\houss\\OneDrive\\Bureau\\ynov\\CHY_PROJECT\\CHY_SERVER\\src\\api\\notifications\\controllers\\index.js","statementMap":{"0":{"start":{"line":1,"column":59},"end":{"line":1,"column":102}},"1":{"start":{"line":2,"column":21},"end":{"line":2,"column":60}},"2":{"start":{"line":5,"column":23},"end":{"line":14,"column":1}},"3":{"start":{"line":6,"column":4},"end":{"line":12,"column":5}},"4":{"start":{"line":7,"column":8},"end":{"line":11,"column":11}},"5":{"start":{"line":13,"column":4},"end":{"line":13,"column":47}},"6":{"start":{"line":17,"column":0},"end":{"line":29,"column":2}},"7":{"start":{"line":18,"column":4},"end":{"line":28,"column":5}},"8":{"start":{"line":19,"column":25},"end":{"line":19,"column":61}},"9":{"start":{"line":20,"column":8},"end":{"line":20,"column":38}},"10":{"start":{"line":22,"column":8},"end":{"line":27,"column":11}},"11":{"start":{"line":32,"column":0},"end":{"line":44,"column":2}},"12":{"start":{"line":33,"column":4},"end":{"line":43,"column":5}},"13":{"start":{"line":34,"column":30},"end":{"line":34,"column":57}},"14":{"start":{"line":35,"column":8},"end":{"line":35,"column":43}},"15":{"start":{"line":37,"column":8},"end":{"line":42,"column":11}},"16":{"start":{"line":47,"column":0},"end":{"line":59,"column":2}},"17":{"start":{"line":48,"column":4},"end":{"line":58,"column":5}},"18":{"start":{"line":49,"column":25},"end":{"line":49,"column":79}},"19":{"start":{"line":50,"column":8},"end":{"line":50,"column":38}},"20":{"start":{"line":52,"column":8},"end":{"line":57,"column":11}},"21":{"start":{"line":62,"column":0},"end":{"line":74,"column":2}},"22":{"start":{"line":63,"column":4},"end":{"line":73,"column":5}},"23":{"start":{"line":64,"column":25},"end":{"line":64,"column":67}},"24":{"start":{"line":65,"column":8},"end":{"line":65,"column":38}},"25":{"start":{"line":67,"column":8},"end":{"line":72,"column":11}},"26":{"start":{"line":77,"column":0},"end":{"line":89,"column":2}},"27":{"start":{"line":78,"column":4},"end":{"line":88,"column":5}},"28":{"start":{"line":79,"column":25},"end":{"line":79,"column":69}},"29":{"start":{"line":80,"column":8},"end":{"line":80,"column":38}},"30":{"start":{"line":82,"column":8},"end":{"line":87,"column":11}}},"fnMap":{"0":{"name":"(anonymous_0)","decl":{"start":{"line":5,"column":23},"end":{"line":5,"column":24}},"loc":{"start":{"line":5,"column":42},"end":{"line":14,"column":1}},"line":5},"1":{"name":"(anonymous_1)","decl":{"start":{"line":17,"column":17},"end":{"line":17,"column":18}},"loc":{"start":{"line":17,"column":37},"end":{"line":29,"column":1}},"line":17},"2":{"name":"(anonymous_2)","decl":{"start":{"line":32,"column":18},"end":{"line":32,"column":19}},"loc":{"start":{"line":32,"column":38},"end":{"line":44,"column":1}},"line":32},"3":{"name":"(anonymous_3)","decl":{"start":{"line":47,"column":17},"end":{"line":47,"column":18}},"loc":{"start":{"line":47,"column":37},"end":{"line":59,"column":1}},"line":47},"4":{"name":"(anonymous_4)","decl":{"start":{"line":62,"column":18},"end":{"line":62,"column":19}},"loc":{"start":{"line":62,"column":38},"end":{"line":74,"column":1}},"line":62},"5":{"name":"(anonymous_5)","decl":{"start":{"line":77,"column":17},"end":{"line":77,"column":18}},"loc":{"start":{"line":77,"column":37},"end":{"line":89,"column":1}},"line":77}},"branchMap":{"0":{"loc":{"start":{"line":6,"column":4},"end":{"line":12,"column":5}},"type":"if","locations":[{"start":{"line":6,"column":4},"end":{"line":12,"column":5}},{"start":{},"end":{}}],"line":6},"1":{"loc":{"start":{"line":10,"column":21},"end":{"line":10,"column":54}},"type":"binary-expr","locations":[{"start":{"line":10,"column":21},"end":{"line":10,"column":37}},{"start":{"line":10,"column":41},"end":{"line":10,"column":54}}],"line":10},"2":{"loc":{"start":{"line":26,"column":19},"end":{"line":26,"column":58}},"type":"binary-expr","locations":[{"start":{"line":26,"column":19},"end":{"line":26,"column":32}},{"start":{"line":26,"column":36},"end":{"line":26,"column":58}}],"line":26},"3":{"loc":{"start":{"line":41,"column":19},"end":{"line":41,"column":58}},"type":"binary-expr","locations":[{"start":{"line":41,"column":19},"end":{"line":41,"column":32}},{"start":{"line":41,"column":36},"end":{"line":41,"column":58}}],"line":41},"4":{"loc":{"start":{"line":56,"column":19},"end":{"line":56,"column":58}},"type":"binary-expr","locations":[{"start":{"line":56,"column":19},"end":{"line":56,"column":32}},{"start":{"line":56,"column":36},"end":{"line":56,"column":58}}],"line":56},"5":{"loc":{"start":{"line":71,"column":19},"end":{"line":71,"column":58}},"type":"binary-expr","locations":[{"start":{"line":71,"column":19},"end":{"line":71,"column":32}},{"start":{"line":71,"column":36},"end":{"line":71,"column":58}}],"line":71},"6":{"loc":{"start":{"line":86,"column":19},"end":{"line":86,"column":58}},"type":"binary-expr","locations":[{"start":{"line":86,"column":19},"end":{"line":86,"column":32}},{"start":{"line":86,"column":36},"end":{"line":86,"column":58}}],"line":86}},"s":{"0":1,"1":1,"2":1,"3":0,"4":0,"5":0,"6":1,"7":0,"8":0,"9":0,"10":0,"11":1,"12":0,"13":0,"14":0,"15":0,"16":1,"17":0,"18":0,"19":0,"20":0,"21":1,"22":0,"23":0,"24":0,"25":0,"26":1,"27":0,"28":0,"29":0,"30":0},"f":{"0":0,"1":0,"2":0,"3":0,"4":0,"5":0},"b":{"0":[0,0],"1":[0,0],"2":[0,0],"3":[0,0],"4":[0,0],"5":[0,0],"6":[0,0]},"_coverageSchema":"1a1c01bbd47fc00a2c39e90264f33305004495a9","hash":"3bc0e66f62b194466f9c77b3f25e424b034682b1"}
,"C:\\Users\\houss\\OneDrive\\Bureau\\ynov\\CHY_PROJECT\\CHY_SERVER\\src\\api\\notifications\\routes\\index.js": {"path":"C:\\Users\\houss\\OneDrive\\Bureau\\ynov\\CHY_PROJECT\\CHY_SERVER\\src\\api\\notifications\\routes\\index.js","statementMap":{"0":{"start":{"line":1,"column":15},"end":{"line":1,"column":42}},"1":{"start":{"line":2,"column":25},"end":{"line":2,"column":71}},"2":{"start":{"line":3,"column":53},"end":{"line":3,"column":78}},"3":{"start":{"line":6,"column":0},"end":{"line":6,"column":40}},"4":{"start":{"line":8,"column":0},"end":{"line":8,"column":40}},"5":{"start":{"line":10,"column":0},"end":{"line":10,"column":43}},"6":{"start":{"line":12,"column":0},"end":{"line":12,"column":42}},"7":{"start":{"line":14,"column":0},"end":{"line":14,"column":45}},"8":{"start":{"line":16,"column":0},"end":{"line":16,"column":24}}},"fnMap":{},"branchMap":{},"s":{"0":1,"1":1,"2":1,"3":1,"4":1,"5":1,"6":1,"7":1,"8":1},"f":{},"b":{},"_coverageSchema":"1a1c01bbd47fc00a2c39e90264f33305004495a9","hash":"d19a7bb96b9491419191d6b3d060e3fce1752040"}
,"C:\\Users\\houss\\OneDrive\\Bureau\\ynov\\CHY_PROJECT\\CHY_SERVER\\src\\api\\offers\\controllers\\index.js": {"path":"C:\\Users\\houss\\OneDrive\\Bureau\\ynov\\CHY_PROJECT\\CHY_SERVER\\src\\api\\offers\\controllers\\index.js","statementMap":{"0":{"start":{"line":1,"column":59},"end":{"line":1,"column":102}},"1":{"start":{"line":2,"column":14},"end":{"line":2,"column":46}},"2":{"start":{"line":5,"column":0},"end":{"line":24,"column":2}},"3":{"start":{"line":6,"column":4},"end":{"line":23,"column":5}},"4":{"start":{"line":7,"column":25},"end":{"line":7,"column":54}},"5":{"start":{"line":8,"column":8},"end":{"line":14,"column":9}},"6":{"start":{"line":9,"column":12},"end":{"line":13,"column":15}},"7":{"start":{"line":15,"column":8},"end":{"line":15,"column":51}},"8":{"start":{"line":17,"column":8},"end":{"line":22,"column":11}},"9":{"start":{"line":27,"column":0},"end":{"line":46,"column":2}},"10":{"start":{"line":28,"column":4},"end":{"line":45,"column":5}},"11":{"start":{"line":29,"column":23},"end":{"line":29,"column":43}},"12":{"start":{"line":30,"column":8},"end":{"line":36,"column":9}},"13":{"start":{"line":31,"column":12},"end":{"line":35,"column":15}},"14":{"start":{"line":37,"column":8},"end":{"line":37,"column":47}},"15":{"start":{"line":39,"column":8},"end":{"line":44,"column":11}},"16":{"start":{"line":49,"column":0},"end":{"line":68,"column":2}},"17":{"start":{"line":50,"column":4},"end":{"line":67,"column":5}},"18":{"start":{"line":51,"column":25},"end":{"line":51,"column":72}},"19":{"start":{"line":52,"column":8},"end":{"line":58,"column":9}},"20":{"start":{"line":53,"column":12},"end":{"line":57,"column":15}},"21":{"start":{"line":59,"column":8},"end":{"line":59,"column":51}},"22":{"start":{"line":61,"column":8},"end":{"line":66,"column":11}},"23":{"start":{"line":71,"column":0},"end":{"line":90,"column":2}},"24":{"start":{"line":72,"column":4},"end":{"line":89,"column":5}},"25":{"start":{"line":73,"column":25},"end":{"line":73,"column":68}},"26":{"start":{"line":74,"column":8},"end":{"line":80,"column":9}},"27":{"start":{"line":75,"column":12},"end":{"line":79,"column":15}},"28":{"start":{"line":81,"column":8},"end":{"line":81,"column":51}},"29":{"start":{"line":83,"column":8},"end":{"line":88,"column":11}},"30":{"start":{"line":93,"column":0},"end":{"line":112,"column":2}},"31":{"start":{"line":94,"column":4},"end":{"line":111,"column":5}},"32":{"start":{"line":95,"column":25},"end":{"line":95,"column":62}},"33":{"start":{"line":96,"column":8},"end":{"line":102,"column":9}},"34":{"start":{"line":97,"column":12},"end":{"line":101,"column":15}},"35":{"start":{"line":103,"column":8},"end":{"line":103,"column":51}},"36":{"start":{"line":105,"column":8},"end":{"line":110,"column":11}}},"fnMap":{"0":{"name":"(anonymous_0)","decl":{"start":{"line":5,"column":17},"end":{"line":5,"column":18}},"loc":{"start":{"line":5,"column":37},"end":{"line":24,"column":1}},"line":5},"1":{"name":"(anonymous_1)","decl":{"start":{"line":27,"column":18},"end":{"line":27,"column":19}},"loc":{"start":{"line":27,"column":38},"end":{"line":46,"column":1}},"line":27},"2":{"name":"(anonymous_2)","decl":{"start":{"line":49,"column":17},"end":{"line":49,"column":18}},"loc":{"start":{"line":49,"column":37},"end":{"line":68,"column":1}},"line":49},"3":{"name":"(anonymous_3)","decl":{"start":{"line":71,"column":18},"end":{"line":71,"column":19}},"loc":{"start":{"line":71,"column":38},"end":{"line":90,"column":1}},"line":71},"4":{"name":"(anonymous_4)","decl":{"start":{"line":93,"column":17},"end":{"line":93,"column":18}},"loc":{"start":{"line":93,"column":37},"end":{"line":112,"column":1}},"line":93}},"branchMap":{"0":{"loc":{"start":{"line":8,"column":8},"end":{"line":14,"column":9}},"type":"if","locations":[{"start":{"line":8,"column":8},"end":{"line":14,"column":9}},{"start":{},"end":{}}],"line":8},"1":{"loc":{"start":{"line":12,"column":25},"end":{"line":12,"column":58}},"type":"binary-expr","locations":[{"start":{"line":12,"column":25},"end":{"line":12,"column":41}},{"start":{"line":12,"column":45},"end":{"line":12,"column":58}}],"line":12},"2":{"loc":{"start":{"line":21,"column":19},"end":{"line":21,"column":58}},"type":"binary-expr","locations":[{"start":{"line":21,"column":19},"end":{"line":21,"column":32}},{"start":{"line":21,"column":36},"end":{"line":21,"column":58}}],"line":21},"3":{"loc":{"start":{"line":30,"column":8},"end":{"line":36,"column":9}},"type":"if","locations":[{"start":{"line":30,"column":8},"end":{"line":36,"column":9}},{"start":{},"end":{}}],"line":30},"4":{"loc":{"start":{"line":34,"column":25},"end":{"line":34,"column":56}},"type":"binary-expr","locations":[{"start":{"line":34,"column":25},"end":{"line":34,"column":39}},{"start":{"line":34,"column":43},"end":{"line":34,"column":56}}],"line":34},"5":{"loc":{"start":{"line":43,"column":19},"end":{"line":43,"column":58}},"type":"binary-expr","locations":[{"start":{"line":43,"column":19},"end":{"line":43,"column":32}},{"start":{"line":43,"column":36},"end":{"line":43,"column":58}}],"line":43},"6":{"loc":{"start":{"line":52,"column":8},"end":{"line":58,"column":9}},"type":"if","locations":[{"start":{"line":52,"column":8},"end":{"line":58,"column":9}},{"start":{},"end":{}}],"line":52},"7":{"loc":{"start":{"line":56,"column":25},"end":{"line":56,"column":58}},"type":"binary-expr","locations":[{"start":{"line":56,"column":25},"end":{"line":56,"column":41}},{"start":{"line":56,"column":45},"end":{"line":56,"column":58}}],"line":56},"8":{"loc":{"start":{"line":65,"column":19},"end":{"line":65,"column":58}},"type":"binary-expr","locations":[{"start":{"line":65,"column":19},"end":{"line":65,"column":32}},{"start":{"line":65,"column":36},"end":{"line":65,"column":58}}],"line":65},"9":{"loc":{"start":{"line":74,"column":8},"end":{"line":80,"column":9}},"type":"if","locations":[{"start":{"line":74,"column":8},"end":{"line":80,"column":9}},{"start":{},"end":{}}],"line":74},"10":{"loc":{"start":{"line":78,"column":25},"end":{"line":78,"column":58}},"type":"binary-expr","locations":[{"start":{"line":78,"column":25},"end":{"line":78,"column":41}},{"start":{"line":78,"column":45},"end":{"line":78,"column":58}}],"line":78},"11":{"loc":{"start":{"line":87,"column":19},"end":{"line":87,"column":58}},"type":"binary-expr","locations":[{"start":{"line":87,"column":19},"end":{"line":87,"column":32}},{"start":{"line":87,"column":36},"end":{"line":87,"column":58}}],"line":87},"12":{"loc":{"start":{"line":96,"column":8},"end":{"line":102,"column":9}},"type":"if","locations":[{"start":{"line":96,"column":8},"end":{"line":102,"column":9}},{"start":{},"end":{}}],"line":96},"13":{"loc":{"start":{"line":100,"column":25},"end":{"line":100,"column":58}},"type":"binary-expr","locations":[{"start":{"line":100,"column":25},"end":{"line":100,"column":41}},{"start":{"line":100,"column":45},"end":{"line":100,"column":58}}],"line":100},"14":{"loc":{"start":{"line":109,"column":19},"end":{"line":109,"column":58}},"type":"binary-expr","locations":[{"start":{"line":109,"column":19},"end":{"line":109,"column":32}},{"start":{"line":109,"column":36},"end":{"line":109,"column":58}}],"line":109}},"s":{"0":1,"1":1,"2":1,"3":0,"4":0,"5":0,"6":0,"7":0,"8":0,"9":1,"10":0,"11":0,"12":0,"13":0,"14":0,"15":0,"16":1,"17":0,"18":0,"19":0,"20":0,"21":0,"22":0,"23":1,"24":0,"25":0,"26":0,"27":0,"28":0,"29":0,"30":1,"31":0,"32":0,"33":0,"34":0,"35":0,"36":0},"f":{"0":0,"1":0,"2":0,"3":0,"4":0},"b":{"0":[0,0],"1":[0,0],"2":[0,0],"3":[0,0],"4":[0,0],"5":[0,0],"6":[0,0],"7":[0,0],"8":[0,0],"9":[0,0],"10":[0,0],"11":[0,0],"12":[0,0],"13":[0,0],"14":[0,0]},"_coverageSchema":"1a1c01bbd47fc00a2c39e90264f33305004495a9","hash":"c915e9b32edd7af191518cf96492e12319202f81"}
,"C:\\Users\\houss\\OneDrive\\Bureau\\ynov\\CHY_PROJECT\\CHY_SERVER\\src\\api\\offers\\routes\\index.js": {"path":"C:\\Users\\houss\\OneDrive\\Bureau\\ynov\\CHY_PROJECT\\CHY_SERVER\\src\\api\\offers\\routes\\index.js","statementMap":{"0":{"start":{"line":1,"column":15},"end":{"line":1,"column":42}},"1":{"start":{"line":2,"column":16},"end":{"line":2,"column":55}},"2":{"start":{"line":3,"column":25},"end":{"line":3,"column":71}},"3":{"start":{"line":4,"column":24},"end":{"line":4,"column":67}},"4":{"start":{"line":5,"column":53},"end":{"line":5,"column":78}},"5":{"start":{"line":8,"column":0},"end":{"line":8,"column":52}},"6":{"start":{"line":10,"column":0},"end":{"line":10,"column":48}},"7":{"start":{"line":12,"column":0},"end":{"line":12,"column":55}},"8":{"start":{"line":14,"column":0},"end":{"line":14,"column":50}},"9":{"start":{"line":16,"column":0},"end":{"line":16,"column":53}},"10":{"start":{"line":18,"column":0},"end":{"line":18,"column":24}}},"fnMap":{},"branchMap":{},"s":{"0":1,"1":1,"2":1,"3":1,"4":1,"5":1,"6":1,"7":1,"8":1,"9":1,"10":1},"f":{},"b":{},"_coverageSchema":"1a1c01bbd47fc00a2c39e90264f33305004495a9","hash":"db41530196bc4f22f11d0eddd19d2bc9f37aaf6f"}
,"C:\\Users\\houss\\OneDrive\\Bureau\\ynov\\CHY_PROJECT\\CHY_SERVER\\src\\api\\orders\\controllers\\index.js": {"path":"C:\\Users\\houss\\OneDrive\\Bureau\\ynov\\CHY_PROJECT\\CHY_SERVER\\src\\api\\orders\\controllers\\index.js","statementMap":{"0":{"start":{"line":1,"column":59},"end":{"line":1,"column":102}},"1":{"start":{"line":2,"column":14},"end":{"line":2,"column":46}},"2":{"start":{"line":5,"column":23},"end":{"line":14,"column":1}},"3":{"start":{"line":6,"column":4},"end":{"line":12,"column":5}},"4":{"start":{"line":7,"column":8},"end":{"line":11,"column":11}},"5":{"start":{"line":13,"column":4},"end":{"line":13,"column":47}},"6":{"start":{"line":17,"column":0},"end":{"line":29,"column":2}},"7":{"start":{"line":18,"column":4},"end":{"line":28,"column":5}},"8":{"start":{"line":19,"column":25},"end":{"line":19,"column":54}},"9":{"start":{"line":20,"column":8},"end":{"line":20,"column":38}},"10":{"start":{"line":22,"column":8},"end":{"line":27,"column":11}},"11":{"start":{"line":32,"column":0},"end":{"line":44,"column":2}},"12":{"start":{"line":33,"column":4},"end":{"line":43,"column":5}},"13":{"start":{"line":34,"column":23},"end":{"line":34,"column":43}},"14":{"start":{"line":35,"column":8},"end":{"line":35,"column":36}},"15":{"start":{"line":37,"column":8},"end":{"line":42,"column":11}},"16":{"start":{"line":47,"column":0},"end":{"line":59,"column":2}},"17":{"start":{"line":48,"column":4},"end":{"line":58,"column":5}},"18":{"start":{"line":49,"column":25},"end":{"line":49,"column":72}},"19":{"start":{"line":50,"column":8},"end":{"line":50,"column":38}},"20":{"start":{"line":52,"column":8},"end":{"line":57,"column":11}},"21":{"start":{"line":62,"column":0},"end":{"line":75,"column":2}},"22":{"start":{"line":63,"column":4},"end":{"line":74,"column":5}},"23":{"start":{"line":64,"column":20},"end":{"line":64,"column":39}},"24":{"start":{"line":65,"column":25},"end":{"line":65,"column":51}},"25":{"start":{"line":66,"column":8},"end":{"line":66,"column":38}},"26":{"start":{"line":68,"column":8},"end":{"line":73,"column":11}},"27":{"start":{"line":78,"column":0},"end":{"line":90,"column":2}},"28":{"start":{"line":79,"column":4},"end":{"line":89,"column":5}},"29":{"start":{"line":80,"column":25},"end":{"line":80,"column":62}},"30":{"start":{"line":81,"column":8},"end":{"line":81,"column":38}},"31":{"start":{"line":83,"column":8},"end":{"line":88,"column":11}}},"fnMap":{"0":{"name":"(anonymous_0)","decl":{"start":{"line":5,"column":23},"end":{"line":5,"column":24}},"loc":{"start":{"line":5,"column":42},"end":{"line":14,"column":1}},"line":5},"1":{"name":"(anonymous_1)","decl":{"start":{"line":17,"column":17},"end":{"line":17,"column":18}},"loc":{"start":{"line":17,"column":37},"end":{"line":29,"column":1}},"line":17},"2":{"name":"(anonymous_2)","decl":{"start":{"line":32,"column":18},"end":{"line":32,"column":19}},"loc":{"start":{"line":32,"column":38},"end":{"line":44,"column":1}},"line":32},"3":{"name":"(anonymous_3)","decl":{"start":{"line":47,"column":17},"end":{"line":47,"column":18}},"loc":{"start":{"line":47,"column":37},"end":{"line":59,"column":1}},"line":47},"4":{"name":"(anonymous_4)","decl":{"start":{"line":62,"column":18},"end":{"line":62,"column":19}},"loc":{"start":{"line":62,"column":38},"end":{"line":75,"column":1}},"line":62},"5":{"name":"(anonymous_5)","decl":{"start":{"line":78,"column":17},"end":{"line":78,"column":18}},"loc":{"start":{"line":78,"column":37},"end":{"line":90,"column":1}},"line":78}},"branchMap":{"0":{"loc":{"start":{"line":6,"column":4},"end":{"line":12,"column":5}},"type":"if","locations":[{"start":{"line":6,"column":4},"end":{"line":12,"column":5}},{"start":{},"end":{}}],"line":6},"1":{"loc":{"start":{"line":10,"column":21},"end":{"line":10,"column":54}},"type":"binary-expr","locations":[{"start":{"line":10,"column":21},"end":{"line":10,"column":37}},{"start":{"line":10,"column":41},"end":{"line":10,"column":54}}],"line":10},"2":{"loc":{"start":{"line":26,"column":19},"end":{"line":26,"column":58}},"type":"binary-expr","locations":[{"start":{"line":26,"column":19},"end":{"line":26,"column":32}},{"start":{"line":26,"column":36},"end":{"line":26,"column":58}}],"line":26},"3":{"loc":{"start":{"line":41,"column":19},"end":{"line":41,"column":58}},"type":"binary-expr","locations":[{"start":{"line":41,"column":19},"end":{"line":41,"column":32}},{"start":{"line":41,"column":36},"end":{"line":41,"column":58}}],"line":41},"4":{"loc":{"start":{"line":56,"column":19},"end":{"line":56,"column":58}},"type":"binary-expr","locations":[{"start":{"line":56,"column":19},"end":{"line":56,"column":32}},{"start":{"line":56,"column":36},"end":{"line":56,"column":58}}],"line":56},"5":{"loc":{"start":{"line":72,"column":19},"end":{"line":72,"column":58}},"type":"binary-expr","locations":[{"start":{"line":72,"column":19},"end":{"line":72,"column":32}},{"start":{"line":72,"column":36},"end":{"line":72,"column":58}}],"line":72},"6":{"loc":{"start":{"line":87,"column":19},"end":{"line":87,"column":58}},"type":"binary-expr","locations":[{"start":{"line":87,"column":19},"end":{"line":87,"column":32}},{"start":{"line":87,"column":36},"end":{"line":87,"column":58}}],"line":87}},"s":{"0":1,"1":1,"2":1,"3":0,"4":0,"5":0,"6":1,"7":0,"8":0,"9":0,"10":0,"11":1,"12":0,"13":0,"14":0,"15":0,"16":1,"17":0,"18":0,"19":0,"20":0,"21":1,"22":0,"23":0,"24":0,"25":0,"26":0,"27":1,"28":0,"29":0,"30":0,"31":0},"f":{"0":0,"1":0,"2":0,"3":0,"4":0,"5":0},"b":{"0":[0,0],"1":[0,0],"2":[0,0],"3":[0,0],"4":[0,0],"5":[0,0],"6":[0,0]},"_coverageSchema":"1a1c01bbd47fc00a2c39e90264f33305004495a9","hash":"00e8e5c889686b94fe22fcec1f84986f95cc7b13"}
,"C:\\Users\\houss\\OneDrive\\Bureau\\ynov\\CHY_PROJECT\\CHY_SERVER\\src\\api\\orders\\routes\\index.js": {"path":"C:\\Users\\houss\\OneDrive\\Bureau\\ynov\\CHY_PROJECT\\CHY_SERVER\\src\\api\\orders\\routes\\index.js","statementMap":{"0":{"start":{"line":1,"column":15},"end":{"line":1,"column":42}},"1":{"start":{"line":2,"column":26},"end":{"line":2,"column":72}},"2":{"start":{"line":3,"column":24},"end":{"line":3,"column":67}},"3":{"start":{"line":4,"column":53},"end":{"line":4,"column":78}},"4":{"start":{"line":7,"column":0},"end":{"line":7,"column":52}},"5":{"start":{"line":9,"column":0},"end":{"line":9,"column":40}},"6":{"start":{"line":11,"column":0},"end":{"line":11,"column":43}},"7":{"start":{"line":13,"column":0},"end":{"line":13,"column":42}},"8":{"start":{"line":15,"column":0},"end":{"line":15,"column":45}},"9":{"start":{"line":17,"column":0},"end":{"line":17,"column":24}}},"fnMap":{},"branchMap":{},"s":{"0":1,"1":1,"2":1,"3":1,"4":1,"5":1,"6":1,"7":1,"8":1,"9":1},"f":{},"b":{},"_coverageSchema":"1a1c01bbd47fc00a2c39e90264f33305004495a9","hash":"ce5d1cbb472e6ef4cacee70440b7320d4e3d017c"}
,"C:\\Users\\houss\\OneDrive\\Bureau\\ynov\\CHY_PROJECT\\CHY_SERVER\\src\\api\\products\\controllers\\index.js": {"path":"C:\\Users\\houss\\OneDrive\\Bureau\\ynov\\CHY_PROJECT\\CHY_SERVER\\src\\api\\products\\controllers\\index.js","statementMap":{"0":{"start":{"line":1,"column":59},"end":{"line":1,"column":102}},"1":{"start":{"line":2,"column":16},"end":{"line":2,"column":50}},"2":{"start":{"line":3,"column":26},"end":{"line":3,"column":73}},"3":{"start":{"line":6,"column":0},"end":{"line":86,"column":2}},"4":{"start":{"line":7,"column":4},"end":{"line":85,"column":3}},"5":{"start":{"line":8,"column":8},"end":{"line":8,"column":53}},"6":{"start":{"line":9,"column":8},"end":{"line":9,"column":51}},"7":{"start":{"line":10,"column":8},"end":{"line":10,"column":57}},"8":{"start":{"line":11,"column":8},"end":{"line":11,"column":69}},"9":{"start":{"line":12,"column":8},"end":{"line":12,"column":56}},"10":{"start":{"line":13,"column":8},"end":{"line":13,"column":57}},"11":{"start":{"line":15,"column":25},"end":{"line":15,"column":84}},"12":{"start":{"line":16,"column":6},"end":{"line":22,"column":7}},"13":{"start":{"line":17,"column":8},"end":{"line":21,"column":11}},"14":{"start":{"line":25,"column":6},"end":{"line":31,"column":9}},"15":{"start":{"line":26,"column":8},"end":{"line":30,"column":11}},"16":{"start":{"line":33,"column":26},"end":{"line":38,"column":7}},"17":{"start":{"line":40,"column":29},"end":{"line":42,"column":8}},"18":{"start":{"line":44,"column":6},"end":{"line":50,"column":7}},"19":{"start":{"line":45,"column":8},"end":{"line":49,"column":11}},"20":{"start":{"line":53,"column":6},"end":{"line":71,"column":9}},"21":{"start":{"line":57,"column":27},"end":{"line":57,"column":29}},"22":{"start":{"line":59,"column":31},"end":{"line":68,"column":10}},"23":{"start":{"line":60,"column":26},"end":{"line":65,"column":13}},"24":{"start":{"line":66,"column":12},"end":{"line":66,"column":34}},"25":{"start":{"line":70,"column":8},"end":{"line":70,"column":42}},"26":{"start":{"line":72,"column":7},"end":{"line":74,"column":9}},"27":{"start":{"line":75,"column":6},"end":{"line":75,"column":49}},"28":{"start":{"line":78,"column":4},"end":{"line":78,"column":54}},"29":{"start":{"line":79,"column":4},"end":{"line":84,"column":7}},"30":{"start":{"line":88,"column":0},"end":{"line":107,"column":2}},"31":{"start":{"line":89,"column":4},"end":{"line":106,"column":5}},"32":{"start":{"line":90,"column":25},"end":{"line":90,"column":47}},"33":{"start":{"line":91,"column":8},"end":{"line":97,"column":9}},"34":{"start":{"line":92,"column":12},"end":{"line":96,"column":15}},"35":{"start":{"line":98,"column":8},"end":{"line":98,"column":51}},"36":{"start":{"line":100,"column":8},"end":{"line":105,"column":11}},"37":{"start":{"line":110,"column":0},"end":{"line":129,"column":2}},"38":{"start":{"line":111,"column":4},"end":{"line":128,"column":5}},"39":{"start":{"line":112,"column":25},"end":{"line":112,"column":74}},"40":{"start":{"line":113,"column":8},"end":{"line":119,"column":9}},"41":{"start":{"line":114,"column":12},"end":{"line":118,"column":15}},"42":{"start":{"line":120,"column":8},"end":{"line":120,"column":51}},"43":{"start":{"line":122,"column":8},"end":{"line":127,"column":11}},"44":{"start":{"line":132,"column":0},"end":{"line":151,"column":2}},"45":{"start":{"line":133,"column":4},"end":{"line":150,"column":5}},"46":{"start":{"line":134,"column":25},"end":{"line":134,"column":70}},"47":{"start":{"line":135,"column":8},"end":{"line":141,"column":9}},"48":{"start":{"line":136,"column":12},"end":{"line":140,"column":15}},"49":{"start":{"line":142,"column":8},"end":{"line":142,"column":51}},"50":{"start":{"line":144,"column":8},"end":{"line":149,"column":11}},"51":{"start":{"line":154,"column":0},"end":{"line":173,"column":2}},"52":{"start":{"line":155,"column":4},"end":{"line":172,"column":5}},"53":{"start":{"line":156,"column":25},"end":{"line":156,"column":64}},"54":{"start":{"line":157,"column":8},"end":{"line":163,"column":9}},"55":{"start":{"line":158,"column":12},"end":{"line":162,"column":15}},"56":{"start":{"line":164,"column":8},"end":{"line":164,"column":51}},"57":{"start":{"line":166,"column":8},"end":{"line":171,"column":11}},"58":{"start":{"line":175,"column":0},"end":{"line":200,"column":2}},"59":{"start":{"line":176,"column":4},"end":{"line":199,"column":5}},"60":{"start":{"line":177,"column":27},"end":{"line":177,"column":38}},"61":{"start":{"line":180,"column":24},"end":{"line":180,"column":92}},"62":{"start":{"line":182,"column":8},"end":{"line":190,"column":9}},"63":{"start":{"line":183,"column":12},"end":{"line":183,"column":55}},"64":{"start":{"line":187,"column":37},"end":{"line":187,"column":128}},"65":{"start":{"line":187,"column":63},"end":{"line":187,"column":127}},"66":{"start":{"line":188,"column":34},"end":{"line":188,"column":80}},"67":{"start":{"line":188,"column":66},"end":{"line":188,"column":79}},"68":{"start":{"line":189,"column":12},"end":{"line":189,"column":74}},"69":{"start":{"line":192,"column":8},"end":{"line":192,"column":58}},"70":{"start":{"line":193,"column":8},"end":{"line":198,"column":11}},"71":{"start":{"line":203,"column":0},"end":{"line":229,"column":2}},"72":{"start":{"line":204,"column":4},"end":{"line":228,"column":5}},"73":{"start":{"line":205,"column":27},"end":{"line":205,"column":38}},"74":{"start":{"line":208,"column":24},"end":{"line":208,"column":95}},"75":{"start":{"line":210,"column":8},"end":{"line":219,"column":9}},"76":{"start":{"line":211,"column":12},"end":{"line":211,"column":82}},"77":{"start":{"line":213,"column":37},"end":{"line":217,"column":15}},"78":{"start":{"line":213,"column":61},"end":{"line":217,"column":13}},"79":{"start":{"line":218,"column":12},"end":{"line":218,"column":64}},"80":{"start":{"line":221,"column":8},"end":{"line":221,"column":68}},"81":{"start":{"line":222,"column":8},"end":{"line":227,"column":11}}},"fnMap":{"0":{"name":"(anonymous_0)","decl":{"start":{"line":6,"column":17},"end":{"line":6,"column":18}},"loc":{"start":{"line":6,"column":37},"end":{"line":86,"column":1}},"line":6},"1":{"name":"(anonymous_1)","decl":{"start":{"line":59,"column":55},"end":{"line":59,"column":56}},"loc":{"start":{"line":59,"column":78},"end":{"line":68,"column":9}},"line":59},"2":{"name":"(anonymous_2)","decl":{"start":{"line":88,"column":18},"end":{"line":88,"column":19}},"loc":{"start":{"line":88,"column":38},"end":{"line":107,"column":1}},"line":88},"3":{"name":"(anonymous_3)","decl":{"start":{"line":110,"column":20},"end":{"line":110,"column":21}},"loc":{"start":{"line":110,"column":40},"end":{"line":129,"column":1}},"line":110},"4":{"name":"(anonymous_4)","decl":{"start":{"line":132,"column":18},"end":{"line":132,"column":19}},"loc":{"start":{"line":132,"column":38},"end":{"line":151,"column":1}},"line":132},"5":{"name":"(anonymous_5)","decl":{"start":{"line":154,"column":17},"end":{"line":154,"column":18}},"loc":{"start":{"line":154,"column":37},"end":{"line":173,"column":1}},"line":154},"6":{"name":"(anonymous_6)","decl":{"start":{"line":175,"column":17},"end":{"line":175,"column":18}},"loc":{"start":{"line":175,"column":37},"end":{"line":200,"column":1}},"line":175},"7":{"name":"(anonymous_7)","decl":{"start":{"line":187,"column":52},"end":{"line":187,"column":53}},"loc":{"start":{"line":187,"column":63},"end":{"line":187,"column":127}},"line":187},"8":{"name":"(anonymous_8)","decl":{"start":{"line":188,"column":55},"end":{"line":188,"column":56}},"loc":{"start":{"line":188,"column":66},"end":{"line":188,"column":79}},"line":188},"9":{"name":"(anonymous_9)","decl":{"start":{"line":203,"column":16},"end":{"line":203,"column":17}},"loc":{"start":{"line":203,"column":36},"end":{"line":229,"column":1}},"line":203},"10":{"name":"(anonymous_10)","decl":{"start":{"line":213,"column":49},"end":{"line":213,"column":50}},"loc":{"start":{"line":213,"column":61},"end":{"line":217,"column":13}},"line":213}},"branchMap":{"0":{"loc":{"start":{"line":16,"column":6},"end":{"line":22,"column":7}},"type":"if","locations":[{"start":{"line":16,"column":6},"end":{"line":22,"column":7}},{"start":{},"end":{}}],"line":16},"1":{"loc":{"start":{"line":20,"column":19},"end":{"line":20,"column":52}},"type":"binary-expr","locations":[{"start":{"line":20,"column":19},"end":{"line":20,"column":35}},{"start":{"line":20,"column":39},"end":{"line":20,"column":52}}],"line":20},"2":{"loc":{"start":{"line":25,"column":6},"end":{"line":31,"column":9}},"type":"if","locations":[{"start":{"line":25,"column":6},"end":{"line":31,"column":9}},{"start":{},"end":{}}],"line":25},"3":{"loc":{"start":{"line":25,"column":10},"end":{"line":25,"column":72}},"type":"binary-expr","locations":[{"start":{"line":25,"column":10},"end":{"line":25,"column":33}},{"start":{"line":25,"column":37},"end":{"line":25,"column":72}}],"line":25},"4":{"loc":{"start":{"line":44,"column":6},"end":{"line":50,"column":7}},"type":"if","locations":[{"start":{"line":44,"column":6},"end":{"line":50,"column":7}},{"start":{},"end":{}}],"line":44},"5":{"loc":{"start":{"line":48,"column":19},"end":{"line":48,"column":58}},"type":"binary-expr","locations":[{"start":{"line":48,"column":19},"end":{"line":48,"column":41}},{"start":{"line":48,"column":45},"end":{"line":48,"column":58}}],"line":48},"6":{"loc":{"start":{"line":53,"column":6},"end":{"line":71,"column":9}},"type":"if","locations":[{"start":{"line":53,"column":6},"end":{"line":71,"column":9}},{"start":{"line":55,"column":13},"end":{"line":71,"column":9}}],"line":53},"7":{"loc":{"start":{"line":53,"column":10},"end":{"line":53,"column":66}},"type":"binary-expr","locations":[{"start":{"line":53,"column":10},"end":{"line":53,"column":30}},{"start":{"line":53,"column":34},"end":{"line":53,"column":66}}],"line":53},"8":{"loc":{"start":{"line":83,"column":13},"end":{"line":83,"column":52}},"type":"binary-expr","locations":[{"start":{"line":83,"column":13},"end":{"line":83,"column":26}},{"start":{"line":83,"column":30},"end":{"line":83,"column":52}}],"line":83},"9":{"loc":{"start":{"line":91,"column":8},"end":{"line":97,"column":9}},"type":"if","locations":[{"start":{"line":91,"column":8},"end":{"line":97,"column":9}},{"start":{},"end":{}}],"line":91},"10":{"loc":{"start":{"line":95,"column":25},"end":{"line":95,"column":58}},"type":"binary-expr","locations":[{"start":{"line":95,"column":25},"end":{"line":95,"column":41}},{"start":{"line":95,"column":45},"end":{"line":95,"column":58}}],"line":95},"11":{"loc":{"start":{"line":104,"column":19},"end":{"line":104,"column":58}},"type":"binary-expr","locations":[{"start":{"line":104,"column":19},"end":{"line":104,"column":32}},{"start":{"line":104,"column":36},"end":{"line":104,"column":58}}],"line":104},"12":{"loc":{"start":{"line":113,"column":8},"end":{"line":119,"column":9}},"type":"if","locations":[{"start":{"line":113,"column":8},"end":{"line":119,"column":9}},{"start":{},"end":{}}],"line":113},"13":{"loc":{"start":{"line":117,"column":2
[...]
,"C:\\Users\\houss\\OneDrive\\Bureau\\ynov\\CHY_PROJECT\\CHY_SERVER\\src\\middlewares\\isAdmin.js": {"path":"C:\\Users\\houss\\OneDrive\\Bureau\\ynov\\CHY_PROJECT\\CHY_SERVER\\src\\middlewares\\isAdmin.js","statementMap":{"0":{"start":{"line":1,"column":12},"end":{"line":1,"column":35}},"1":{"start":{"line":3,"column":16},"end":{"line":43,"column":1}},"2":{"start":{"line":5,"column":30},"end":{"line":5,"column":55}},"3":{"start":{"line":7,"column":2},"end":{"line":42,"column":3}},"4":{"start":{"line":9,"column":18},"end":{"line":9,"column":48}},"5":{"start":{"line":11,"column":4},"end":{"line":38,"column":5}},"6":{"start":{"line":12,"column":20},"end":{"line":12,"column":28}},"7":{"start":{"line":14,"column":6},"end":{"line":34,"column":9}},"8":{"start":{"line":15,"column":8},"end":{"line":21,"column":9}},"9":{"start":{"line":17,"column":10},"end":{"line":20,"column":13}},"10":{"start":{"line":22,"column":23},"end":{"line":22,"column":66}},"11":{"start":{"line":24,"column":10},"end":{"line":33,"column":9}},"12":{"start":{"line":25,"column":10},"end":{"line":25,"column":29}},"13":{"start":{"line":26,"column":10},"end":{"line":26,"column":17}},"14":{"start":{"line":29,"column":10},"end":{"line":32,"column":13}},"15":{"start":{"line":37,"column":6},"end":{"line":37,"column":57}},"16":{"start":{"line":41,"column":4},"end":{"line":41,"column":52}},"17":{"start":{"line":45,"column":0},"end":{"line":45,"column":25}}},"fnMap":{"0":{"name":"(anonymous_0)","decl":{"start":{"line":3,"column":16},"end":{"line":3,"column":17}},"loc":{"start":{"line":3,"column":36},"end":{"line":43,"column":1}},"line":3},"1":{"name":"(anonymous_1)","decl":{"start":{"line":14,"column":52},"end":{"line":14,"column":53}},"loc":{"start":{"line":14,"column":76},"end":{"line":34,"column":7}},"line":14}},"branchMap":{"0":{"loc":{"start":{"line":7,"column":2},"end":{"line":42,"column":3}},"type":"if","locations":[{"start":{"line":7,"column":2},"end":{"line":42,"column":3}},{"start":{"line":39,"column":9},"end":{"line":42,"column":3}}],"line":7},"1":{"loc":{"start":{"line":11,"column":4},"end":{"line":38,"column":5}},"type":"if","locations":[{"start":{"line":11,"column":4},"end":{"line":38,"column":5}},{"start":{"line":35,"column":11},"end":{"line":38,"column":5}}],"line":11},"2":{"loc":{"start":{"line":11,"column":8},"end":{"line":11,"column":51}},"type":"binary-expr","locations":[{"start":{"line":11,"column":8},"end":{"line":11,"column":26}},{"start":{"line":11,"column":30},"end":{"line":11,"column":51}}],"line":11},"3":{"loc":{"start":{"line":15,"column":8},"end":{"line":21,"column":9}},"type":"if","locations":[{"start":{"line":15,"column":8},"end":{"line":21,"column":9}},{"start":{},"end":{}}],"line":15},"4":{"loc":{"start":{"line":24,"column":10},"end":{"line":33,"column":9}},"type":"if","locations":[{"start":{"line":24,"column":10},"end":{"line":33,"column":9}},{"start":{"line":27,"column":15},"end":{"line":33,"column":9}}],"line":24},"5":{"loc":{"start":{"line":24,"column":14},"end":{"line":24,"column":46}},"type":"binary-expr","locations":[{"start":{"line":24,"column":14},"end":{"line":24,"column":18}},{"start":{"line":24,"column":22},"end":{"line":24,"column":46}}],"line":24}},"s":{"0":1,"1":1,"2":0,"3":0,"4":0,"5":0,"6":0,"7":0,"8":0,"9":0,"10":0,"11":0,"12":0,"13":0,"14":0,"15":0,"16":0,"17":1},"f":{"0":0,"1":0},"b":{"0":[0,0],"1":[0,0],"2":[0,0],"3":[0,0],"4":[0,0],"5":[0,0]},"_coverageSchema":"1a1c01bbd47fc00a2c39e90264f33305004495a9","hash":"68f2b46579a3824d5097cfa01a7fee2482d0f1e8"}
,"C:\\Users\\houss\\OneDrive\\Bureau\\ynov\\CHY_PROJECT\\CHY_SERVER\\src\\middlewares\\isAuthenticate.js": {"path":"C:\\Users\\houss\\OneDrive\\Bureau\\ynov\\CHY_PROJECT\\CHY_SERVER\\src\\middlewares\\isAuthenticate.js","statementMap":{"0":{"start":{"line":1,"column":24},"end":{"line":41,"column":1}},"1":{"start":{"line":3,"column":30},"end":{"line":3,"column":55}},"2":{"start":{"line":4,"column":2},"end":{"line":7,"column":7}},"3":{"start":{"line":5,"column":5},"end":{"line":7,"column":7}},"4":{"start":{"line":8,"column":16},"end":{"line":8,"column":46}},"5":{"start":{"line":9,"column":2},"end":{"line":40,"column":3}},"6":{"start":{"line":10,"column":18},"end":{"line":10,"column":26}},"7":{"start":{"line":11,"column":4},"end":{"line":17,"column":5}},"8":{"start":{"line":13,"column":6},"end":{"line":16,"column":9}},"9":{"start":{"line":18,"column":6},"end":{"line":36,"column":5}},"10":{"start":{"line":20,"column":6},"end":{"line":29,"column":7}},"11":{"start":{"line":22,"column":8},"end":{"line":22,"column":22}},"12":{"start":{"line":25,"column":8},"end":{"line":28,"column":11}},"13":{"start":{"line":32,"column":6},"end":{"line":35,"column":9}},"14":{"start":{"line":39,"column":4},"end":{"line":39,"column":52}},"15":{"start":{"line":42,"column":0},"end":{"line":42,"column":30}}},"fnMap":{"0":{"name":"(anonymous_0)","decl":{"start":{"line":1,"column":24},"end":{"line":1,"column":25}},"loc":{"start":{"line":1,"column":44},"end":{"line":41,"column":1}},"line":1}},"branchMap":{"0":{"loc":{"start":{"line":4,"column":2},"end":{"line":7,"column":7}},"type":"if","locations":[{"start":{"line":4,"column":2},"end":{"line":7,"column":7}},{"start":{},"end":{}}],"line":4},"1":{"loc":{"start":{"line":4,"column":6},"end":{"line":5,"column":3}},"type":"binary-expr","locations":[{"start":{"line":4,"column":6},"end":{"line":4,"column":26}},{"start":{"line":4,"column":30},"end":{"line":5,"column":3}}],"line":4},"2":{"loc":{"start":{"line":9,"column":2},"end":{"line":40,"column":3}},"type":"if","locations":[{"start":{"line":9,"column":2},"end":{"line":40,"column":3}},{"start":{"line":37,"column":9},"end":{"line":40,"column":3}}],"line":9},"3":{"loc":{"start":{"line":9,"column":6},"end":{"line":9,"column":49}},"type":"binary-expr","locations":[{"start":{"line":9,"column":6},"end":{"line":9,"column":24}},{"start":{"line":9,"column":28},"end":{"line":9,"column":49}}],"line":9},"4":{"loc":{"start":{"line":11,"column":4},"end":{"line":17,"column":5}},"type":"if","locations":[{"start":{"line":11,"column":4},"end":{"line":17,"column":5}},{"start":{},"end":{}}],"line":11},"5":{"loc":{"start":{"line":20,"column":6},"end":{"line":29,"column":7}},"type":"if","locations":[{"start":{"line":20,"column":6},"end":{"line":29,"column":7}},{"start":{"line":23,"column":13},"end":{"line":29,"column":7}}],"line":20}},"s":{"0":1,"1":0,"2":0,"3":0,"4":0,"5":0,"6":0,"7":0,"8":0,"9":0,"10":0,"11":0,"12":0,"13":0,"14":0,"15":1},"f":{"0":0},"b":{"0":[0,0],"1":[0,0],"2":[0,0],"3":[0,0],"4":[0,0],"5":[0,0]},"_coverageSchema":"1a1c01bbd47fc00a2c39e90264f33305004495a9","hash":"6d6b1a2c242ae5a95a51e4f3b65283fcc5e83fff"}
,"C:\\Users\\houss\\OneDrive\\Bureau\\ynov\\CHY_PROJECT\\CHY_SERVER\\src\\middlewares\\isModerator.js": {"path":"C:\\Users\\houss\\OneDrive\\Bureau\\ynov\\CHY_PROJECT\\CHY_SERVER\\src\\middlewares\\isModerator.js","statementMap":{"0":{"start":{"line":1,"column":12},"end":{"line":1,"column":35}},"1":{"start":{"line":2,"column":20},"end":{"line":2,"column":44}},"2":{"start":{"line":3,"column":16},"end":{"line":3,"column":44}},"3":{"start":{"line":5,"column":0},"end":{"line":44,"column":2}},"4":{"start":{"line":7,"column":30},"end":{"line":7,"column":55}},"5":{"start":{"line":9,"column":2},"end":{"line":43,"column":3}},"6":{"start":{"line":11,"column":18},"end":{"line":11,"column":48}},"7":{"start":{"line":13,"column":4},"end":{"line":39,"column":5}},"8":{"start":{"line":14,"column":20},"end":{"line":14,"column":28}},"9":{"start":{"line":16,"column":6},"end":{"line":35,"column":9}},"10":{"start":{"line":17,"column":8},"end":{"line":23,"column":9}},"11":{"start":{"line":19,"column":10},"end":{"line":22,"column":13}},"12":{"start":{"line":24,"column":21},"end":{"line":24,"column":64}},"13":{"start":{"line":26,"column":10},"end":{"line":34,"column":9}},"14":{"start":{"line":27,"column":10},"end":{"line":27,"column":29}},"15":{"start":{"line":28,"column":10},"end":{"line":28,"column":17}},"16":{"start":{"line":30,"column":10},"end":{"line":33,"column":13}},"17":{"start":{"line":38,"column":6},"end":{"line":38,"column":57}},"18":{"start":{"line":42,"column":4},"end":{"line":42,"column":52}}},"fnMap":{"0":{"name":"(anonymous_0)","decl":{"start":{"line":5,"column":22},"end":{"line":5,"column":23}},"loc":{"start":{"line":5,"column":48},"end":{"line":44,"column":1}},"line":5},"1":{"name":"(anonymous_1)","decl":{"start":{"line":16,"column":52},"end":{"line":16,"column":53}},"loc":{"start":{"line":16,"column":76},"end":{"line":35,"column":7}},"line":16}},"branchMap":{"0":{"loc":{"start":{"line":9,"column":2},"end":{"line":43,"column":3}},"type":"if","locations":[{"start":{"line":9,"column":2},"end":{"line":43,"column":3}},{"start":{"line":40,"column":9},"end":{"line":43,"column":3}}],"line":9},"1":{"loc":{"start":{"line":13,"column":4},"end":{"line":39,"column":5}},"type":"if","locations":[{"start":{"line":13,"column":4},"end":{"line":39,"column":5}},{"start":{"line":36,"column":11},"end":{"line":39,"column":5}}],"line":13},"2":{"loc":{"start":{"line":13,"column":8},"end":{"line":13,"column":51}},"type":"binary-expr","locations":[{"start":{"line":13,"column":8},"end":{"line":13,"column":26}},{"start":{"line":13,"column":30},"end":{"line":13,"column":51}}],"line":13},"3":{"loc":{"start":{"line":17,"column":8},"end":{"line":23,"column":9}},"type":"if","locations":[{"start":{"line":17,"column":8},"end":{"line":23,"column":9}},{"start":{},"end":{}}],"line":17},"4":{"loc":{"start":{"line":26,"column":10},"end":{"line":34,"column":9}},"type":"if","locations":[{"start":{"line":26,"column":10},"end":{"line":34,"column":9}},{"start":{"line":29,"column":16},"end":{"line":34,"column":9}}],"line":26},"5":{"loc":{"start":{"line":26,"column":14},"end":{"line":26,"column":80}},"type":"binary-expr","locations":[{"start":{"line":26,"column":14},"end":{"line":26,"column":18}},{"start":{"line":26,"column":23},"end":{"line":26,"column":53}},{"start":{"line":26,"column":55},"end":{"line":26,"column":79}}],"line":26}},"s":{"0":1,"1":1,"2":1,"3":1,"4":0,"5":0,"6":0,"7":0,"8":0,"9":0,"10":0,"11":0,"12":0,"13":0,"14":0,"15":0,"16":0,"17":0,"18":0},"f":{"0":0,"1":0},"b":{"0":[0,0],"1":[0,0],"2":[0,0],"3":[0,0],"4":[0,0],"5":[0,0,0]},"_coverageSchema":"1a1c01bbd47fc00a2c39e90264f33305004495a9","hash":"f85599a99f8a7c1b10b3e7afa0a3638791490b68"}
,"C:\\Users\\houss\\OneDrive\\Bureau\\ynov\\CHY_PROJECT\\CHY_SERVER\\src\\middlewares\\multer.js": {"path":"C:\\Users\\houss\\OneDrive\\Bureau\\ynov\\CHY_PROJECT\\CHY_SERVER\\src\\middlewares\\multer.js","statementMap":{"0":{"start":{"line":1,"column":15},"end":{"line":1,"column":32}},"1":{"start":{"line":4,"column":22},"end":{"line":4,"column":44}},"2":{"start":{"line":5,"column":15},"end":{"line":5,"column":49}},"3":{"start":{"line":7,"column":25},"end":{"line":7,"column":110}},"4":{"start":{"line":9,"column":0},"end":{"line":9,"column":33}}},"fnMap":{},"branchMap":{},"s":{"0":1,"1":1,"2":1,"3":1,"4":1},"f":{},"b":{},"_coverageSchema":"1a1c01bbd47fc00a2c39e90264f33305004495a9","hash":"635d7a21cebbb170cd59caf2d51d1159012d4d29"}
,"C:\\Users\\houss\\OneDrive\\Bureau\\ynov\\CHY_PROJECT\\CHY_SERVER\\src\\middlewares\\sendEmail.js": {"path":"C:\\Users\\houss\\OneDrive\\Bureau\\ynov\\CHY_PROJECT\\CHY_SERVER\\src\\middlewares\\sendEmail.js","statementMap":{"0":{"start":{"line":1,"column":19},"end":{"line":1,"column":40}},"1":{"start":{"line":2,"column":12},"end":{"line":2,"column":26}},"2":{"start":{"line":3,"column":11},"end":{"line":3,"column":33}},"3":{"start":{"line":4,"column":0},"end":{"line":4,"column":27}},"4":{"start":{"line":6,"column":21},"end":{"line":9,"column":1}},"5":{"start":{"line":7,"column":19},"end":{"line":7,"column":59}},"6":{"start":{"line":8,"column":2},"end":{"line":8,"column":40}},"7":{"start":{"line":11,"column":0},"end":{"line":52,"column":2}},"8":{"start":{"line":12,"column":2},"end":{"line":51,"column":3}},"9":{"start":{"line":13,"column":25},"end":{"line":13,"column":63}},"10":{"start":{"line":14,"column":24},"end":{"line":20,"column":6}},"11":{"start":{"line":22,"column":24},"end":{"line":27,"column":5}},"12":{"start":{"line":30,"column":4},"end":{"line":44,"column":7}},"13":{"start":{"line":31,"column":6},"end":{"line":43,"column":9}},"14":{"start":{"line":32,"column":8},"end":{"line":42,"column":9}},"15":{"start":{"line":33,"column":10},"end":{"line":36,"column":13}},"16":{"start":{"line":38,"column":10},"end":{"line":41,"column":13}},"17":{"start":{"line":46,"column":4},"end":{"line":46,"column":25}},"18":{"start":{"line":47,"column":4},"end":{"line":50,"column":6}}},"fnMap":{"0":{"name":"(anonymous_0)","decl":{"start":{"line":6,"column":21},"end":{"line":6,"column":22}},"loc":{"start":{"line":6,"column":51},"end":{"line":9,"column":1}},"line":6},"1":{"name":"(anonymous_1)","decl":{"start":{"line":11,"column":20},"end":{"line":11,"column":21}},"loc":{"start":{"line":11,"column":40},"end":{"line":52,"column":1}},"line":11},"2":{"name":"(anonymous_2)","decl":{"start":{"line":30,"column":23},"end":{"line":30,"column":24}},"loc":{"start":{"line":30,"column":44},"end":{"line":44,"column":5}},"line":30},"3":{"name":"(anonymous_3)","decl":{"start":{"line":31,"column":40},"end":{"line":31,"column":41}},"loc":{"start":{"line":31,"column":57},"end":{"line":43,"column":7}},"line":31}},"branchMap":{"0":{"loc":{"start":{"line":32,"column":8},"end":{"line":42,"column":9}},"type":"if","locations":[{"start":{"line":32,"column":8},"end":{"line":42,"column":9}},{"start":{"line":37,"column":15},"end":{"line":42,"column":9}}],"line":32}},"s":{"0":1,"1":1,"2":1,"3":1,"4":1,"5":0,"6":0,"7":1,"8":0,"9":0,"10":0,"11":0,"12":0,"13":0,"14":0,"15":0,"16":0,"17":0,"18":0},"f":{"0":0,"1":0,"2":0,"3":0},"b":{"0":[0,0]},"_coverageSchema":"1a1c01bbd47fc00a2c39e90264f33305004495a9","hash":"2fb46dd267b970d7556aae24e67b158eba4e6a27"}
,"C:\\Users\\houss\\OneDrive\\Bureau\\ynov\\CHY_PROJECT\\CHY_SERVER\\src\\models\\Account.js": {"path":"C:\\Users\\houss\\OneDrive\\Bureau\\ynov\\CHY_PROJECT\\CHY_SERVER\\src\\models\\Account.js","statementMap":{"0":{"start":{"line":1,"column":24},"end":{"line":1,"column":43}},"1":{"start":{"line":2,"column":12},"end":{"line":2,"column":42}},"2":{"start":{"line":3,"column":22},"end":{"line":61,"column":2}},"3":{"start":{"line":64,"column":16},"end":{"line":64,"column":47}},"4":{"start":{"line":65,"column":0},"end":{"line":65,"column":25}}},"fnMap":{},"branchMap":{},"s":{"0":1,"1":1,"2":1,"3":1,"4":1},"f":{},"b":{},"_coverageSchema":"1a1c01bbd47fc00a2c39e90264f33305004495a9","hash":"5eab3ecdf957af38029e5dc2fdd377bf35e8787b"}
,"C:\\Users\\houss\\OneDrive\\Bureau\\ynov\\CHY_PROJECT\\CHY_SERVER\\src\\models\\Category.js": {"path":"C:\\Users\\houss\\OneDrive\\Bureau\\ynov\\CHY_PROJECT\\CHY_SERVER\\src\\models\\Category.js","statementMap":{"0":{"start":{"line":1,"column":23},"end":{"line":1,"column":42}},"1":{"start":{"line":3,"column":23},"end":{"line":28,"column":2}},"2":{"start":{"line":31,"column":17},"end":{"line":31,"column":50}},"3":{"start":{"line":32,"column":0},"end":{"line":32,"column":26}}},"fnMap":{},"branchMap":{},"s":{"0":1,"1":1,"2":1,"3":1},"f":{},"b":{},"_coverageSchema":"1a1c01bbd47fc00a2c39e90264f33305004495a9","hash":"cb52ba8906e39f33f95de860ec2d70f8c66d8134"}
,"C:\\Users\\houss\\OneDrive\\Bureau\\ynov\\CHY_PROJECT\\CHY_SERVER\\src\\models\\Notification.js": {"path":"C:\\Users\\houss\\OneDrive\\Bureau\\ynov\\CHY_PROJECT\\CHY_SERVER\\src\\models\\Notification.js","statementMap":{"0":{"start":{"line":1,"column":26},"end":{"line":1,"column":45}},"1":{"start":{"line":2,"column":16},"end":{"line":2,"column":36}},"2":{"start":{"line":3,"column":20},"end":{"line":24,"column":2}},"3":{"start":{"line":27,"column":21},"end":{"line":27,"column":55}},"4":{"start":{"line":28,"column":0},"end":{"line":28,"column":30}}},"fnMap":{},"branchMap":{},"s":{"0":1,"1":1,"2":1,"3":1,"4":1},"f":{},"b":{},"_coverageSchema":"1a1c01bbd47fc00a2c39e90264f33305004495a9","hash":"6e40eac3d65394f50336ebe6ed09ea7a306fdae8"}
,"C:\\Users\\houss\\OneDrive\\Bureau\\ynov\\CHY_PROJECT\\CHY_SERVER\\src\\models\\Offer.js": {"path":"C:\\Users\\houss\\OneDrive\\Bureau\\ynov\\CHY_PROJECT\\CHY_SERVER\\src\\models\\Offer.js","statementMap":{"0":{"start":{"line":1,"column":25},"end":{"line":1,"column":44}},"1":{"start":{"line":2,"column":16},"end":{"line":2,"column":36}},"2":{"start":{"line":3,"column":20},"end":{"line":36,"column":2}},"3":{"start":{"line":39,"column":14},"end":{"line":39,"column":41}},"4":{"start":{"line":40,"column":0},"end":{"line":40,"column":23}}},"fnMap":{},"branchMap":{},"s":{"0":1,"1":1,"2":1,"3":1,"4":1},"f":{},"b":{},"_coverageSchema":"1a1c01bbd47fc00a2c39e90264f33305004495a9","hash":"08a152c01f0634e1c80793075d9460a8ad5dbadd"}
,"C:\\Users\\houss\\OneDrive\\Bureau\\ynov\\CHY_PROJECT\\CHY_SERVER\\src\\models\\Order.js": {"path":"C:\\Users\\houss\\OneDrive\\Bureau\\ynov\\CHY_PROJECT\\CHY_SERVER\\src\\models\\Order.js","statementMap":{"0":{"start":{"line":1,"column":26},"end":{"line":1,"column":45}},"1":{"start":{"line":2,"column":16},"end":{"line":2,"column":36}},"2":{"start":{"line":3,"column":16},"end":{"line":3,"column":36}},"3":{"start":{"line":4,"column":24},"end":{"line":10,"column":1}},"4":{"start":{"line":12,"column":26},"end":{"line":17,"column":1}},"5":{"start":{"line":19,"column":20},"end":{"line":71,"column":2}},"6":{"start":{"line":74,"column":14},"end":{"line":74,"column":41}},"7":{"start":{"line":75,"column":0},"end":{"line":75,"column":23}}},"fnMap":{},"branchMap":{},"s":{"0":1,"1":1,"2":1,"3":1,"4":1,"5":1,"6":1,"7":1},"f":{},"b":{},"_coverageSchema":"1a1c01bbd47fc00a2c39e90264f33305004495a9","hash":"7c4e975b151bd283686ec9e70a50903a9200fca6"}
,"C:\\Users\\houss\\OneDrive\\Bureau\\ynov\\CHY_PROJECT\\CHY_SERVER\\src\\models\\Product.js": {"path":"C:\\Users\\houss\\OneDrive\\Bureau\\ynov\\CHY_PROJECT\\CHY_SERVER\\src\\models\\Product.js","statementMap":{"0":{"start":{"line":1,"column":23},"end":{"line":1,"column":42}},"1":{"start":{"line":3,"column":22},"end":{"line":24,"column":2}},"2":{"start":{"line":26,"column":21},"end":{"line":43,"column":2}},"3":{"start":{"line":45,"column":22},"end":{"line":121,"column":2}},"4":{"start":{"line":124,"column":16},"end":{"line":124,"column":47}},"5":{"start":{"line":125,"column":0},"end":{"line":125,"column":25}}},"fnMap":{},"branchMap":{},"s":{"0":1,"1":1,"2":1,"3":1,"4":1,"5":1},"f":{},"b":{},"_coverageSchema":"1a1c01bbd47fc00a2c39e90264f33305004495a9","hash":"f4db5acb3cd48bf31403525d67236a33dc61a10e"}
,"C:\\Users\\houss\\OneDrive\\Bureau\\ynov\\CHY_PROJECT\\CHY_SERVER\\src\\models\\Shipping.js": {"path":"C:\\Users\\houss\\OneDrive\\Bureau\\ynov\\CHY_PROJECT\\CHY_SERVER\\src\\models\\Shipping.js","statementMap":{"0":{"start":{"line":1,"column":25},"end":{"line":1,"column":44}},"1":{"start":{"line":3,"column":27},"end":{"line":3,"column":60}},"2":{"start":{"line":5,"column":23},"end":{"line":23,"column":2}},"3":{"start":{"line":26,"column":17},"end":{"line":26,"column":50}},"4":{"start":{"line":27,"column":0},"end":{"line":27,"column":26}}},"fnMap":{},"branchMap":{},"s":{"0":1,"1":1,"2":1,"3":1,"4":1},"f":{},"b":{},"_coverageSchema":"1a1c01bbd47fc00a2c39e90264f33305004495a9","hash":"da464e0def611859df436ccf0e5df7fc55ea8374"}
,"C:\\Users\\houss\\OneDrive\\Bureau\\ynov\\CHY_PROJECT\\CHY_SERVER\\src\\models\\Transaction.js": {"path":"C:\\Users\\houss\\OneDrive\\Bureau\\ynov\\CHY_PROJECT\\CHY_SERVER\\src\\models\\Transaction.js","statementMap":{"0":{"start":{"line":1,"column":23},"end":{"line":1,"column":42}},"1":{"start":{"line":2,"column":14},"end":{"line":2,"column":32}},"2":{"start":{"line":3,"column":12},"end":{"line":3,"column":32}},"3":{"start":{"line":4,"column":26},"end":{"line":31,"column":2}},"4":{"start":{"line":34,"column":20},"end":{"line":34,"column":59}},"5":{"start":{"line":35,"column":0},"end":{"line":35,"column":29}}},"fnMap":{},"branchMap":{},"s":{"0":1,"1":1,"2":1,"3":1,"4":1,"5":1},"f":{},"b":{},"_coverageSchema":"1a1c01bbd47fc00a2c39e90264f33305004495a9","hash":"31266aa9331ab53d92df1fdba6b43769266abe05"}
}
